[aerotraining@ip-172-31-50-28 ops2]$ ./update.sh 
Benchmark: 52.66.212.176 3000, namespace: ns1, set: testset, threads: 8, workload: READ_UPDATE
read: 50% (all bins: 100%, single bin: 0%), write: 50% (all bins: 100%, single bin: 0%)
keys: 10000, start key: 1, transactions: 0, bins: 1, random values: false, throughput: unlimited
read policy:
    socketTimeout: 30000, totalTimeout: 0, timeoutDelay: 0, maxRetries: 2, sleepBetweenRetries: 0
    readModeAP: ONE, readModeSC: SESSION, replica: SEQUENCE, reportNotFound: false
write policy:
    socketTimeout: 30000, totalTimeout: 0, timeoutDelay: 0, maxRetries: 0, sleepBetweenRetries: 0
    commitLevel: COMMIT_ALL
Sync: connPoolsPerNode: 1
bin[0]: string[30000]
debug: false
2019-05-31 04:51:37.870 INFO Thread main Add node BB95E259FF03202 52.66.212.176 3000
2019-05-31 04:51:38.786 INFO Thread main Add node BB99CD81DB90A02 13.232.231.62 3000
2019-05-31 04:51:40.612 write(tps=9 timeouts=0 errors=0) read(tps=7 timeouts=0 errors=0) total(tps=16 timeouts=0 errors=0)
2019-05-31 04:51:41.612 write(tps=21 timeouts=0 errors=0) read(tps=17 timeouts=0 errors=0) total(tps=38 timeouts=0 errors=0)
2019-05-31 04:51:42.613 write(tps=14 timeouts=0 errors=0) read(tps=21 timeouts=0 errors=0) total(tps=35 timeouts=0 errors=0)
2019-05-31 04:51:43.613 write(tps=20 timeouts=0 errors=0) read(tps=25 timeouts=0 errors=0) total(tps=45 timeouts=0 errors=0)
2019-05-31 04:51:44.614 write(tps=16 timeouts=0 errors=0) read(tps=20 timeouts=0 errors=0) total(tps=36 timeouts=0 errors=0)
2019-05-31 04:51:45.614 write(tps=22 timeouts=0 errors=0) read(tps=25 timeouts=0 errors=0) total(tps=47 timeouts=0 errors=0)
2019-05-31 04:51:46.615 write(tps=20 timeouts=0 errors=0) read(tps=17 timeouts=0 errors=0) total(tps=37 timeouts=0 errors=0)
2019-05-31 04:51:47.615 write(tps=22 timeouts=0 errors=0) read(tps=24 timeouts=0 errors=0) total(tps=46 timeouts=0 errors=0)
2019-05-31 04:51:48.615 write(tps=17 timeouts=0 errors=0) read(tps=20 timeouts=0 errors=0) total(tps=37 timeouts=0 errors=0)
2019-05-31 04:51:49.616 write(tps=19 timeouts=0 errors=0) read(tps=28 timeouts=0 errors=0) total(tps=47 timeouts=0 errors=0)
2019-05-31 04:51:50.616 write(tps=14 timeouts=0 errors=0) read(tps=23 timeouts=0 errors=0) total(tps=37 timeouts=0 errors=0)
2019-05-31 04:51:51.617 write(tps=22 timeouts=0 errors=0) read(tps=21 timeouts=0 errors=0) total(tps=43 timeouts=0 errors=0)
2019-05-31 04:51:52.617 write(tps=9 timeouts=0 errors=0) read(tps=27 timeouts=0 errors=0) total(tps=36 timeouts=0 errors=0)
2019-05-31 04:51:53.617 write(tps=24 timeouts=0 errors=0) read(tps=20 timeouts=0 errors=0) total(tps=44 timeouts=0 errors=0)
2019-05-31 04:51:54.618 write(tps=18 timeouts=0 errors=0) read(tps=20 timeouts=0 errors=0) total(tps=38 timeouts=0 errors=0)
2019-05-31 04:51:55.618 write(tps=16 timeouts=0 errors=0) read(tps=29 timeouts=0 errors=0) total(tps=45 timeouts=0 errors=0)
2019-05-31 04:51:56.619 write(tps=21 timeouts=0 errors=0) read(tps=14 timeouts=0 errors=0) total(tps=35 timeouts=0 errors=0)
2019-05-31 04:51:57.619 write(tps=23 timeouts=0 errors=0) read(tps=24 timeouts=0 errors=0) total(tps=47 timeouts=0 errors=0)
2019-05-31 04:51:58.620 write(tps=14 timeouts=0 errors=0) read(tps=21 timeouts=0 errors=0) total(tps=35 timeouts=0 errors=0)
2019-05-31 04:51:59.620 write(tps=26 timeouts=0 errors=0) read(tps=19 timeouts=0 errors=0) total(tps=45 timeouts=0 errors=0)
2019-05-31 04:52:00.620 write(tps=24 timeouts=0 errors=0) read(tps=12 timeouts=0 errors=0) total(tps=36 timeouts=0 errors=0)
2019-05-31 04:52:01.621 write(tps=17 timeouts=0 errors=0) read(tps=25 timeouts=0 errors=0) total(tps=42 timeouts=0 errors=0)
2019-05-31 04:52:02.621 write(tps=17 timeouts=0 errors=0) read(tps=18 timeouts=0 errors=0) total(tps=35 timeouts=0 errors=0)
2019-05-31 04:52:03.622 write(tps=23 timeouts=0 errors=0) read(tps=19 timeouts=0 errors=0) total(tps=42 timeouts=0 errors=0)
2019-05-31 04:52:04.622 write(tps=21 timeouts=0 errors=0) read(tps=16 timeouts=0 errors=0) total(tps=37 timeouts=0 errors=0)
2019-05-31 04:52:05.622 write(tps=24 timeouts=0 errors=0) read(tps=20 timeouts=0 errors=0) total(tps=44 timeouts=0 errors=0)
2019-05-31 04:52:06.623 write(tps=23 timeouts=0 errors=0) read(tps=15 timeouts=0 errors=0) total(tps=38 timeouts=0 errors=0)
2019-05-31 04:52:07.623 write(tps=19 timeouts=0 errors=0) read(tps=25 timeouts=0 errors=0) total(tps=44 timeouts=0 errors=0)
2019-05-31 04:52:08.624 write(tps=18 timeouts=0 errors=0) read(tps=18 timeouts=0 errors=0) total(tps=36 timeouts=0 errors=0)
2019-05-31 04:52:09.624 write(tps=24 timeouts=0 errors=0) read(tps=20 timeouts=0 errors=0) total(tps=44 timeouts=0 errors=0)
2019-05-31 04:52:10.624 write(tps=16 timeouts=0 errors=0) read(tps=21 timeouts=0 errors=0) total(tps=37 timeouts=0 errors=0)
2019-05-31 04:52:11.625 write(tps=22 timeouts=0 errors=0) read(tps=19 timeouts=0 errors=0) total(tps=41 timeouts=0 errors=0)
2019-05-31 04:52:12.625 write(tps=15 timeouts=0 errors=0) read(tps=27 timeouts=0 errors=0) total(tps=42 timeouts=0 errors=0)
2019-05-31 04:52:13.626 write(tps=19 timeouts=0 errors=0) read(tps=18 timeouts=0 errors=0) total(tps=37 timeouts=0 errors=0)
2019-05-31 04:52:14.626 write(tps=19 timeouts=0 errors=0) read(tps=22 timeouts=0 errors=0) total(tps=41 timeouts=0 errors=0)
2019-05-31 04:52:15.626 write(tps=22 timeouts=0 errors=0) read(tps=17 timeouts=0 errors=0) total(tps=39 timeouts=0 errors=0)
2019-05-31 04:52:16.627 write(tps=22 timeouts=0 errors=0) read(tps=19 timeouts=0 errors=0) total(tps=41 timeouts=0 errors=0)
2019-05-31 04:52:17.627 write(tps=21 timeouts=0 errors=0) read(tps=15 timeouts=0 errors=0) total(tps=36 timeouts=0 errors=0)
2019-05-31 04:52:18.628 write(tps=17 timeouts=0 errors=0) read(tps=25 timeouts=0 errors=0) total(tps=42 timeouts=0 errors=0)
2019-05-31 04:52:19.628 write(tps=14 timeouts=0 errors=0) read(tps=21 timeouts=0 errors=0) total(tps=35 timeouts=0 errors=0)
2019-05-31 04:52:20.628 write(tps=20 timeouts=0 errors=0) read(tps=22 timeouts=0 errors=0) total(tps=42 timeouts=0 errors=0)
2019-05-31 04:52:21.629 write(tps=18 timeouts=0 errors=0) read(tps=19 timeouts=0 errors=0) total(tps=37 timeouts=0 errors=0)
2019-05-31 04:52:22.629 write(tps=22 timeouts=0 errors=0) read(tps=16 timeouts=0 errors=0) total(tps=38 timeouts=0 errors=0)
2019-05-31 04:52:23.629 write(tps=17 timeouts=0 errors=0) read(tps=23 timeouts=0 errors=0) total(tps=40 timeouts=0 errors=0)
2019-05-31 04:52:24.630 write(tps=26 timeouts=0 errors=0) read(tps=17 timeouts=0 errors=0) total(tps=43 timeouts=0 errors=0)
2019-05-31 04:52:25.630 write(tps=23 timeouts=0 errors=0) read(tps=12 timeouts=0 errors=0) total(tps=35 timeouts=0 errors=0)
2019-05-31 04:52:26.630 write(tps=25 timeouts=0 errors=0) read(tps=19 timeouts=0 errors=0) total(tps=44 timeouts=0 errors=0)
2019-05-31 04:52:27.631 write(tps=14 timeouts=0 errors=0) read(tps=23 timeouts=0 errors=0) total(tps=37 timeouts=0 errors=0)
2019-05-31 04:52:28.631 write(tps=21 timeouts=0 errors=0) read(tps=18 timeouts=0 errors=0) total(tps=39 timeouts=0 errors=0)
2019-05-31 04:52:29.631 write(tps=13 timeouts=0 errors=0) read(tps=23 timeouts=0 errors=0) total(tps=36 timeouts=0 errors=0)
2019-05-31 04:52:30.632 write(tps=23 timeouts=0 errors=0) read(tps=18 timeouts=0 errors=0) total(tps=41 timeouts=0 errors=0)
2019-05-31 04:52:31.632 write(tps=17 timeouts=0 errors=0) read(tps=18 timeouts=0 errors=0) total(tps=35 timeouts=0 errors=0)
2019-05-31 04:52:32.633 write(tps=14 timeouts=0 errors=0) read(tps=27 timeouts=0 errors=0) total(tps=41 timeouts=0 errors=0)
2019-05-31 04:52:33.633 write(tps=18 timeouts=0 errors=0) read(tps=20 timeouts=0 errors=0) total(tps=38 timeouts=0 errors=0)
2019-05-31 04:52:34.633 write(tps=17 timeouts=0 errors=0) read(tps=23 timeouts=0 errors=0) total(tps=40 timeouts=0 errors=0)
2019-05-31 04:52:35.634 write(tps=20 timeouts=0 errors=0) read(tps=19 timeouts=0 errors=0) total(tps=39 timeouts=0 errors=0)
2019-05-31 04:52:36.634 write(tps=22 timeouts=0 errors=0) read(tps=23 timeouts=0 errors=0) total(tps=45 timeouts=0 errors=0)
2019-05-31 04:52:37.634 write(tps=14 timeouts=0 errors=0) read(tps=23 timeouts=0 errors=0) total(tps=37 timeouts=0 errors=0)
2019-05-31 04:52:38.635 write(tps=17 timeouts=0 errors=0) read(tps=24 timeouts=0 errors=0) total(tps=41 timeouts=0 errors=0)
2019-05-31 04:52:39.635 write(tps=15 timeouts=0 errors=0) read(tps=19 timeouts=0 errors=0) total(tps=34 timeouts=0 errors=0)
2019-05-31 04:52:40.635 write(tps=22 timeouts=0 errors=0) read(tps=20 timeouts=0 errors=0) total(tps=42 timeouts=0 errors=0)
2019-05-31 04:52:41.636 write(tps=21 timeouts=0 errors=0) read(tps=13 timeouts=0 errors=0) total(tps=34 timeouts=0 errors=0)
2019-05-31 04:52:42.636 write(tps=18 timeouts=0 errors=0) read(tps=23 timeouts=0 errors=0) total(tps=41 timeouts=0 errors=0)
2019-05-31 04:52:43.636 write(tps=17 timeouts=0 errors=0) read(tps=21 timeouts=0 errors=0) total(tps=38 timeouts=0 errors=0)
2019-05-31 04:52:44.637 write(tps=24 timeouts=0 errors=0) read(tps=19 timeouts=0 errors=0) total(tps=43 timeouts=0 errors=0)
2019-05-31 04:52:45.637 write(tps=20 timeouts=0 errors=0) read(tps=16 timeouts=0 errors=0) total(tps=36 timeouts=0 errors=0)
2019-05-31 04:52:46.637 write(tps=20 timeouts=0 errors=0) read(tps=22 timeouts=0 errors=0) total(tps=42 timeouts=0 errors=0)
2019-05-31 04:52:47.638 write(tps=15 timeouts=0 errors=0) read(tps=20 timeouts=0 errors=0) total(tps=35 timeouts=0 errors=0)
2019-05-31 04:52:48.638 write(tps=24 timeouts=0 errors=0) read(tps=18 timeouts=0 errors=0) total(tps=42 timeouts=0 errors=0)
2019-05-31 04:52:49.638 write(tps=16 timeouts=0 errors=0) read(tps=17 timeouts=0 errors=0) total(tps=33 timeouts=0 errors=0)
2019-05-31 04:52:50.639 write(tps=20 timeouts=0 errors=0) read(tps=22 timeouts=0 errors=0) total(tps=42 timeouts=0 errors=0)
2019-05-31 04:52:51.639 write(tps=23 timeouts=0 errors=0) read(tps=14 timeouts=0 errors=0) total(tps=37 timeouts=0 errors=0)
2019-05-31 04:52:52.639 write(tps=23 timeouts=0 errors=0) read(tps=19 timeouts=0 errors=0) total(tps=42 timeouts=0 errors=0)
2019-05-31 04:52:53.640 write(tps=14 timeouts=0 errors=0) read(tps=20 timeouts=0 errors=0) total(tps=34 timeouts=0 errors=0)
2019-05-31 04:52:54.640 write(tps=20 timeouts=0 errors=0) read(tps=21 timeouts=0 errors=0) total(tps=41 timeouts=0 errors=0)
2019-05-31 04:52:55.640 write(tps=22 timeouts=0 errors=0) read(tps=17 timeouts=0 errors=0) total(tps=39 timeouts=0 errors=0)
2019-05-31 04:52:56.641 write(tps=21 timeouts=0 errors=0) read(tps=19 timeouts=0 errors=0) total(tps=40 timeouts=0 errors=0)
2019-05-31 04:52:57.641 write(tps=17 timeouts=0 errors=0) read(tps=23 timeouts=0 errors=0) total(tps=40 timeouts=0 errors=0)
2019-05-31 04:52:58.641 write(tps=17 timeouts=0 errors=0) read(tps=21 timeouts=0 errors=0) total(tps=38 timeouts=0 errors=0)
2019-05-31 04:52:59.642 write(tps=18 timeouts=0 errors=0) read(tps=18 timeouts=0 errors=0) total(tps=36 timeouts=0 errors=0)
2019-05-31 04:53:00.642 write(tps=18 timeouts=0 errors=0) read(tps=17 timeouts=0 errors=0) total(tps=35 timeouts=0 errors=0)
2019-05-31 04:53:01.643 write(tps=21 timeouts=0 errors=0) read(tps=16 timeouts=0 errors=0) total(tps=37 timeouts=0 errors=0)
2019-05-31 04:53:02.643 write(tps=19 timeouts=0 errors=0) read(tps=21 timeouts=0 errors=0) total(tps=40 timeouts=0 errors=0)
2019-05-31 04:53:03.643 write(tps=16 timeouts=0 errors=0) read(tps=25 timeouts=0 errors=0) total(tps=41 timeouts=0 errors=0)
2019-05-31 04:53:04.644 write(tps=25 timeouts=0 errors=0) read(tps=15 timeouts=0 errors=0) total(tps=40 timeouts=0 errors=0)
2019-05-31 04:53:05.644 write(tps=22 timeouts=0 errors=0) read(tps=18 timeouts=0 errors=0) total(tps=40 timeouts=0 errors=0)
2019-05-31 04:53:06.644 write(tps=18 timeouts=0 errors=0) read(tps=18 timeouts=0 errors=0) total(tps=36 timeouts=0 errors=0)
2019-05-31 04:53:07.645 write(tps=23 timeouts=0 errors=0) read(tps=16 timeouts=0 errors=0) total(tps=39 timeouts=0 errors=0)
2019-05-31 04:53:08.645 write(tps=15 timeouts=0 errors=0) read(tps=20 timeouts=0 errors=0) total(tps=35 timeouts=0 errors=0)
2019-05-31 04:53:09.645 write(tps=21 timeouts=0 errors=0) read(tps=20 timeouts=0 errors=0) total(tps=41 timeouts=0 errors=0)
2019-05-31 04:53:10.646 write(tps=16 timeouts=0 errors=0) read(tps=22 timeouts=0 errors=0) total(tps=38 timeouts=0 errors=0)
2019-05-31 04:53:11.646 write(tps=25 timeouts=0 errors=0) read(tps=17 timeouts=0 errors=0) total(tps=42 timeouts=0 errors=0)
2019-05-31 04:53:12.646 write(tps=22 timeouts=0 errors=0) read(tps=15 timeouts=0 errors=0) total(tps=37 timeouts=0 errors=0)
2019-05-31 04:53:13.647 write(tps=13 timeouts=0 errors=0) read(tps=27 timeouts=0 errors=0) total(tps=40 timeouts=0 errors=0)
2019-05-31 04:53:14.647 write(tps=23 timeouts=0 errors=0) read(tps=16 timeouts=0 errors=0) total(tps=39 timeouts=0 errors=0)
2019-05-31 04:53:15.647 write(tps=23 timeouts=0 errors=0) read(tps=20 timeouts=0 errors=0) total(tps=43 timeouts=0 errors=0)
2019-05-31 04:53:16.648 write(tps=21 timeouts=0 errors=0) read(tps=18 timeouts=0 errors=0) total(tps=39 timeouts=0 errors=0)
2019-05-31 04:53:17.648 write(tps=21 timeouts=0 errors=0) read(tps=21 timeouts=0 errors=0) total(tps=42 timeouts=0 errors=0)
2019-05-31 04:53:18.648 write(tps=13 timeouts=0 errors=0) read(tps=20 timeouts=0 errors=0) total(tps=33 timeouts=0 errors=0)
2019-05-31 04:53:19.649 write(tps=24 timeouts=0 errors=0) read(tps=18 timeouts=0 errors=0) total(tps=42 timeouts=0 errors=0)
2019-05-31 04:53:20.649 write(tps=19 timeouts=0 errors=0) read(tps=19 timeouts=0 errors=0) total(tps=38 timeouts=0 errors=0)
2019-05-31 04:53:21.649 write(tps=19 timeouts=0 errors=0) read(tps=23 timeouts=0 errors=0) total(tps=42 timeouts=0 errors=0)
2019-05-31 04:53:22.650 write(tps=22 timeouts=0 errors=0) read(tps=16 timeouts=0 errors=0) total(tps=38 timeouts=0 errors=0)
2019-05-31 04:53:23.650 write(tps=19 timeouts=0 errors=0) read(tps=19 timeouts=0 errors=0) total(tps=38 timeouts=0 errors=0)
2019-05-31 04:53:24.650 write(tps=23 timeouts=0 errors=0) read(tps=15 timeouts=0 errors=0) total(tps=38 timeouts=0 errors=0)
2019-05-31 04:53:25.650 write(tps=15 timeouts=0 errors=0) read(tps=27 timeouts=0 errors=0) total(tps=42 timeouts=0 errors=0)
2019-05-31 04:53:26.651 write(tps=15 timeouts=0 errors=0) read(tps=16 timeouts=0 errors=0) total(tps=31 timeouts=0 errors=0)
2019-05-31 04:53:27.651 write(tps=22 timeouts=0 errors=0) read(tps=14 timeouts=0 errors=0) total(tps=36 timeouts=0 errors=0)
2019-05-31 04:53:28.651 write(tps=25 timeouts=0 errors=0) read(tps=13 timeouts=0 errors=0) total(tps=38 timeouts=0 errors=0)
2019-05-31 04:53:29.652 write(tps=17 timeouts=0 errors=0) read(tps=23 timeouts=0 errors=0) total(tps=40 timeouts=0 errors=0)
2019-05-31 04:53:30.652 write(tps=22 timeouts=0 errors=0) read(tps=16 timeouts=0 errors=0) total(tps=38 timeouts=0 errors=0)
2019-05-31 04:53:31.652 write(tps=17 timeouts=0 errors=0) read(tps=21 timeouts=0 errors=0) total(tps=38 timeouts=0 errors=0)
2019-05-31 04:53:32.653 write(tps=23 timeouts=0 errors=0) read(tps=20 timeouts=0 errors=0) total(tps=43 timeouts=0 errors=0)
2019-05-31 04:53:33.653 write(tps=17 timeouts=0 errors=0) read(tps=20 timeouts=0 errors=0) total(tps=37 timeouts=0 errors=0)
2019-05-31 04:53:34.653 write(tps=21 timeouts=0 errors=0) read(tps=19 timeouts=0 errors=0) total(tps=40 timeouts=0 errors=0)
2019-05-31 04:53:35.654 write(tps=22 timeouts=0 errors=0) read(tps=15 timeouts=0 errors=0) total(tps=37 timeouts=0 errors=0)
2019-05-31 04:53:36.654 write(tps=16 timeouts=0 errors=0) read(tps=24 timeouts=0 errors=0) total(tps=40 timeouts=0 errors=0)
2019-05-31 04:53:37.654 write(tps=19 timeouts=0 errors=0) read(tps=19 timeouts=0 errors=0) total(tps=38 timeouts=0 errors=0)
2019-05-31 04:53:38.654 write(tps=17 timeouts=0 errors=0) read(tps=24 timeouts=0 errors=0) total(tps=41 timeouts=0 errors=0)
^C[aerotraining@ip-172-31-50-28 ops2]$
