May 31 2019 04:51:22 GMT: INFO (as): (as.c:317) <><><><><><><><><><>  Aerospike Enterprise Edition build 4.5.3.2  <><><><><><><><><><>
May 31 2019 04:51:22 GMT: INFO (config): (cfg.c:4050) # Aerospike database configuration file.
May 31 2019 04:51:22 GMT: INFO (config): (cfg.c:4050) 
May 31 2019 04:51:22 GMT: INFO (config): (cfg.c:4050) service {
May 31 2019 04:51:22 GMT: INFO (config): (cfg.c:4050) 	user root
May 31 2019 04:51:22 GMT: INFO (config): (cfg.c:4050) 	group root
May 31 2019 04:51:22 GMT: INFO (config): (cfg.c:4050) 	paxos-single-replica-limit 1 # Number of nodes where the replica count is automatically reduced to 1.
May 31 2019 04:51:22 GMT: INFO (config): (cfg.c:4050) 	pidfile /var/run/aerospike/asd.pid
May 31 2019 04:51:22 GMT: INFO (config): (cfg.c:4050) 	service-threads 4
May 31 2019 04:51:22 GMT: INFO (config): (cfg.c:4050) 	transaction-queues 4
May 31 2019 04:51:22 GMT: INFO (config): (cfg.c:4050) 	transaction-threads-per-queue 4
May 31 2019 04:51:22 GMT: INFO (config): (cfg.c:4050) 	proto-fd-max 15000
May 31 2019 04:51:22 GMT: INFO (config): (cfg.c:4050) }
May 31 2019 04:51:22 GMT: INFO (config): (cfg.c:4050) 
May 31 2019 04:51:22 GMT: INFO (config): (cfg.c:4050) logging {
May 31 2019 04:51:22 GMT: INFO (config): (cfg.c:4050) 	# Log file must be an absolute path.
May 31 2019 04:51:22 GMT: INFO (config): (cfg.c:4050) 	file /var/log/aerospike/aerospike.log {
May 31 2019 04:51:22 GMT: INFO (config): (cfg.c:4050) 		context any info
May 31 2019 04:51:22 GMT: INFO (config): (cfg.c:4050) 	}
May 31 2019 04:51:22 GMT: INFO (config): (cfg.c:4050) }
May 31 2019 04:51:22 GMT: INFO (config): (cfg.c:4050) 
May 31 2019 04:51:22 GMT: INFO (config): (cfg.c:4050) network {
May 31 2019 04:51:22 GMT: INFO (config): (cfg.c:4050) 	service {
May 31 2019 04:51:22 GMT: INFO (config): (cfg.c:4050) 		address any
May 31 2019 04:51:22 GMT: INFO (config): (cfg.c:4050)                 access-address 13.232.231.62
May 31 2019 04:51:22 GMT: INFO (config): (cfg.c:4050) 		port 3000
May 31 2019 04:51:22 GMT: INFO (config): (cfg.c:4050) 	}
May 31 2019 04:51:22 GMT: INFO (config): (cfg.c:4050) 
May 31 2019 04:51:22 GMT: INFO (config): (cfg.c:4050) 	heartbeat {
May 31 2019 04:51:22 GMT: INFO (config): (cfg.c:4050)     mode mesh
May 31 2019 04:51:22 GMT: INFO (config): (cfg.c:4050)     port 3002
May 31 2019 04:51:22 GMT: INFO (config): (cfg.c:4050)     address any
May 31 2019 04:51:22 GMT: INFO (config): (cfg.c:4050) 
May 31 2019 04:51:22 GMT: INFO (config): (cfg.c:4050)     # To form a cluster, add Private IP of a node on AWS
May 31 2019 04:51:22 GMT: INFO (config): (cfg.c:4050)     # You can add multiple entries for mesh-seed-address-port
May 31 2019 04:51:22 GMT: INFO (config): (cfg.c:4050) 		mesh-seed-address-port 172.31.31.28 3002
May 31 2019 04:51:22 GMT: INFO (config): (cfg.c:4050) 
May 31 2019 04:51:22 GMT: INFO (config): (cfg.c:4050) 		interval 150
May 31 2019 04:51:22 GMT: INFO (config): (cfg.c:4050) 		timeout 10
May 31 2019 04:51:22 GMT: INFO (config): (cfg.c:4050) 	}
May 31 2019 04:51:22 GMT: INFO (config): (cfg.c:4050) 
May 31 2019 04:51:22 GMT: INFO (config): (cfg.c:4050) 	fabric {
May 31 2019 04:51:22 GMT: INFO (config): (cfg.c:4050) 		port 3001
May 31 2019 04:51:22 GMT: INFO (config): (cfg.c:4050) 	}
May 31 2019 04:51:22 GMT: INFO (config): (cfg.c:4050) 
May 31 2019 04:51:22 GMT: INFO (config): (cfg.c:4050) 	info {
May 31 2019 04:51:22 GMT: INFO (config): (cfg.c:4050) 		port 3003
May 31 2019 04:51:22 GMT: INFO (config): (cfg.c:4050) 	}
May 31 2019 04:51:22 GMT: INFO (config): (cfg.c:4050) }
May 31 2019 04:51:22 GMT: INFO (config): (cfg.c:4050) 
May 31 2019 04:51:22 GMT: INFO (config): (cfg.c:4050) #Note - space before { bracket. Important to have the space.
May 31 2019 04:51:22 GMT: INFO (config): (cfg.c:4050) namespace ns1 {
May 31 2019 04:51:22 GMT: INFO (config): (cfg.c:4050) 	replication-factor 2
May 31 2019 04:51:22 GMT: INFO (config): (cfg.c:4050) 	memory-size 100M
May 31 2019 04:51:22 GMT: INFO (config): (cfg.c:4050) 	default-ttl 30m # 30 minutes
May 31 2019 04:51:22 GMT: INFO (config): (cfg.c:4050) 
May 31 2019 04:51:22 GMT: INFO (config): (cfg.c:4050)         storage-engine device {
May 31 2019 04:51:22 GMT: INFO (config): (cfg.c:4050)   		file /opt/aerospike/data/ns1.dat
May 31 2019 04:51:22 GMT: INFO (config): (cfg.c:4050)   		filesize 1500M
May 31 2019 04:51:22 GMT: INFO (config): (cfg.c:4050)                 write-block-size 64K  # 1M is the default
May 31 2019 04:51:22 GMT: INFO (config): (cfg.c:4050)                 direct-files true
May 31 2019 04:51:22 GMT: INFO (config): (cfg.c:4050)   		data-in-memory false # Store data in memory in addition to file? false is also default.
May 31 2019 04:51:22 GMT: INFO (config): (cfg.c:4050)   	}
May 31 2019 04:51:22 GMT: INFO (config): (cfg.c:4050) }
May 31 2019 04:51:22 GMT: INFO (config): (features_ee.c:135) no feature key (/etc/aerospike/features.conf)
May 31 2019 04:51:22 GMT: INFO (config): (cfg.c:4073) system file descriptor limit: 100000, proto-fd-max: 15000
May 31 2019 04:51:22 GMT: INFO (hardware): (hardware.c:1990) detected 1 CPU(s), 1 core(s), 1 NUMA node(s)
May 31 2019 04:51:22 GMT: INFO (socket): (socket.c:2879) Node port 3001, node ID bb99cd81db90a02
May 31 2019 04:51:22 GMT: INFO (config): (cfg.c:4116) node-id bb99cd81db90a02
May 31 2019 04:51:22 GMT: INFO (smd): (smd.c:2320) no file '/opt/aerospike/smd/evict.smd' - starting empty
May 31 2019 04:51:22 GMT: INFO (drv_ssd): (drv_ssd_ee.c:836) {ns1} peek couldn't open file /opt/aerospike/data/ns1.dat: No such file or directory
May 31 2019 04:51:22 GMT: INFO (namespace): (namespace_ee.c:269) {ns1} found no stored data, will cold start
May 31 2019 04:51:22 GMT: INFO (namespace): (namespace_ee.c:377) {ns1} beginning cold start
May 31 2019 04:51:22 GMT: INFO (smd): (smd.c:2320) no file '/opt/aerospike/smd/roster.smd' - starting empty
May 31 2019 04:51:22 GMT: INFO (smd): (smd.c:2320) no file '/opt/aerospike/smd/truncate.smd' - starting empty
May 31 2019 04:51:22 GMT: INFO (smd): (smd.c:2320) no file '/opt/aerospike/smd/sindex.smd' - starting empty
May 31 2019 04:51:22 GMT: INFO (drv_ssd): (drv_ssd.c:3297) opened file /opt/aerospike/data/ns1.dat: usable size 1572864000
May 31 2019 04:51:22 GMT: INFO (drv_ssd): (drv_ssd.c:1057) /opt/aerospike/data/ns1.dat has 24000 wblocks of size 65536
May 31 2019 04:51:22 GMT: INFO (drv_ssd): (drv_ssd.c:2930) {ns1} found all 1 devices fresh, initializing to random 13854988462438798328
May 31 2019 04:51:22 GMT: INFO (drv_ssd): (drv_ssd.c:1025) {ns1} loading free & defrag queues
May 31 2019 04:51:22 GMT: INFO (drv_ssd): (drv_ssd.c:964) /opt/aerospike/data/ns1.dat init defrag profile: 0,0,0,0,0,0,0,0,0,0,0,0,0,0,0,0,0,0,0,0,0,0,0,0,0,0,0,0,0,0,0,0,0,0,0,0,0,0,0,0,0,0,0,0,0,0,0,0,0,0
May 31 2019 04:51:22 GMT: INFO (drv_ssd): (drv_ssd.c:1046) /opt/aerospike/data/ns1.dat init wblock free-q 23872, defrag-q 0
May 31 2019 04:51:22 GMT: INFO (drv_ssd): (drv_ssd.c:2181) {ns1} starting device maintenance threads
May 31 2019 04:51:22 GMT: INFO (drv_ssd): (drv_ssd.c:1490) {ns1} starting write threads
May 31 2019 04:51:22 GMT: INFO (drv_ssd): (drv_ssd.c:884) {ns1} starting defrag threads
May 31 2019 04:51:22 GMT: INFO (as): (as.c:376) initializing services...
May 31 2019 04:51:22 GMT: INFO (tsvc): (thr_tsvc.c:129) 4 transaction queues: starting 4 threads per queue
May 31 2019 04:51:22 GMT: INFO (hb): (hb.c:6806) added new mesh seed 172.31.31.28:3002
May 31 2019 04:51:22 GMT: INFO (fabric): (fabric.c:767) updated fabric published address list to {172.31.17.250:3001}
May 31 2019 04:51:22 GMT: INFO (partition): (partition_balance.c:201) {ns1} 4096 partitions: found 4096 absent, 0 stored
May 31 2019 04:51:22 GMT: INFO (hb): (hb.c:5525) updated heartbeat published address list to {172.31.17.250:3002}
May 31 2019 04:51:22 GMT: INFO (smd): (smd.c:2320) no file '/opt/aerospike/smd/UDF.smd' - starting empty
May 31 2019 04:51:22 GMT: INFO (batch): (batch.c:731) starting 1 batch-index-threads
May 31 2019 04:51:22 GMT: INFO (health): (health.c:319) starting health monitor thread
May 31 2019 04:51:22 GMT: INFO (fabric): (fabric.c:424) starting 8 fabric send threads
May 31 2019 04:51:22 GMT: INFO (fabric): (fabric.c:438) starting 16 fabric rw channel recv threads
May 31 2019 04:51:22 GMT: INFO (fabric): (fabric.c:438) starting 4 fabric ctrl channel recv threads
May 31 2019 04:51:22 GMT: INFO (fabric): (fabric.c:438) starting 4 fabric bulk channel recv threads
May 31 2019 04:51:22 GMT: INFO (fabric): (fabric.c:438) starting 4 fabric meta channel recv threads
May 31 2019 04:51:22 GMT: INFO (fabric): (fabric.c:444) starting fabric accept thread
May 31 2019 04:51:22 GMT: INFO (xdr): (xdr_serverside.c:596) XDR is not configured, not initializing XDR
May 31 2019 04:51:22 GMT: INFO (hb): (hb.c:7042) initializing mesh heartbeat socket: 0.0.0.0:3002
May 31 2019 04:51:22 GMT: INFO (hb): (hb.c:7071) mtu of the network is 9001
May 31 2019 04:51:22 GMT: INFO (hb): (socket.c:847) Started mesh heartbeat endpoint 0.0.0.0:3002
May 31 2019 04:51:22 GMT: INFO (hb): (socket.c:847) Started mesh heartbeat endpoint [::]:3002
May 31 2019 04:51:22 GMT: INFO (nsup): (nsup.c:212) starting namespace supervisor threads
May 31 2019 04:51:22 GMT: INFO (service): (service.c:646) starting reaper thread
May 31 2019 04:51:22 GMT: INFO (service): (socket.c:847) Started client endpoint 0.0.0.0:3000
May 31 2019 04:51:22 GMT: INFO (service): (socket.c:847) Started client endpoint [::]:3000
May 31 2019 04:51:22 GMT: INFO (service): (service.c:148) starting 4 service threads
May 31 2019 04:51:22 GMT: INFO (fabric): (socket.c:847) Started fabric endpoint 0.0.0.0:3001
May 31 2019 04:51:22 GMT: INFO (fabric): (socket.c:847) Started fabric endpoint [::]:3001
May 31 2019 04:51:22 GMT: INFO (service): (service.c:157) starting accept thread
May 31 2019 04:51:22 GMT: INFO (info-port): (thr_info_port.c:298) starting info port thread
May 31 2019 04:51:22 GMT: INFO (info-port): (socket.c:847) Started info endpoint 0.0.0.0:3003
May 31 2019 04:51:22 GMT: INFO (info-port): (socket.c:847) Started info endpoint [::]:3003
May 31 2019 04:51:22 GMT: INFO (drv_ssd): (drv_ssd_ee.c:1427) {ns1} starting tomb raider thread
May 31 2019 04:51:22 GMT: INFO (as): (as.c:421) service ready: soon there will be cake!
May 31 2019 04:51:22 GMT: INFO (clustering): (clustering.c:7260) accepted join request from node bb95e259ff03202
May 31 2019 04:51:22 GMT: INFO (hb): (hb.c:8642) node arrived bb95e259ff03202
May 31 2019 04:51:22 GMT: INFO (fabric): (fabric.c:2462) fabric: node bb95e259ff03202 arrived
May 31 2019 04:51:23 GMT: INFO (info): (thr_info.c:3195) Changing value of enable-benchmarks-read of ns ns1 from false to true
May 31 2019 04:51:23 GMT: INFO (info): (thr_info.c:3494) config-set command completed: params context=namespace;id=ns1;enable-benchmarks-read=true
May 31 2019 04:51:23 GMT: INFO (info): (thr_info.c:3266) Changing value of enable-benchmarks-write of ns ns1 from false to true
May 31 2019 04:51:23 GMT: INFO (info): (thr_info.c:3494) config-set command completed: params context=namespace;id=ns1;enable-benchmarks-write=true
May 31 2019 04:51:24 GMT: INFO (clustering): (clustering.c:6312) neighboring orphans for cluster formation: bb95e259ff03202
May 31 2019 04:51:24 GMT: INFO (clustering): (clustering.c:6316) pending join requests: bb95e259ff03202
May 31 2019 04:51:24 GMT: INFO (clustering): (clustering.c:6356) principal node - forming new cluster with succession list: bb99cd81db90a02 bb95e259ff03202
May 31 2019 04:51:24 GMT: INFO (clustering): (clustering.c:4627) paxos round started - cluster key: 6d7cfbd79699
May 31 2019 04:51:24 GMT: INFO (clustering): (clustering.c:4629) paxos round started - succession list: bb99cd81db90a02 bb95e259ff03202
May 31 2019 04:51:24 GMT: INFO (clustering): (clustering.c:5795) applied new cluster key 6d7cfbd79699
May 31 2019 04:51:24 GMT: INFO (clustering): (clustering.c:5797) applied new succession list bb99cd81db90a02 bb95e259ff03202
May 31 2019 04:51:24 GMT: INFO (clustering): (clustering.c:5799) applied cluster size 2
May 31 2019 04:51:24 GMT: INFO (exchange): (exchange.c:2315) data exchange started with cluster key 6d7cfbd79699
May 31 2019 04:51:24 GMT: INFO (info): (thr_info.c:3214) Changing value of enable-benchmarks-storage of ns ns1 from false to true
May 31 2019 04:51:24 GMT: INFO (info): (thr_info.c:3494) config-set command completed: params context=namespace;id=ns1;enable-benchmarks-storage=true
May 31 2019 04:51:24 GMT: INFO (exchange): (exchange.c:3191) received commit command from principal node bb99cd81db90a02
May 31 2019 04:51:24 GMT: INFO (exchange): (exchange.c:3154) data exchange completed with cluster key 6d7cfbd79699
May 31 2019 04:51:24 GMT: INFO (partition): (partition_balance.c:985) {ns1} replication factor is 2
May 31 2019 04:51:24 GMT: INFO (partition): (partition_balance.c:957) {ns1} rebalanced: expected-migrations (0,0,0) fresh-partitions 4096
May 31 2019 04:51:24 GMT: INFO (info): (thr_info.c:2532) Changing value of enable-benchmarks-svc to true
May 31 2019 04:51:24 GMT: INFO (info): (thr_info.c:3494) config-set command completed: params context=service;enable-benchmarks-svc=true
May 31 2019 04:51:25 GMT: INFO (info): (thr_info.c:3285) Changing value of enable-hist-proxy of ns ns1 from false to true
May 31 2019 04:51:25 GMT: INFO (info): (thr_info.c:3494) config-set command completed: params context=namespace;id=ns1;enable-hist-proxy=true
May 31 2019 04:51:32 GMT: INFO (info): (ticker.c:162) NODE-ID bb99cd81db90a02 CLUSTER-SIZE 2
May 31 2019 04:51:32 GMT: INFO (info): (ticker.c:243)    cluster-clock: skew-ms 0
May 31 2019 04:51:32 GMT: INFO (info): (ticker.c:270)    system-memory: free-kbytes 1934248 free-pct 94 heap-kbytes (82589,83248,143360) heap-efficiency-pct 57.6
May 31 2019 04:51:32 GMT: INFO (info): (ticker.c:282)    in-progress: tsvc-q 0 info-q 0 rw-hash 0 proxy-hash 0 tree-gc-q 0
May 31 2019 04:51:32 GMT: INFO (info): (ticker.c:303)    fds: proto (0,5,5) heartbeat (1,1,0) fabric (24,24,0)
May 31 2019 04:51:32 GMT: INFO (info): (ticker.c:311)    heartbeat-received: self 0 foreign 66
May 31 2019 04:51:32 GMT: INFO (info): (ticker.c:341)    fabric-bytes-per-second: bulk (4,4) ctrl (54,97) meta (2,7) rw (19,19)
May 31 2019 04:51:32 GMT: INFO (info): (hist.c:240) histogram dump: svc-demarshal (0 total) msec
May 31 2019 04:51:32 GMT: INFO (info): (hist.c:240) histogram dump: svc-queue (0 total) msec
May 31 2019 04:51:32 GMT: INFO (info): (ticker.c:399) {ns1} objects: all 0 master 0 prole 0 non-replica 0
May 31 2019 04:51:32 GMT: INFO (info): (ticker.c:457) {ns1} migrations: complete
May 31 2019 04:51:32 GMT: INFO (info): (ticker.c:484) {ns1} memory-usage: total-bytes 0 index-bytes 0 sindex-bytes 0 used-pct 0.00
May 31 2019 04:51:32 GMT: INFO (info): (ticker.c:545) {ns1} device-usage: used-bytes 0 avail-pct 99 cache-read-pct 0.00
May 31 2019 04:51:32 GMT: INFO (info): (hist.c:240) histogram dump: {ns1}-read-start (0 total) msec
May 31 2019 04:51:32 GMT: INFO (info): (hist.c:240) histogram dump: {ns1}-read-restart (0 total) msec
May 31 2019 04:51:32 GMT: INFO (info): (hist.c:240) histogram dump: {ns1}-read-dup-res (0 total) msec
May 31 2019 04:51:32 GMT: INFO (info): (hist.c:240) histogram dump: {ns1}-read-repl-ping (0 total) msec
May 31 2019 04:51:32 GMT: INFO (info): (hist.c:240) histogram dump: {ns1}-read-local (0 total) msec
May 31 2019 04:51:32 GMT: INFO (info): (hist.c:240) histogram dump: {ns1}-read-response (0 total) msec
May 31 2019 04:51:32 GMT: INFO (info): (hist.c:240) histogram dump: {ns1}-write-start (0 total) msec
May 31 2019 04:51:32 GMT: INFO (info): (hist.c:240) histogram dump: {ns1}-write-restart (0 total) msec
May 31 2019 04:51:32 GMT: INFO (info): (hist.c:240) histogram dump: {ns1}-write-dup-res (0 total) msec
May 31 2019 04:51:32 GMT: INFO (info): (hist.c:240) histogram dump: {ns1}-write-master (0 total) msec
May 31 2019 04:51:32 GMT: INFO (info): (hist.c:240) histogram dump: {ns1}-write-repl-write (0 total) msec
May 31 2019 04:51:32 GMT: INFO (info): (hist.c:240) histogram dump: {ns1}-write-response (0 total) msec
May 31 2019 04:51:32 GMT: INFO (info): (hist.c:240) histogram dump: {ns1}-proxy (0 total) msec
May 31 2019 04:51:32 GMT: INFO (info): (hist.c:240) histogram dump: {ns1}-device-read-size (0 total) bytes
May 31 2019 04:51:32 GMT: INFO (info): (hist.c:240) histogram dump: {ns1}-device-write-size (0 total) bytes
May 31 2019 04:51:32 GMT: INFO (info): (hist.c:240) histogram dump: {ns1}-/opt/aerospike/data/ns1.dat-read (0 total) msec
May 31 2019 04:51:32 GMT: INFO (info): (hist.c:240) histogram dump: {ns1}-/opt/aerospike/data/ns1.dat-large-block-read (0 total) msec
May 31 2019 04:51:32 GMT: INFO (info): (hist.c:240) histogram dump: {ns1}-/opt/aerospike/data/ns1.dat-write (0 total) msec
May 31 2019 04:51:42 GMT: INFO (drv_ssd): (drv_ssd.c:1911) {ns1} /opt/aerospike/data/ns1.dat: used-bytes 1443072 free-wblocks 23848 write-q 0 write (23,1.1) defrag-q 0 defrag-read (0,0.0) defrag-write (0,0.0)
May 31 2019 04:51:42 GMT: INFO (info): (ticker.c:162) NODE-ID bb99cd81db90a02 CLUSTER-SIZE 2
May 31 2019 04:51:42 GMT: INFO (info): (ticker.c:243)    cluster-clock: skew-ms 0
May 31 2019 04:51:42 GMT: INFO (info): (ticker.c:270)    system-memory: free-kbytes 1929392 free-pct 94 heap-kbytes (86455,87680,178176) heap-efficiency-pct 48.5
May 31 2019 04:51:42 GMT: INFO (info): (ticker.c:282)    in-progress: tsvc-q 0 info-q 0 rw-hash 0 proxy-hash 0 tree-gc-q 0
May 31 2019 04:51:42 GMT: INFO (info): (ticker.c:303)    fds: proto (8,13,5) heartbeat (1,1,0) fabric (24,24,0)
May 31 2019 04:51:42 GMT: INFO (info): (ticker.c:311)    heartbeat-received: self 0 foreign 133
May 31 2019 04:51:42 GMT: INFO (info): (ticker.c:341)    fabric-bytes-per-second: bulk (0,0) ctrl (0,0) meta (0,0) rw (75387,69380)
May 31 2019 04:51:42 GMT: INFO (info): (hist.c:240) histogram dump: svc-demarshal (50 total) msec
May 31 2019 04:51:42 GMT: INFO (info): (hist.c:266)  (00: 0000000040) (08: 0000000010)
May 31 2019 04:51:42 GMT: INFO (info): (hist.c:240) histogram dump: svc-queue (50 total) msec
May 31 2019 04:51:42 GMT: INFO (info): (hist.c:266)  (00: 0000000050)
May 31 2019 04:51:42 GMT: INFO (info): (ticker.c:399) {ns1} objects: all 48 master 25 prole 23 non-replica 0
May 31 2019 04:51:42 GMT: INFO (info): (ticker.c:457) {ns1} migrations: complete
May 31 2019 04:51:42 GMT: INFO (info): (ticker.c:484) {ns1} memory-usage: total-bytes 3072 index-bytes 3072 sindex-bytes 0 used-pct 0.00
May 31 2019 04:51:42 GMT: INFO (info): (ticker.c:545) {ns1} device-usage: used-bytes 1443072 avail-pct 99 cache-read-pct 0.00
May 31 2019 04:51:42 GMT: INFO (info): (ticker.c:595) {ns1} client: tsvc (0,0) proxy (0,0,0) read (0,0,0,25) write (25,0,0) delete (0,0,0,0) udf (0,0,0) lang (0,0,0,0)
May 31 2019 04:51:42 GMT: INFO (info): (hist.c:240) histogram dump: {ns1}-read (25 total) msec
May 31 2019 04:51:42 GMT: INFO (info): (hist.c:266)  (00: 0000000025)
May 31 2019 04:51:42 GMT: INFO (info): (hist.c:240) histogram dump: {ns1}-read-start (25 total) msec
May 31 2019 04:51:42 GMT: INFO (info): (hist.c:266)  (00: 0000000025)
May 31 2019 04:51:42 GMT: INFO (info): (hist.c:240) histogram dump: {ns1}-read-restart (0 total) msec
May 31 2019 04:51:42 GMT: INFO (info): (hist.c:240) histogram dump: {ns1}-read-dup-res (0 total) msec
May 31 2019 04:51:42 GMT: INFO (info): (hist.c:240) histogram dump: {ns1}-read-repl-ping (0 total) msec
May 31 2019 04:51:42 GMT: INFO (info): (hist.c:240) histogram dump: {ns1}-read-local (25 total) msec
May 31 2019 04:51:42 GMT: INFO (info): (hist.c:266)  (00: 0000000025)
May 31 2019 04:51:42 GMT: INFO (info): (hist.c:240) histogram dump: {ns1}-read-response (25 total) msec
May 31 2019 04:51:42 GMT: INFO (info): (hist.c:266)  (00: 0000000025)
May 31 2019 04:51:42 GMT: INFO (info): (hist.c:240) histogram dump: {ns1}-write (25 total) msec
May 31 2019 04:51:42 GMT: INFO (info): (hist.c:266)  (01: 0000000015) (08: 0000000010)
May 31 2019 04:51:42 GMT: INFO (info): (hist.c:240) histogram dump: {ns1}-write-start (25 total) msec
May 31 2019 04:51:42 GMT: INFO (info): (hist.c:266)  (00: 0000000015) (08: 0000000010)
May 31 2019 04:51:42 GMT: INFO (info): (hist.c:240) histogram dump: {ns1}-write-restart (0 total) msec
May 31 2019 04:51:42 GMT: INFO (info): (hist.c:240) histogram dump: {ns1}-write-dup-res (0 total) msec
May 31 2019 04:51:42 GMT: INFO (info): (hist.c:240) histogram dump: {ns1}-write-master (25 total) msec
May 31 2019 04:51:42 GMT: INFO (info): (hist.c:266)  (00: 0000000025)
May 31 2019 04:51:42 GMT: INFO (info): (hist.c:240) histogram dump: {ns1}-write-repl-write (25 total) msec
May 31 2019 04:51:42 GMT: INFO (info): (hist.c:266)  (00: 0000000021) (01: 0000000004)
May 31 2019 04:51:42 GMT: INFO (info): (hist.c:240) histogram dump: {ns1}-write-response (25 total) msec
May 31 2019 04:51:42 GMT: INFO (info): (hist.c:266)  (00: 0000000025)
May 31 2019 04:51:42 GMT: INFO (info): (hist.c:240) histogram dump: {ns1}-proxy (0 total) msec
May 31 2019 04:51:42 GMT: INFO (info): (hist.c:240) histogram dump: {ns1}-device-read-size (0 total) bytes
May 31 2019 04:51:42 GMT: INFO (info): (hist.c:240) histogram dump: {ns1}-device-write-size (48 total) bytes
May 31 2019 04:51:42 GMT: INFO (info): (hist.c:266)  (15: 0000000048)
May 31 2019 04:51:42 GMT: INFO (info): (hist.c:240) histogram dump: {ns1}-/opt/aerospike/data/ns1.dat-read (0 total) msec
May 31 2019 04:51:42 GMT: INFO (info): (hist.c:240) histogram dump: {ns1}-/opt/aerospike/data/ns1.dat-large-block-read (0 total) msec
May 31 2019 04:51:42 GMT: INFO (info): (hist.c:240) histogram dump: {ns1}-/opt/aerospike/data/ns1.dat-write (23 total) msec
May 31 2019 04:51:42 GMT: INFO (info): (hist.c:266)  (01: 0000000009) (02: 0000000014)
May 31 2019 04:51:52 GMT: INFO (info): (ticker.c:162) NODE-ID bb99cd81db90a02 CLUSTER-SIZE 2
May 31 2019 04:51:52 GMT: INFO (info): (ticker.c:243)    cluster-clock: skew-ms 0
May 31 2019 04:51:52 GMT: INFO (info): (ticker.c:270)    system-memory: free-kbytes 1921712 free-pct 94 heap-kbytes (92399,94268,184320) heap-efficiency-pct 50.1
May 31 2019 04:51:52 GMT: INFO (info): (ticker.c:282)    in-progress: tsvc-q 0 info-q 0 rw-hash 0 proxy-hash 0 tree-gc-q 0
May 31 2019 04:51:52 GMT: INFO (info): (ticker.c:303)    fds: proto (9,14,5) heartbeat (1,1,0) fabric (24,24,0)
May 31 2019 04:51:52 GMT: INFO (info): (ticker.c:311)    heartbeat-received: self 0 foreign 200
May 31 2019 04:51:52 GMT: INFO (info): (ticker.c:341)    fabric-bytes-per-second: bulk (0,0) ctrl (0,0) meta (0,0) rw (271452,277459)
May 31 2019 04:51:52 GMT: INFO (info): (hist.c:240) histogram dump: svc-demarshal (263 total) msec
May 31 2019 04:51:52 GMT: INFO (info): (hist.c:266)  (00: 0000000239) (08: 0000000024)
May 31 2019 04:51:52 GMT: INFO (info): (hist.c:240) histogram dump: svc-queue (263 total) msec
May 31 2019 04:51:52 GMT: INFO (info): (hist.c:266)  (00: 0000000263)
May 31 2019 04:51:52 GMT: INFO (info): (ticker.c:399) {ns1} objects: all 229 master 114 prole 115 non-replica 0
May 31 2019 04:51:52 GMT: INFO (info): (ticker.c:457) {ns1} migrations: complete
May 31 2019 04:51:52 GMT: INFO (info): (ticker.c:484) {ns1} memory-usage: total-bytes 14656 index-bytes 14656 sindex-bytes 0 used-pct 0.01
May 31 2019 04:51:52 GMT: INFO (info): (ticker.c:545) {ns1} device-usage: used-bytes 6884656 avail-pct 98 cache-read-pct 100.00
May 31 2019 04:51:52 GMT: INFO (info): (ticker.c:595) {ns1} client: tsvc (0,0) proxy (0,0,0) read (1,0,0,147) write (115,0,0) delete (0,0,0,0) udf (0,0,0) lang (0,0,0,0)
May 31 2019 04:51:52 GMT: INFO (info): (hist.c:240) histogram dump: {ns1}-read (148 total) msec
May 31 2019 04:51:52 GMT: INFO (info): (hist.c:266)  (00: 0000000148)
May 31 2019 04:51:52 GMT: INFO (info): (hist.c:240) histogram dump: {ns1}-read-start (148 total) msec
May 31 2019 04:51:52 GMT: INFO (info): (hist.c:266)  (00: 0000000148)
May 31 2019 04:51:52 GMT: INFO (info): (hist.c:240) histogram dump: {ns1}-read-restart (0 total) msec
May 31 2019 04:51:52 GMT: INFO (info): (hist.c:240) histogram dump: {ns1}-read-dup-res (0 total) msec
May 31 2019 04:51:52 GMT: INFO (info): (hist.c:240) histogram dump: {ns1}-read-repl-ping (0 total) msec
May 31 2019 04:51:52 GMT: INFO (info): (hist.c:240) histogram dump: {ns1}-read-local (148 total) msec
May 31 2019 04:51:52 GMT: INFO (info): (hist.c:266)  (00: 0000000148)
May 31 2019 04:51:52 GMT: INFO (info): (hist.c:240) histogram dump: {ns1}-read-response (148 total) msec
May 31 2019 04:51:52 GMT: INFO (info): (hist.c:266)  (00: 0000000148)
May 31 2019 04:51:52 GMT: INFO (info): (hist.c:240) histogram dump: {ns1}-write (115 total) msec
May 31 2019 04:51:52 GMT: INFO (info): (hist.c:257)  (00: 0000000040) (01: 0000000048) (02: 0000000003) (08: 0000000024)
May 31 2019 04:51:52 GMT: INFO (info): (hist.c:240) histogram dump: {ns1}-write-start (115 total) msec
May 31 2019 04:51:52 GMT: INFO (info): (hist.c:266)  (00: 0000000091) (08: 0000000024)
May 31 2019 04:51:52 GMT: INFO (info): (hist.c:240) histogram dump: {ns1}-write-restart (0 total) msec
May 31 2019 04:51:52 GMT: INFO (info): (hist.c:240) histogram dump: {ns1}-write-dup-res (0 total) msec
May 31 2019 04:51:52 GMT: INFO (info): (hist.c:240) histogram dump: {ns1}-write-master (115 total) msec
May 31 2019 04:51:52 GMT: INFO (info): (hist.c:266)  (00: 0000000115)
May 31 2019 04:51:52 GMT: INFO (info): (hist.c:240) histogram dump: {ns1}-write-repl-write (115 total) msec
May 31 2019 04:51:52 GMT: INFO (info): (hist.c:266)  (00: 0000000104) (01: 0000000010) (02: 0000000001)
May 31 2019 04:51:52 GMT: INFO (info): (hist.c:240) histogram dump: {ns1}-write-response (115 total) msec
May 31 2019 04:51:52 GMT: INFO (info): (hist.c:266)  (00: 0000000115)
May 31 2019 04:51:52 GMT: INFO (info): (hist.c:240) histogram dump: {ns1}-proxy (0 total) msec
May 31 2019 04:51:52 GMT: INFO (info): (hist.c:240) histogram dump: {ns1}-device-read-size (0 total) bytes
May 31 2019 04:51:52 GMT: INFO (info): (hist.c:240) histogram dump: {ns1}-device-write-size (230 total) bytes
May 31 2019 04:51:52 GMT: INFO (info): (hist.c:266)  (15: 0000000230)
May 31 2019 04:51:52 GMT: INFO (info): (hist.c:240) histogram dump: {ns1}-/opt/aerospike/data/ns1.dat-read (0 total) msec
May 31 2019 04:51:52 GMT: INFO (info): (hist.c:240) histogram dump: {ns1}-/opt/aerospike/data/ns1.dat-large-block-read (0 total) msec
May 31 2019 04:51:52 GMT: INFO (info): (hist.c:240) histogram dump: {ns1}-/opt/aerospike/data/ns1.dat-write (114 total) msec
May 31 2019 04:51:52 GMT: INFO (info): (hist.c:257)  (01: 0000000046) (02: 0000000066) (03: 0000000001) (04: 0000000001)
May 31 2019 04:52:02 GMT: INFO (drv_ssd): (drv_ssd.c:1911) {ns1} /opt/aerospike/data/ns1.dat: used-bytes 12687008 free-wblocks 23657 write-q 0 write (214,9.6) defrag-q 0 defrag-read (0,0.0) defrag-write (0,0.0)
May 31 2019 04:52:02 GMT: INFO (info): (ticker.c:162) NODE-ID bb99cd81db90a02 CLUSTER-SIZE 2
May 31 2019 04:52:02 GMT: INFO (info): (ticker.c:243)    cluster-clock: skew-ms 0
May 31 2019 04:52:02 GMT: INFO (info): (ticker.c:270)    system-memory: free-kbytes 1911656 free-pct 93 heap-kbytes (99512,101804,190464) heap-efficiency-pct 52.2
May 31 2019 04:52:02 GMT: INFO (info): (ticker.c:282)    in-progress: tsvc-q 0 info-q 0 rw-hash 0 proxy-hash 0 tree-gc-q 0
May 31 2019 04:52:02 GMT: INFO (info): (ticker.c:303)    fds: proto (9,14,5) heartbeat (1,1,0) fabric (24,24,0)
May 31 2019 04:52:02 GMT: INFO (info): (ticker.c:311)    heartbeat-received: self 0 foreign 266
May 31 2019 04:52:02 GMT: INFO (info): (ticker.c:341)    fabric-bytes-per-second: bulk (0,0) ctrl (0,0) meta (0,0) rw (307601,292582)
May 31 2019 04:52:02 GMT: INFO (info): (hist.c:240) histogram dump: svc-demarshal (479 total) msec
May 31 2019 04:52:02 GMT: INFO (info): (hist.c:257)  (00: 0000000437) (01: 0000000001) (03: 0000000003) (04: 0000000001)
May 31 2019 04:52:02 GMT: INFO (info): (hist.c:266)  (08: 0000000037)
May 31 2019 04:52:02 GMT: INFO (info): (hist.c:240) histogram dump: svc-queue (479 total) msec
May 31 2019 04:52:02 GMT: INFO (info): (hist.c:266)  (00: 0000000479)
May 31 2019 04:52:02 GMT: INFO (info): (ticker.c:399) {ns1} objects: all 422 master 213 prole 209 non-replica 0
May 31 2019 04:52:02 GMT: INFO (info): (ticker.c:457) {ns1} migrations: complete
May 31 2019 04:52:02 GMT: INFO (info): (ticker.c:484) {ns1} memory-usage: total-bytes 27008 index-bytes 27008 sindex-bytes 0 used-pct 0.03
May 31 2019 04:52:02 GMT: INFO (info): (ticker.c:545) {ns1} device-usage: used-bytes 12687008 avail-pct 98 cache-read-pct 100.00
May 31 2019 04:52:02 GMT: INFO (info): (ticker.c:595) {ns1} client: tsvc (0,0) proxy (0,0,0) read (8,0,0,254) write (217,0,0) delete (0,0,0,0) udf (0,0,0) lang (0,0,0,0)
May 31 2019 04:52:02 GMT: INFO (info): (hist.c:240) histogram dump: {ns1}-read (262 total) msec
May 31 2019 04:52:02 GMT: INFO (info): (hist.c:266)  (00: 0000000262)
May 31 2019 04:52:02 GMT: INFO (info): (hist.c:240) histogram dump: {ns1}-read-start (262 total) msec
May 31 2019 04:52:02 GMT: INFO (info): (hist.c:266)  (00: 0000000262)
May 31 2019 04:52:02 GMT: INFO (info): (hist.c:240) histogram dump: {ns1}-read-restart (0 total) msec
May 31 2019 04:52:02 GMT: INFO (info): (hist.c:240) histogram dump: {ns1}-read-dup-res (0 total) msec
May 31 2019 04:52:02 GMT: INFO (info): (hist.c:240) histogram dump: {ns1}-read-repl-ping (0 total) msec
May 31 2019 04:52:02 GMT: INFO (info): (hist.c:240) histogram dump: {ns1}-read-local (262 total) msec
May 31 2019 04:52:02 GMT: INFO (info): (hist.c:266)  (00: 0000000262)
May 31 2019 04:52:02 GMT: INFO (info): (hist.c:240) histogram dump: {ns1}-read-response (262 total) msec
May 31 2019 04:52:02 GMT: INFO (info): (hist.c:266)  (00: 0000000262)
May 31 2019 04:52:02 GMT: INFO (info): (hist.c:240) histogram dump: {ns1}-write (217 total) msec
May 31 2019 04:52:02 GMT: INFO (info): (hist.c:257)  (00: 0000000073) (01: 0000000092) (02: 0000000011) (03: 0000000002)
May 31 2019 04:52:02 GMT: INFO (info): (hist.c:266)  (04: 0000000002) (08: 0000000037)
May 31 2019 04:52:02 GMT: INFO (info): (hist.c:240) histogram dump: {ns1}-write-start (217 total) msec
May 31 2019 04:52:02 GMT: INFO (info): (hist.c:257)  (00: 0000000175) (01: 0000000001) (03: 0000000003) (04: 0000000001)
May 31 2019 04:52:02 GMT: INFO (info): (hist.c:266)  (08: 0000000037)
May 31 2019 04:52:02 GMT: INFO (info): (hist.c:240) histogram dump: {ns1}-write-restart (0 total) msec
May 31 2019 04:52:02 GMT: INFO (info): (hist.c:240) histogram dump: {ns1}-write-dup-res (0 total) msec
May 31 2019 04:52:02 GMT: INFO (info): (hist.c:240) histogram dump: {ns1}-write-master (217 total) msec
May 31 2019 04:52:02 GMT: INFO (info): (hist.c:266)  (00: 0000000217)
May 31 2019 04:52:02 GMT: INFO (info): (hist.c:240) histogram dump: {ns1}-write-repl-write (217 total) msec
May 31 2019 04:52:02 GMT: INFO (info): (hist.c:266)  (00: 0000000191) (01: 0000000021) (02: 0000000005)
May 31 2019 04:52:02 GMT: INFO (info): (hist.c:240) histogram dump: {ns1}-write-response (217 total) msec
May 31 2019 04:52:02 GMT: INFO (info): (hist.c:266)  (00: 0000000217)
May 31 2019 04:52:02 GMT: INFO (info): (hist.c:240) histogram dump: {ns1}-proxy (0 total) msec
May 31 2019 04:52:02 GMT: INFO (info): (hist.c:240) histogram dump: {ns1}-device-read-size (0 total) bytes
May 31 2019 04:52:02 GMT: INFO (info): (hist.c:240) histogram dump: {ns1}-device-write-size (429 total) bytes
May 31 2019 04:52:02 GMT: INFO (info): (hist.c:266)  (15: 0000000429)
May 31 2019 04:52:02 GMT: INFO (info): (hist.c:240) histogram dump: {ns1}-/opt/aerospike/data/ns1.dat-read (0 total) msec
May 31 2019 04:52:02 GMT: INFO (info): (hist.c:240) histogram dump: {ns1}-/opt/aerospike/data/ns1.dat-large-block-read (0 total) msec
May 31 2019 04:52:02 GMT: INFO (info): (hist.c:240) histogram dump: {ns1}-/opt/aerospike/data/ns1.dat-write (214 total) msec
May 31 2019 04:52:02 GMT: INFO (info): (hist.c:257)  (01: 0000000066) (02: 0000000145) (03: 0000000002) (04: 0000000001)
May 31 2019 04:52:12 GMT: INFO (info): (ticker.c:162) NODE-ID bb99cd81db90a02 CLUSTER-SIZE 2
May 31 2019 04:52:12 GMT: INFO (info): (ticker.c:243)    cluster-clock: skew-ms 0
May 31 2019 04:52:12 GMT: INFO (info): (ticker.c:270)    system-memory: free-kbytes 1907844 free-pct 93 heap-kbytes (102221,104732,192512) heap-efficiency-pct 53.1
May 31 2019 04:52:12 GMT: INFO (info): (ticker.c:282)    in-progress: tsvc-q 0 info-q 0 rw-hash 0 proxy-hash 0 tree-gc-q 0
May 31 2019 04:52:12 GMT: INFO (info): (ticker.c:303)    fds: proto (9,14,5) heartbeat (1,1,0) fabric (24,24,0)
May 31 2019 04:52:12 GMT: INFO (info): (ticker.c:311)    heartbeat-received: self 0 foreign 333
May 31 2019 04:52:12 GMT: INFO (info): (ticker.c:341)    fabric-bytes-per-second: bulk (0,0) ctrl (0,0) meta (0,0) rw (313645,304634)
May 31 2019 04:52:12 GMT: INFO (info): (hist.c:240) histogram dump: svc-demarshal (682 total) msec
May 31 2019 04:52:12 GMT: INFO (info): (hist.c:257)  (00: 0000000627) (01: 0000000002) (03: 0000000003) (04: 0000000001)
May 31 2019 04:52:12 GMT: INFO (info): (hist.c:266)  (08: 0000000049)
May 31 2019 04:52:12 GMT: INFO (info): (hist.c:240) histogram dump: svc-queue (682 total) msec
May 31 2019 04:52:12 GMT: INFO (info): (hist.c:266)  (00: 0000000682)
May 31 2019 04:52:12 GMT: INFO (info): (ticker.c:399) {ns1} objects: all 618 master 312 prole 306 non-replica 0
May 31 2019 04:52:12 GMT: INFO (info): (ticker.c:457) {ns1} migrations: complete
May 31 2019 04:52:12 GMT: INFO (info): (ticker.c:484) {ns1} memory-usage: total-bytes 39552 index-bytes 39552 sindex-bytes 0 used-pct 0.04
May 31 2019 04:52:12 GMT: INFO (info): (ticker.c:545) {ns1} device-usage: used-bytes 18579552 avail-pct 98 cache-read-pct 87.50
May 31 2019 04:52:12 GMT: INFO (info): (ticker.c:595) {ns1} client: tsvc (0,0) proxy (0,0,0) read (11,0,0,350) write (321,0,0) delete (0,0,0,0) udf (0,0,0) lang (0,0,0,0)
May 31 2019 04:52:12 GMT: INFO (info): (hist.c:240) histogram dump: {ns1}-read (361 total) msec
May 31 2019 04:52:12 GMT: INFO (info): (hist.c:266)  (00: 0000000361)
May 31 2019 04:52:12 GMT: INFO (info): (hist.c:240) histogram dump: {ns1}-read-start (361 total) msec
May 31 2019 04:52:12 GMT: INFO (info): (hist.c:266)  (00: 0000000361)
May 31 2019 04:52:12 GMT: INFO (info): (hist.c:240) histogram dump: {ns1}-read-restart (0 total) msec
May 31 2019 04:52:12 GMT: INFO (info): (hist.c:240) histogram dump: {ns1}-read-dup-res (0 total) msec
May 31 2019 04:52:12 GMT: INFO (info): (hist.c:240) histogram dump: {ns1}-read-repl-ping (0 total) msec
May 31 2019 04:52:12 GMT: INFO (info): (hist.c:240) histogram dump: {ns1}-read-local (361 total) msec
May 31 2019 04:52:12 GMT: INFO (info): (hist.c:266)  (00: 0000000361)
May 31 2019 04:52:12 GMT: INFO (info): (hist.c:240) histogram dump: {ns1}-read-response (361 total) msec
May 31 2019 04:52:12 GMT: INFO (info): (hist.c:266)  (00: 0000000361)
May 31 2019 04:52:12 GMT: INFO (info): (hist.c:240) histogram dump: {ns1}-write (321 total) msec
May 31 2019 04:52:12 GMT: INFO (info): (hist.c:257)  (00: 0000000097) (01: 0000000156) (02: 0000000015) (03: 0000000002)
May 31 2019 04:52:12 GMT: INFO (info): (hist.c:266)  (04: 0000000002) (08: 0000000049)
May 31 2019 04:52:12 GMT: INFO (info): (hist.c:240) histogram dump: {ns1}-write-start (321 total) msec
May 31 2019 04:52:12 GMT: INFO (info): (hist.c:257)  (00: 0000000266) (01: 0000000002) (03: 0000000003) (04: 0000000001)
May 31 2019 04:52:12 GMT: INFO (info): (hist.c:266)  (08: 0000000049)
May 31 2019 04:52:12 GMT: INFO (info): (hist.c:240) histogram dump: {ns1}-write-restart (0 total) msec
May 31 2019 04:52:12 GMT: INFO (info): (hist.c:240) histogram dump: {ns1}-write-dup-res (0 total) msec
May 31 2019 04:52:12 GMT: INFO (info): (hist.c:240) histogram dump: {ns1}-write-master (321 total) msec
May 31 2019 04:52:12 GMT: INFO (info): (hist.c:266)  (00: 0000000321)
May 31 2019 04:52:12 GMT: INFO (info): (hist.c:240) histogram dump: {ns1}-write-repl-write (321 total) msec
May 31 2019 04:52:12 GMT: INFO (info): (hist.c:266)  (00: 0000000285) (01: 0000000027) (02: 0000000009)
May 31 2019 04:52:12 GMT: INFO (info): (hist.c:240) histogram dump: {ns1}-write-response (321 total) msec
May 31 2019 04:52:12 GMT: INFO (info): (hist.c:266)  (00: 0000000321)
May 31 2019 04:52:12 GMT: INFO (info): (hist.c:240) histogram dump: {ns1}-proxy (0 total) msec
May 31 2019 04:52:12 GMT: INFO (info): (hist.c:240) histogram dump: {ns1}-device-read-size (1 total) bytes
May 31 2019 04:52:12 GMT: INFO (info): (hist.c:266)  (15: 0000000001)
May 31 2019 04:52:12 GMT: INFO (info): (hist.c:240) histogram dump: {ns1}-device-write-size (634 total) bytes
May 31 2019 04:52:12 GMT: INFO (info): (hist.c:266)  (15: 0000000634)
May 31 2019 04:52:12 GMT: INFO (info): (hist.c:240) histogram dump: {ns1}-/opt/aerospike/data/ns1.dat-read (1 total) msec
May 31 2019 04:52:12 GMT: INFO (info): (hist.c:266)  (00: 0000000001)
May 31 2019 04:52:12 GMT: INFO (info): (hist.c:240) histogram dump: {ns1}-/opt/aerospike/data/ns1.dat-large-block-read (3 total) msec
May 31 2019 04:52:12 GMT: INFO (info): (hist.c:266)  (00: 0000000002) (01: 0000000001)
May 31 2019 04:52:12 GMT: INFO (info): (hist.c:240) histogram dump: {ns1}-/opt/aerospike/data/ns1.dat-write (319 total) msec
May 31 2019 04:52:12 GMT: INFO (info): (hist.c:257)  (00: 0000000001) (01: 0000000091) (02: 0000000224) (03: 0000000002)
May 31 2019 04:52:12 GMT: INFO (info): (hist.c:266)  (04: 0000000001)
May 31 2019 04:52:22 GMT: INFO (drv_ssd): (drv_ssd.c:1911) {ns1} /opt/aerospike/data/ns1.dat: used-bytes 24141392 free-wblocks 23463 write-q 0 write (421,10.4) defrag-q 0 defrag-read (16,0.8) defrag-write (7,0.3)
May 31 2019 04:52:22 GMT: INFO (info): (ticker.c:162) NODE-ID bb99cd81db90a02 CLUSTER-SIZE 2
May 31 2019 04:52:22 GMT: INFO (info): (ticker.c:243)    cluster-clock: skew-ms 0
May 31 2019 04:52:22 GMT: INFO (info): (ticker.c:270)    system-memory: free-kbytes 1906604 free-pct 93 heap-kbytes (102503,105048,192512) heap-efficiency-pct 53.2
May 31 2019 04:52:22 GMT: INFO (info): (ticker.c:282)    in-progress: tsvc-q 0 info-q 0 rw-hash 0 proxy-hash 0 tree-gc-q 0
May 31 2019 04:52:22 GMT: INFO (info): (ticker.c:303)    fds: proto (9,14,5) heartbeat (1,1,0) fabric (24,24,0)
May 31 2019 04:52:22 GMT: INFO (info): (ticker.c:311)    heartbeat-received: self 0 foreign 399
May 31 2019 04:52:22 GMT: INFO (info): (ticker.c:341)    fabric-bytes-per-second: bulk (0,0) ctrl (0,0) meta (0,0) rw (298565,289554)
May 31 2019 04:52:22 GMT: INFO (info): (hist.c:240) histogram dump: svc-demarshal (877 total) msec
May 31 2019 04:52:22 GMT: INFO (info): (hist.c:257)  (00: 0000000799) (01: 0000000005) (03: 0000000003) (04: 0000000001)
May 31 2019 04:52:22 GMT: INFO (info): (hist.c:266)  (08: 0000000069)
May 31 2019 04:52:22 GMT: INFO (info): (hist.c:240) histogram dump: svc-queue (877 total) msec
May 31 2019 04:52:22 GMT: INFO (info): (hist.c:266)  (00: 0000000877)
May 31 2019 04:52:22 GMT: INFO (info): (ticker.c:399) {ns1} objects: all 803 master 407 prole 396 non-replica 0
May 31 2019 04:52:22 GMT: INFO (info): (ticker.c:457) {ns1} migrations: complete
May 31 2019 04:52:22 GMT: INFO (info): (ticker.c:484) {ns1} memory-usage: total-bytes 51392 index-bytes 51392 sindex-bytes 0 used-pct 0.05
May 31 2019 04:52:22 GMT: INFO (info): (ticker.c:545) {ns1} device-usage: used-bytes 24141392 avail-pct 97 cache-read-pct 91.67
May 31 2019 04:52:22 GMT: INFO (info): (ticker.c:595) {ns1} client: tsvc (0,0) proxy (0,0,0) read (19,0,0,438) write (420,0,0) delete (0,0,0,0) udf (0,0,0) lang (0,0,0,0)
May 31 2019 04:52:22 GMT: INFO (info): (hist.c:240) histogram dump: {ns1}-read (457 total) msec
May 31 2019 04:52:22 GMT: INFO (info): (hist.c:266)  (00: 0000000457)
May 31 2019 04:52:22 GMT: INFO (info): (hist.c:240) histogram dump: {ns1}-read-start (457 total) msec
May 31 2019 04:52:22 GMT: INFO (info): (hist.c:266)  (00: 0000000457)
May 31 2019 04:52:22 GMT: INFO (info): (hist.c:240) histogram dump: {ns1}-read-restart (0 total) msec
May 31 2019 04:52:22 GMT: INFO (info): (hist.c:240) histogram dump: {ns1}-read-dup-res (0 total) msec
May 31 2019 04:52:22 GMT: INFO (info): (hist.c:240) histogram dump: {ns1}-read-repl-ping (0 total) msec
May 31 2019 04:52:22 GMT: INFO (info): (hist.c:240) histogram dump: {ns1}-read-local (457 total) msec
May 31 2019 04:52:22 GMT: INFO (info): (hist.c:266)  (00: 0000000457)
May 31 2019 04:52:22 GMT: INFO (info): (hist.c:240) histogram dump: {ns1}-read-response (457 total) msec
May 31 2019 04:52:22 GMT: INFO (info): (hist.c:266)  (00: 0000000457)
May 31 2019 04:52:22 GMT: INFO (info): (hist.c:240) histogram dump: {ns1}-write (420 total) msec
May 31 2019 04:52:22 GMT: INFO (info): (hist.c:257)  (00: 0000000114) (01: 0000000214) (02: 0000000019) (03: 0000000002)
May 31 2019 04:52:22 GMT: INFO (info): (hist.c:266)  (04: 0000000002) (08: 0000000069)
May 31 2019 04:52:22 GMT: INFO (info): (hist.c:240) histogram dump: {ns1}-write-start (420 total) msec
May 31 2019 04:52:22 GMT: INFO (info): (hist.c:257)  (00: 0000000342) (01: 0000000005) (03: 0000000003) (04: 0000000001)
May 31 2019 04:52:22 GMT: INFO (info): (hist.c:266)  (08: 0000000069)
May 31 2019 04:52:22 GMT: INFO (info): (hist.c:240) histogram dump: {ns1}-write-restart (0 total) msec
May 31 2019 04:52:22 GMT: INFO (info): (hist.c:240) histogram dump: {ns1}-write-dup-res (0 total) msec
May 31 2019 04:52:22 GMT: INFO (info): (hist.c:240) histogram dump: {ns1}-write-master (420 total) msec
May 31 2019 04:52:22 GMT: INFO (info): (hist.c:266)  (00: 0000000420)
May 31 2019 04:52:22 GMT: INFO (info): (hist.c:240) histogram dump: {ns1}-write-repl-write (420 total) msec
May 31 2019 04:52:22 GMT: INFO (info): (hist.c:257)  (00: 0000000373) (01: 0000000034) (02: 0000000012) (03: 0000000001)
May 31 2019 04:52:22 GMT: INFO (info): (hist.c:240) histogram dump: {ns1}-write-response (420 total) msec
May 31 2019 04:52:22 GMT: INFO (info): (hist.c:266)  (00: 0000000420)
May 31 2019 04:52:22 GMT: INFO (info): (hist.c:240) histogram dump: {ns1}-proxy (0 total) msec
May 31 2019 04:52:22 GMT: INFO (info): (hist.c:240) histogram dump: {ns1}-device-read-size (2 total) bytes
May 31 2019 04:52:22 GMT: INFO (info): (hist.c:266)  (15: 0000000002)
May 31 2019 04:52:22 GMT: INFO (info): (hist.c:240) histogram dump: {ns1}-device-write-size (829 total) bytes
May 31 2019 04:52:22 GMT: INFO (info): (hist.c:266)  (15: 0000000829)
May 31 2019 04:52:22 GMT: INFO (info): (hist.c:240) histogram dump: {ns1}-/opt/aerospike/data/ns1.dat-read (2 total) msec
May 31 2019 04:52:22 GMT: INFO (info): (hist.c:266)  (00: 0000000002)
May 31 2019 04:52:22 GMT: INFO (info): (hist.c:240) histogram dump: {ns1}-/opt/aerospike/data/ns1.dat-large-block-read (16 total) msec
May 31 2019 04:52:22 GMT: INFO (info): (hist.c:266)  (00: 0000000014) (01: 0000000002)
May 31 2019 04:52:22 GMT: INFO (info): (hist.c:240) histogram dump: {ns1}-/opt/aerospike/data/ns1.dat-write (424 total) msec
May 31 2019 04:52:22 GMT: INFO (info): (hist.c:257)  (00: 0000000008) (01: 0000000119) (02: 0000000294) (03: 0000000002)
May 31 2019 04:52:22 GMT: INFO (info): (hist.c:266)  (04: 0000000001)
May 31 2019 04:52:32 GMT: INFO (info): (ticker.c:162) NODE-ID bb99cd81db90a02 CLUSTER-SIZE 2
May 31 2019 04:52:32 GMT: INFO (info): (ticker.c:243)    cluster-clock: skew-ms 0
May 31 2019 04:52:32 GMT: INFO (info): (ticker.c:270)    system-memory: free-kbytes 1906088 free-pct 93 heap-kbytes (102385,105016,192512) heap-efficiency-pct 53.2
May 31 2019 04:52:32 GMT: INFO (info): (ticker.c:282)    in-progress: tsvc-q 0 info-q 0 rw-hash 0 proxy-hash 0 tree-gc-q 0
May 31 2019 04:52:32 GMT: INFO (info): (ticker.c:303)    fds: proto (9,14,5) heartbeat (1,1,0) fabric (24,24,0)
May 31 2019 04:52:32 GMT: INFO (info): (ticker.c:311)    heartbeat-received: self 0 foreign 466
May 31 2019 04:52:32 GMT: INFO (info): (ticker.c:341)    fabric-bytes-per-second: bulk (0,0) ctrl (0,0) meta (0,0) rw (277508,295531)
May 31 2019 04:52:32 GMT: INFO (info): (hist.c:240) histogram dump: svc-demarshal (1059 total) msec
May 31 2019 04:52:32 GMT: INFO (info): (hist.c:257)  (00: 0000000960) (01: 0000000005) (03: 0000000003) (04: 0000000001)
May 31 2019 04:52:32 GMT: INFO (info): (hist.c:266)  (08: 0000000090)
May 31 2019 04:52:32 GMT: INFO (info): (hist.c:240) histogram dump: svc-queue (1059 total) msec
May 31 2019 04:52:32 GMT: INFO (info): (hist.c:266)  (00: 0000001059)
May 31 2019 04:52:32 GMT: INFO (info): (ticker.c:399) {ns1} objects: all 979 master 493 prole 486 non-replica 0
May 31 2019 04:52:32 GMT: INFO (info): (ticker.c:457) {ns1} migrations: complete
May 31 2019 04:52:32 GMT: INFO (info): (ticker.c:484) {ns1} memory-usage: total-bytes 62656 index-bytes 62656 sindex-bytes 0 used-pct 0.06
May 31 2019 04:52:32 GMT: INFO (info): (ticker.c:545) {ns1} device-usage: used-bytes 29432656 avail-pct 97 cache-read-pct 40.00
May 31 2019 04:52:32 GMT: INFO (info): (ticker.c:595) {ns1} client: tsvc (0,0) proxy (0,0,0) read (23,0,0,524) write (512,0,0) delete (0,0,0,0) udf (0,0,0) lang (0,0,0,0)
May 31 2019 04:52:32 GMT: INFO (info): (hist.c:240) histogram dump: {ns1}-read (547 total) msec
May 31 2019 04:52:32 GMT: INFO (info): (hist.c:266)  (00: 0000000547)
May 31 2019 04:52:32 GMT: INFO (info): (hist.c:240) histogram dump: {ns1}-read-start (547 total) msec
May 31 2019 04:52:32 GMT: INFO (info): (hist.c:266)  (00: 0000000547)
May 31 2019 04:52:32 GMT: INFO (info): (hist.c:240) histogram dump: {ns1}-read-restart (0 total) msec
May 31 2019 04:52:32 GMT: INFO (info): (hist.c:240) histogram dump: {ns1}-read-dup-res (0 total) msec
May 31 2019 04:52:32 GMT: INFO (info): (hist.c:240) histogram dump: {ns1}-read-repl-ping (0 total) msec
May 31 2019 04:52:32 GMT: INFO (info): (hist.c:240) histogram dump: {ns1}-read-local (547 total) msec
May 31 2019 04:52:32 GMT: INFO (info): (hist.c:266)  (00: 0000000547)
May 31 2019 04:52:32 GMT: INFO (info): (hist.c:240) histogram dump: {ns1}-read-response (547 total) msec
May 31 2019 04:52:32 GMT: INFO (info): (hist.c:266)  (00: 0000000547)
May 31 2019 04:52:32 GMT: INFO (info): (hist.c:240) histogram dump: {ns1}-write (512 total) msec
May 31 2019 04:52:32 GMT: INFO (info): (hist.c:257)  (00: 0000000136) (01: 0000000257) (02: 0000000025) (03: 0000000002)
May 31 2019 04:52:32 GMT: INFO (info): (hist.c:266)  (04: 0000000002) (08: 0000000090)
May 31 2019 04:52:32 GMT: INFO (info): (hist.c:240) histogram dump: {ns1}-write-start (512 total) msec
May 31 2019 04:52:32 GMT: INFO (info): (hist.c:257)  (00: 0000000413) (01: 0000000005) (03: 0000000003) (04: 0000000001)
May 31 2019 04:52:32 GMT: INFO (info): (hist.c:266)  (08: 0000000090)
May 31 2019 04:52:32 GMT: INFO (info): (hist.c:240) histogram dump: {ns1}-write-restart (0 total) msec
May 31 2019 04:52:32 GMT: INFO (info): (hist.c:240) histogram dump: {ns1}-write-dup-res (0 total) msec
May 31 2019 04:52:32 GMT: INFO (info): (hist.c:240) histogram dump: {ns1}-write-master (512 total) msec
May 31 2019 04:52:32 GMT: INFO (info): (hist.c:266)  (00: 0000000512)
May 31 2019 04:52:32 GMT: INFO (info): (hist.c:240) histogram dump: {ns1}-write-repl-write (512 total) msec
May 31 2019 04:52:32 GMT: INFO (info): (hist.c:257)  (00: 0000000457) (01: 0000000035) (02: 0000000019) (03: 0000000001)
May 31 2019 04:52:32 GMT: INFO (info): (hist.c:240) histogram dump: {ns1}-write-response (512 total) msec
May 31 2019 04:52:32 GMT: INFO (info): (hist.c:266)  (00: 0000000512)
May 31 2019 04:52:32 GMT: INFO (info): (hist.c:240) histogram dump: {ns1}-proxy (0 total) msec
May 31 2019 04:52:32 GMT: INFO (info): (hist.c:240) histogram dump: {ns1}-device-read-size (8 total) bytes
May 31 2019 04:52:32 GMT: INFO (info): (hist.c:266)  (15: 0000000008)
May 31 2019 04:52:32 GMT: INFO (info): (hist.c:240) histogram dump: {ns1}-device-write-size (1019 total) bytes
May 31 2019 04:52:32 GMT: INFO (info): (hist.c:266)  (15: 0000001019)
May 31 2019 04:52:32 GMT: INFO (info): (hist.c:240) histogram dump: {ns1}-/opt/aerospike/data/ns1.dat-read (8 total) msec
May 31 2019 04:52:32 GMT: INFO (info): (hist.c:266)  (00: 0000000008)
May 31 2019 04:52:32 GMT: INFO (info): (hist.c:240) histogram dump: {ns1}-/opt/aerospike/data/ns1.dat-large-block-read (31 total) msec
May 31 2019 04:52:32 GMT: INFO (info): (hist.c:266)  (00: 0000000028) (01: 0000000003)
May 31 2019 04:52:32 GMT: INFO (info): (hist.c:240) histogram dump: {ns1}-/opt/aerospike/data/ns1.dat-write (527 total) msec
May 31 2019 04:52:32 GMT: INFO (info): (hist.c:257)  (00: 0000000017) (01: 0000000149) (02: 0000000358) (03: 0000000002)
May 31 2019 04:52:32 GMT: INFO (info): (hist.c:266)  (04: 0000000001)
May 31 2019 04:52:42 GMT: INFO (drv_ssd): (drv_ssd.c:1911) {ns1} /opt/aerospike/data/ns1.dat: used-bytes 34603664 free-wblocks 23288 write-q 0 write (620,9.9) defrag-q 0 defrag-read (39,1.1) defrag-write (19,0.6)
May 31 2019 04:52:42 GMT: INFO (info): (ticker.c:162) NODE-ID bb99cd81db90a02 CLUSTER-SIZE 2
May 31 2019 04:52:42 GMT: INFO (info): (ticker.c:243)    cluster-clock: skew-ms 0
May 31 2019 04:52:42 GMT: INFO (info): (ticker.c:270)    system-memory: free-kbytes 1906432 free-pct 93 heap-kbytes (102711,105448,192512) heap-efficiency-pct 53.4
May 31 2019 04:52:42 GMT: INFO (info): (ticker.c:282)    in-progress: tsvc-q 0 info-q 0 rw-hash 0 proxy-hash 0 tree-gc-q 0
May 31 2019 04:52:42 GMT: INFO (info): (ticker.c:303)    fds: proto (9,14,5) heartbeat (1,1,0) fabric (24,24,0)
May 31 2019 04:52:42 GMT: INFO (info): (ticker.c:311)    heartbeat-received: self 0 foreign 533
May 31 2019 04:52:42 GMT: INFO (info): (ticker.c:341)    fabric-bytes-per-second: bulk (0,0) ctrl (0,0) meta (0,0) rw (280481,277478)
May 31 2019 04:52:42 GMT: INFO (info): (hist.c:240) histogram dump: svc-demarshal (1258 total) msec
May 31 2019 04:52:42 GMT: INFO (info): (hist.c:257)  (00: 0000001136) (01: 0000000005) (03: 0000000003) (04: 0000000001)
May 31 2019 04:52:42 GMT: INFO (info): (hist.c:266)  (08: 0000000113)
May 31 2019 04:52:42 GMT: INFO (info): (hist.c:240) histogram dump: svc-queue (1258 total) msec
May 31 2019 04:52:42 GMT: INFO (info): (hist.c:266)  (00: 0000001258)
May 31 2019 04:52:42 GMT: INFO (info): (ticker.c:399) {ns1} objects: all 1151 master 579 prole 572 non-replica 0
May 31 2019 04:52:42 GMT: INFO (info): (ticker.c:457) {ns1} migrations: complete
May 31 2019 04:52:42 GMT: INFO (info): (ticker.c:484) {ns1} memory-usage: total-bytes 73664 index-bytes 73664 sindex-bytes 0 used-pct 0.07
May 31 2019 04:52:42 GMT: INFO (info): (ticker.c:545) {ns1} device-usage: used-bytes 34603664 avail-pct 97 cache-read-pct 57.14
May 31 2019 04:52:42 GMT: INFO (info): (ticker.c:595) {ns1} client: tsvc (0,0) proxy (0,0,0) read (30,0,0,623) write (605,0,0) delete (0,0,0,0) udf (0,0,0) lang (0,0,0,0)
May 31 2019 04:52:42 GMT: INFO (info): (hist.c:240) histogram dump: {ns1}-read (653 total) msec
May 31 2019 04:52:42 GMT: INFO (info): (hist.c:266)  (00: 0000000653)
May 31 2019 04:52:42 GMT: INFO (info): (hist.c:240) histogram dump: {ns1}-read-start (653 total) msec
May 31 2019 04:52:42 GMT: INFO (info): (hist.c:266)  (00: 0000000653)
May 31 2019 04:52:42 GMT: INFO (info): (hist.c:240) histogram dump: {ns1}-read-restart (0 total) msec
May 31 2019 04:52:42 GMT: INFO (info): (hist.c:240) histogram dump: {ns1}-read-dup-res (0 total) msec
May 31 2019 04:52:42 GMT: INFO (info): (hist.c:240) histogram dump: {ns1}-read-repl-ping (0 total) msec
May 31 2019 04:52:42 GMT: INFO (info): (hist.c:240) histogram dump: {ns1}-read-local (653 total) msec
May 31 2019 04:52:42 GMT: INFO (info): (hist.c:266)  (00: 0000000653)
May 31 2019 04:52:42 GMT: INFO (info): (hist.c:240) histogram dump: {ns1}-read-response (653 total) msec
May 31 2019 04:52:42 GMT: INFO (info): (hist.c:266)  (00: 0000000653)
May 31 2019 04:52:42 GMT: INFO (info): (hist.c:240) histogram dump: {ns1}-write (605 total) msec
May 31 2019 04:52:42 GMT: INFO (info): (hist.c:257)  (00: 0000000172) (01: 0000000288) (02: 0000000028) (03: 0000000002)
May 31 2019 04:52:42 GMT: INFO (info): (hist.c:266)  (04: 0000000002) (08: 0000000113)
May 31 2019 04:52:42 GMT: INFO (info): (hist.c:240) histogram dump: {ns1}-write-start (605 total) msec
May 31 2019 04:52:42 GMT: INFO (info): (hist.c:257)  (00: 0000000483) (01: 0000000005) (03: 0000000003) (04: 0000000001)
May 31 2019 04:52:42 GMT: INFO (info): (hist.c:266)  (08: 0000000113)
May 31 2019 04:52:42 GMT: INFO (info): (hist.c:240) histogram dump: {ns1}-write-restart (0 total) msec
May 31 2019 04:52:42 GMT: INFO (info): (hist.c:240) histogram dump: {ns1}-write-dup-res (0 total) msec
May 31 2019 04:52:42 GMT: INFO (info): (hist.c:240) histogram dump: {ns1}-write-master (605 total) msec
May 31 2019 04:52:42 GMT: INFO (info): (hist.c:266)  (00: 0000000605)
May 31 2019 04:52:42 GMT: INFO (info): (hist.c:240) histogram dump: {ns1}-write-repl-write (605 total) msec
May 31 2019 04:52:42 GMT: INFO (info): (hist.c:257)  (00: 0000000543) (01: 0000000041) (02: 0000000020) (03: 0000000001)
May 31 2019 04:52:42 GMT: INFO (info): (hist.c:240) histogram dump: {ns1}-write-response (605 total) msec
May 31 2019 04:52:42 GMT: INFO (info): (hist.c:266)  (00: 0000000605)
May 31 2019 04:52:42 GMT: INFO (info): (hist.c:240) histogram dump: {ns1}-proxy (0 total) msec
May 31 2019 04:52:42 GMT: INFO (info): (hist.c:240) histogram dump: {ns1}-device-read-size (14 total) bytes
May 31 2019 04:52:42 GMT: INFO (info): (hist.c:266)  (15: 0000000014)
May 31 2019 04:52:42 GMT: INFO (info): (hist.c:240) histogram dump: {ns1}-device-write-size (1204 total) bytes
May 31 2019 04:52:42 GMT: INFO (info): (hist.c:266)  (15: 0000001204)
May 31 2019 04:52:42 GMT: INFO (info): (hist.c:240) histogram dump: {ns1}-/opt/aerospike/data/ns1.dat-read (14 total) msec
May 31 2019 04:52:42 GMT: INFO (info): (hist.c:266)  (00: 0000000014)
May 31 2019 04:52:42 GMT: INFO (info): (hist.c:240) histogram dump: {ns1}-/opt/aerospike/data/ns1.dat-large-block-read (39 total) msec
May 31 2019 04:52:42 GMT: INFO (info): (hist.c:266)  (00: 0000000036) (01: 0000000003)
May 31 2019 04:52:42 GMT: INFO (info): (hist.c:240) histogram dump: {ns1}-/opt/aerospike/data/ns1.dat-write (624 total) msec
May 31 2019 04:52:42 GMT: INFO (info): (hist.c:257)  (00: 0000000023) (01: 0000000172) (02: 0000000426) (03: 0000000002)
May 31 2019 04:52:42 GMT: INFO (info): (hist.c:266)  (04: 0000000001)
May 31 2019 04:52:52 GMT: INFO (info): (ticker.c:162) NODE-ID bb99cd81db90a02 CLUSTER-SIZE 2
May 31 2019 04:52:52 GMT: INFO (info): (ticker.c:243)    cluster-clock: skew-ms 0
May 31 2019 04:52:52 GMT: INFO (info): (ticker.c:270)    system-memory: free-kbytes 1905820 free-pct 93 heap-kbytes (102671,105376,192512) heap-efficiency-pct 53.3
May 31 2019 04:52:52 GMT: INFO (info): (ticker.c:282)    in-progress: tsvc-q 0 info-q 0 rw-hash 0 proxy-hash 0 tree-gc-q 0
May 31 2019 04:52:52 GMT: INFO (info): (ticker.c:303)    fds: proto (9,14,5) heartbeat (1,1,0) fabric (24,24,0)
May 31 2019 04:52:52 GMT: INFO (info): (ticker.c:311)    heartbeat-received: self 0 foreign 599
May 31 2019 04:52:52 GMT: INFO (info): (ticker.c:341)    fabric-bytes-per-second: bulk (0,0) ctrl (0,0) meta (0,0) rw (328652,283595)
May 31 2019 04:52:52 GMT: INFO (info): (hist.c:240) histogram dump: svc-demarshal (1466 total) msec
May 31 2019 04:52:52 GMT: INFO (info): (hist.c:257)  (00: 0000001329) (01: 0000000006) (03: 0000000003) (04: 0000000001)
May 31 2019 04:52:52 GMT: INFO (info): (hist.c:266)  (08: 0000000127)
May 31 2019 04:52:52 GMT: INFO (info): (hist.c:240) histogram dump: svc-queue (1466 total) msec
May 31 2019 04:52:52 GMT: INFO (info): (hist.c:266)  (00: 0000001466)
May 31 2019 04:52:52 GMT: INFO (info): (ticker.c:399) {ns1} objects: all 1332 master 676 prole 656 non-replica 0
May 31 2019 04:52:52 GMT: INFO (info): (ticker.c:457) {ns1} migrations: complete
May 31 2019 04:52:52 GMT: INFO (info): (ticker.c:484) {ns1} memory-usage: total-bytes 85248 index-bytes 85248 sindex-bytes 0 used-pct 0.08
May 31 2019 04:52:52 GMT: INFO (info): (ticker.c:545) {ns1} device-usage: used-bytes 40045248 avail-pct 96 cache-read-pct 48.00
May 31 2019 04:52:52 GMT: INFO (info): (ticker.c:595) {ns1} client: tsvc (0,0) proxy (0,0,0) read (43,0,0,709) write (714,0,0) delete (0,0,0,0) udf (0,0,0) lang (0,0,0,0)
May 31 2019 04:52:52 GMT: INFO (info): (hist.c:240) histogram dump: {ns1}-read (752 total) msec
May 31 2019 04:52:52 GMT: INFO (info): (hist.c:266)  (00: 0000000752)
May 31 2019 04:52:52 GMT: INFO (info): (hist.c:240) histogram dump: {ns1}-read-start (752 total) msec
May 31 2019 04:52:52 GMT: INFO (info): (hist.c:266)  (00: 0000000752)
May 31 2019 04:52:52 GMT: INFO (info): (hist.c:240) histogram dump: {ns1}-read-restart (0 total) msec
May 31 2019 04:52:52 GMT: INFO (info): (hist.c:240) histogram dump: {ns1}-read-dup-res (0 total) msec
May 31 2019 04:52:52 GMT: INFO (info): (hist.c:240) histogram dump: {ns1}-read-repl-ping (0 total) msec
May 31 2019 04:52:52 GMT: INFO (info): (hist.c:240) histogram dump: {ns1}-read-local (752 total) msec
May 31 2019 04:52:52 GMT: INFO (info): (hist.c:266)  (00: 0000000752)
May 31 2019 04:52:52 GMT: INFO (info): (hist.c:240) histogram dump: {ns1}-read-response (752 total) msec
May 31 2019 04:52:52 GMT: INFO (info): (hist.c:266)  (00: 0000000752)
May 31 2019 04:52:52 GMT: INFO (info): (hist.c:240) histogram dump: {ns1}-write (714 total) msec
May 31 2019 04:52:52 GMT: INFO (info): (hist.c:257)  (00: 0000000210) (01: 0000000340) (02: 0000000033) (03: 0000000002)
May 31 2019 04:52:52 GMT: INFO (info): (hist.c:266)  (04: 0000000002) (08: 0000000127)
May 31 2019 04:52:52 GMT: INFO (info): (hist.c:240) histogram dump: {ns1}-write-start (714 total) msec
May 31 2019 04:52:52 GMT: INFO (info): (hist.c:257)  (00: 0000000577) (01: 0000000006) (03: 0000000003) (04: 0000000001)
May 31 2019 04:52:52 GMT: INFO (info): (hist.c:266)  (08: 0000000127)
May 31 2019 04:52:52 GMT: INFO (info): (hist.c:240) histogram dump: {ns1}-write-restart (0 total) msec
May 31 2019 04:52:52 GMT: INFO (info): (hist.c:240) histogram dump: {ns1}-write-dup-res (0 total) msec
May 31 2019 04:52:52 GMT: INFO (info): (hist.c:240) histogram dump: {ns1}-write-master (714 total) msec
May 31 2019 04:52:52 GMT: INFO (info): (hist.c:266)  (00: 0000000713) (01: 0000000001)
May 31 2019 04:52:52 GMT: INFO (info): (hist.c:240) histogram dump: {ns1}-write-repl-write (714 total) msec
May 31 2019 04:52:52 GMT: INFO (info): (hist.c:257)  (00: 0000000644) (01: 0000000048) (02: 0000000021) (03: 0000000001)
May 31 2019 04:52:52 GMT: INFO (info): (hist.c:240) histogram dump: {ns1}-write-response (714 total) msec
May 31 2019 04:52:52 GMT: INFO (info): (hist.c:266)  (00: 0000000714)
May 31 2019 04:52:52 GMT: INFO (info): (hist.c:240) histogram dump: {ns1}-proxy (0 total) msec
May 31 2019 04:52:52 GMT: INFO (info): (hist.c:240) histogram dump: {ns1}-device-read-size (27 total) bytes
May 31 2019 04:52:52 GMT: INFO (info): (hist.c:266)  (15: 0000000027)
May 31 2019 04:52:52 GMT: INFO (info): (hist.c:240) histogram dump: {ns1}-device-write-size (1407 total) bytes
May 31 2019 04:52:52 GMT: INFO (info): (hist.c:266)  (15: 0000001407)
May 31 2019 04:52:52 GMT: INFO (info): (hist.c:240) histogram dump: {ns1}-/opt/aerospike/data/ns1.dat-read (27 total) msec
May 31 2019 04:52:52 GMT: INFO (info): (hist.c:266)  (00: 0000000026) (01: 0000000001)
May 31 2019 04:52:52 GMT: INFO (info): (hist.c:240) histogram dump: {ns1}-/opt/aerospike/data/ns1.dat-large-block-read (62 total) msec
May 31 2019 04:52:52 GMT: INFO (info): (hist.c:266)  (00: 0000000058) (01: 0000000004)
May 31 2019 04:52:52 GMT: INFO (info): (hist.c:240) histogram dump: {ns1}-/opt/aerospike/data/ns1.dat-write (737 total) msec
May 31 2019 04:52:52 GMT: INFO (info): (hist.c:257)  (00: 0000000033) (01: 0000000205) (02: 0000000494) (03: 0000000004)
May 31 2019 04:52:52 GMT: INFO (info): (hist.c:266)  (04: 0000000001)
May 31 2019 04:53:02 GMT: INFO (drv_ssd): (drv_ssd.c:1911) {ns1} /opt/aerospike/data/ns1.dat: used-bytes 44825424 free-wblocks 23118 write-q 0 write (840,11.0) defrag-q 0 defrag-read (90,2.5) defrag-write (44,1.2)
May 31 2019 04:53:02 GMT: INFO (info): (ticker.c:162) NODE-ID bb99cd81db90a02 CLUSTER-SIZE 2
May 31 2019 04:53:02 GMT: INFO (info): (ticker.c:243)    cluster-clock: skew-ms 0
May 31 2019 04:53:02 GMT: INFO (info): (ticker.c:270)    system-memory: free-kbytes 1905576 free-pct 93 heap-kbytes (102453,105256,192512) heap-efficiency-pct 53.2
May 31 2019 04:53:02 GMT: INFO (info): (ticker.c:282)    in-progress: tsvc-q 0 info-q 0 rw-hash 0 proxy-hash 0 tree-gc-q 0
May 31 2019 04:53:02 GMT: INFO (info): (ticker.c:303)    fds: proto (9,14,5) heartbeat (1,1,0) fabric (24,24,0)
May 31 2019 04:53:02 GMT: INFO (info): (ticker.c:311)    heartbeat-received: self 0 foreign 666
May 31 2019 04:53:02 GMT: INFO (info): (ticker.c:341)    fabric-bytes-per-second: bulk (0,0) ctrl (0,0) meta (0,0) rw (292509,271482)
May 31 2019 04:53:02 GMT: INFO (info): (hist.c:240) histogram dump: svc-demarshal (1651 total) msec
May 31 2019 04:53:02 GMT: INFO (info): (hist.c:257)  (00: 0000001495) (01: 0000000007) (02: 0000000001) (03: 0000000004)
May 31 2019 04:53:02 GMT: INFO (info): (hist.c:266)  (04: 0000000001) (05: 0000000001) (08: 0000000142)
May 31 2019 04:53:02 GMT: INFO (info): (hist.c:240) histogram dump: svc-queue (1651 total) msec
May 31 2019 04:53:02 GMT: INFO (info): (hist.c:266)  (00: 0000001651)
May 31 2019 04:53:02 GMT: INFO (info): (ticker.c:399) {ns1} objects: all 1491 master 760 prole 731 non-replica 0
May 31 2019 04:53:02 GMT: INFO (info): (ticker.c:457) {ns1} migrations: complete
May 31 2019 04:53:02 GMT: INFO (info): (ticker.c:484) {ns1} memory-usage: total-bytes 95424 index-bytes 95424 sindex-bytes 0 used-pct 0.09
May 31 2019 04:53:02 GMT: INFO (info): (ticker.c:545) {ns1} device-usage: used-bytes 44825424 avail-pct 96 cache-read-pct 44.83
May 31 2019 04:53:02 GMT: INFO (info): (ticker.c:595) {ns1} client: tsvc (0,0) proxy (0,0,0) read (59,0,0,781) write (811,0,0) delete (0,0,0,0) udf (0,0,0) lang (0,0,0,0)
May 31 2019 04:53:02 GMT: INFO (info): (hist.c:240) histogram dump: {ns1}-read (840 total) msec
May 31 2019 04:53:02 GMT: INFO (info): (hist.c:266)  (00: 0000000840)
May 31 2019 04:53:02 GMT: INFO (info): (hist.c:240) histogram dump: {ns1}-read-start (840 total) msec
May 31 2019 04:53:02 GMT: INFO (info): (hist.c:266)  (00: 0000000840)
May 31 2019 04:53:02 GMT: INFO (info): (hist.c:240) histogram dump: {ns1}-read-restart (0 total) msec
May 31 2019 04:53:02 GMT: INFO (info): (hist.c:240) histogram dump: {ns1}-read-dup-res (0 total) msec
May 31 2019 04:53:02 GMT: INFO (info): (hist.c:240) histogram dump: {ns1}-read-repl-ping (0 total) msec
May 31 2019 04:53:02 GMT: INFO (info): (hist.c:240) histogram dump: {ns1}-read-local (840 total) msec
May 31 2019 04:53:02 GMT: INFO (info): (hist.c:266)  (00: 0000000840)
May 31 2019 04:53:02 GMT: INFO (info): (hist.c:240) histogram dump: {ns1}-read-response (840 total) msec
May 31 2019 04:53:02 GMT: INFO (info): (hist.c:266)  (00: 0000000840)
May 31 2019 04:53:02 GMT: INFO (info): (hist.c:240) histogram dump: {ns1}-write (811 total) msec
May 31 2019 04:53:02 GMT: INFO (info): (hist.c:257)  (00: 0000000231) (01: 0000000397) (02: 0000000035) (03: 0000000003)
May 31 2019 04:53:02 GMT: INFO (info): (hist.c:266)  (04: 0000000002) (05: 0000000001) (08: 0000000142)
May 31 2019 04:53:02 GMT: INFO (info): (hist.c:240) histogram dump: {ns1}-write-start (811 total) msec
May 31 2019 04:53:02 GMT: INFO (info): (hist.c:257)  (00: 0000000655) (01: 0000000007) (02: 0000000001) (03: 0000000004)
May 31 2019 04:53:02 GMT: INFO (info): (hist.c:266)  (04: 0000000001) (05: 0000000001) (08: 0000000142)
May 31 2019 04:53:02 GMT: INFO (info): (hist.c:240) histogram dump: {ns1}-write-restart (0 total) msec
May 31 2019 04:53:02 GMT: INFO (info): (hist.c:240) histogram dump: {ns1}-write-dup-res (0 total) msec
May 31 2019 04:53:02 GMT: INFO (info): (hist.c:240) histogram dump: {ns1}-write-master (811 total) msec
May 31 2019 04:53:02 GMT: INFO (info): (hist.c:266)  (00: 0000000810) (01: 0000000001)
May 31 2019 04:53:02 GMT: INFO (info): (hist.c:240) histogram dump: {ns1}-write-repl-write (811 total) msec
May 31 2019 04:53:02 GMT: INFO (info): (hist.c:257)  (00: 0000000738) (01: 0000000051) (02: 0000000021) (03: 0000000001)
May 31 2019 04:53:02 GMT: INFO (info): (hist.c:240) histogram dump: {ns1}-write-response (811 total) msec
May 31 2019 04:53:02 GMT: INFO (info): (hist.c:266)  (00: 0000000811)
May 31 2019 04:53:02 GMT: INFO (info): (hist.c:240) histogram dump: {ns1}-proxy (0 total) msec
May 31 2019 04:53:02 GMT: INFO (info): (hist.c:240) histogram dump: {ns1}-device-read-size (43 total) bytes
May 31 2019 04:53:02 GMT: INFO (info): (hist.c:266)  (15: 0000000043)
May 31 2019 04:53:02 GMT: INFO (info): (hist.c:240) histogram dump: {ns1}-device-write-size (1594 total) bytes
May 31 2019 04:53:02 GMT: INFO (info): (hist.c:266)  (15: 0000001594)
May 31 2019 04:53:02 GMT: INFO (info): (hist.c:240) histogram dump: {ns1}-/opt/aerospike/data/ns1.dat-read (43 total) msec
May 31 2019 04:53:02 GMT: INFO (info): (hist.c:266)  (00: 0000000042) (01: 0000000001)
May 31 2019 04:53:02 GMT: INFO (info): (hist.c:240) histogram dump: {ns1}-/opt/aerospike/data/ns1.dat-large-block-read (91 total) msec
May 31 2019 04:53:02 GMT: INFO (info): (hist.c:266)  (00: 0000000084) (01: 0000000007)
May 31 2019 04:53:02 GMT: INFO (info): (hist.c:240) histogram dump: {ns1}-/opt/aerospike/data/ns1.dat-write (845 total) msec
May 31 2019 04:53:02 GMT: INFO (info): (hist.c:257)  (00: 0000000053) (01: 0000000249) (02: 0000000537) (03: 0000000005)
May 31 2019 04:53:02 GMT: INFO (info): (hist.c:266)  (04: 0000000001)
May 31 2019 04:53:12 GMT: INFO (info): (ticker.c:162) NODE-ID bb99cd81db90a02 CLUSTER-SIZE 2
May 31 2019 04:53:12 GMT: INFO (info): (ticker.c:243)    cluster-clock: skew-ms 0
May 31 2019 04:53:12 GMT: INFO (info): (ticker.c:270)    system-memory: free-kbytes 1906760 free-pct 93 heap-kbytes (102502,105376,192512) heap-efficiency-pct 53.2
May 31 2019 04:53:12 GMT: INFO (info): (ticker.c:282)    in-progress: tsvc-q 0 info-q 0 rw-hash 0 proxy-hash 0 tree-gc-q 0
May 31 2019 04:53:12 GMT: INFO (info): (ticker.c:303)    fds: proto (9,14,5) heartbeat (1,1,0) fabric (24,24,0)
May 31 2019 04:53:12 GMT: INFO (info): (ticker.c:311)    heartbeat-received: self 0 foreign 733
May 31 2019 04:53:12 GMT: INFO (info): (ticker.c:341)    fabric-bytes-per-second: bulk (0,0) ctrl (0,0) meta (0,0) rw (325642,283589)
May 31 2019 04:53:12 GMT: INFO (info): (hist.c:240) histogram dump: svc-demarshal (1844 total) msec
May 31 2019 04:53:12 GMT: INFO (info): (hist.c:257)  (00: 0000001666) (01: 0000000009) (02: 0000000001) (03: 0000000004)
May 31 2019 04:53:12 GMT: INFO (info): (hist.c:266)  (04: 0000000001) (05: 0000000001) (08: 0000000162)
May 31 2019 04:53:12 GMT: INFO (info): (hist.c:240) histogram dump: svc-queue (1844 total) msec
May 31 2019 04:53:12 GMT: INFO (info): (hist.c:266)  (00: 0000001844)
May 31 2019 04:53:12 GMT: INFO (info): (ticker.c:399) {ns1} objects: all 1663 master 852 prole 811 non-replica 0
May 31 2019 04:53:12 GMT: INFO (info): (ticker.c:457) {ns1} migrations: complete
May 31 2019 04:53:12 GMT: INFO (info): (ticker.c:484) {ns1} memory-usage: total-bytes 106432 index-bytes 106432 sindex-bytes 0 used-pct 0.10
May 31 2019 04:53:12 GMT: INFO (info): (ticker.c:545) {ns1} device-usage: used-bytes 49996432 avail-pct 95 cache-read-pct 34.48
May 31 2019 04:53:12 GMT: INFO (info): (ticker.c:595) {ns1} client: tsvc (0,0) proxy (0,0,0) read (72,0,0,853) write (919,0,0) delete (0,0,0,0) udf (0,0,0) lang (0,0,0,0)
May 31 2019 04:53:12 GMT: INFO (info): (hist.c:240) histogram dump: {ns1}-read (925 total) msec
May 31 2019 04:53:12 GMT: INFO (info): (hist.c:266)  (00: 0000000925)
May 31 2019 04:53:12 GMT: INFO (info): (hist.c:240) histogram dump: {ns1}-read-start (925 total) msec
May 31 2019 04:53:12 GMT: INFO (info): (hist.c:266)  (00: 0000000925)
May 31 2019 04:53:12 GMT: INFO (info): (hist.c:240) histogram dump: {ns1}-read-restart (0 total) msec
May 31 2019 04:53:12 GMT: INFO (info): (hist.c:240) histogram dump: {ns1}-read-dup-res (0 total) msec
May 31 2019 04:53:12 GMT: INFO (info): (hist.c:240) histogram dump: {ns1}-read-repl-ping (0 total) msec
May 31 2019 04:53:12 GMT: INFO (info): (hist.c:240) histogram dump: {ns1}-read-local (925 total) msec
May 31 2019 04:53:12 GMT: INFO (info): (hist.c:266)  (00: 0000000925)
May 31 2019 04:53:12 GMT: INFO (info): (hist.c:240) histogram dump: {ns1}-read-response (925 total) msec
May 31 2019 04:53:12 GMT: INFO (info): (hist.c:266)  (00: 0000000925)
May 31 2019 04:53:12 GMT: INFO (info): (hist.c:240) histogram dump: {ns1}-write (919 total) msec
May 31 2019 04:53:12 GMT: INFO (info): (hist.c:257)  (00: 0000000247) (01: 0000000463) (02: 0000000041) (03: 0000000003)
May 31 2019 04:53:12 GMT: INFO (info): (hist.c:266)  (04: 0000000002) (05: 0000000001) (08: 0000000162)
May 31 2019 04:53:12 GMT: INFO (info): (hist.c:240) histogram dump: {ns1}-write-start (919 total) msec
May 31 2019 04:53:12 GMT: INFO (info): (hist.c:257)  (00: 0000000741) (01: 0000000009) (02: 0000000001) (03: 0000000004)
May 31 2019 04:53:12 GMT: INFO (info): (hist.c:266)  (04: 0000000001) (05: 0000000001) (08: 0000000162)
May 31 2019 04:53:12 GMT: INFO (info): (hist.c:240) histogram dump: {ns1}-write-restart (0 total) msec
May 31 2019 04:53:12 GMT: INFO (info): (hist.c:240) histogram dump: {ns1}-write-dup-res (0 total) msec
May 31 2019 04:53:12 GMT: INFO (info): (hist.c:240) histogram dump: {ns1}-write-master (919 total) msec
May 31 2019 04:53:12 GMT: INFO (info): (hist.c:266)  (00: 0000000917) (01: 0000000002)
May 31 2019 04:53:12 GMT: INFO (info): (hist.c:240) histogram dump: {ns1}-write-repl-write (919 total) msec
May 31 2019 04:53:12 GMT: INFO (info): (hist.c:257)  (00: 0000000834) (01: 0000000062) (02: 0000000022) (03: 0000000001)
May 31 2019 04:53:12 GMT: INFO (info): (hist.c:240) histogram dump: {ns1}-write-response (919 total) msec
May 31 2019 04:53:12 GMT: INFO (info): (hist.c:266)  (00: 0000000919)
May 31 2019 04:53:12 GMT: INFO (info): (hist.c:240) histogram dump: {ns1}-proxy (0 total) msec
May 31 2019 04:53:12 GMT: INFO (info): (hist.c:240) histogram dump: {ns1}-device-read-size (62 total) bytes
May 31 2019 04:53:12 GMT: INFO (info): (hist.c:266)  (15: 0000000062)
May 31 2019 04:53:12 GMT: INFO (info): (hist.c:240) histogram dump: {ns1}-device-write-size (1796 total) bytes
May 31 2019 04:53:12 GMT: INFO (info): (hist.c:266)  (15: 0000001796)
May 31 2019 04:53:12 GMT: INFO (info): (hist.c:240) histogram dump: {ns1}-/opt/aerospike/data/ns1.dat-read (62 total) msec
May 31 2019 04:53:12 GMT: INFO (info): (hist.c:266)  (00: 0000000060) (01: 0000000002)
May 31 2019 04:53:12 GMT: INFO (info): (hist.c:240) histogram dump: {ns1}-/opt/aerospike/data/ns1.dat-large-block-read (122 total) msec
May 31 2019 04:53:12 GMT: INFO (info): (hist.c:266)  (00: 0000000112) (01: 0000000010)
May 31 2019 04:53:12 GMT: INFO (info): (hist.c:240) histogram dump: {ns1}-/opt/aerospike/data/ns1.dat-write (961 total) msec
May 31 2019 04:53:12 GMT: INFO (info): (hist.c:257)  (00: 0000000077) (01: 0000000286) (02: 0000000591) (03: 0000000005)
May 31 2019 04:53:12 GMT: INFO (info): (hist.c:266)  (04: 0000000002)
May 31 2019 04:53:22 GMT: INFO (drv_ssd): (drv_ssd.c:1911) {ns1} /opt/aerospike/data/ns1.dat: used-bytes 55017120 free-wblocks 22948 write-q 0 write (1070,11.5) defrag-q 0 defrag-read (150,3.0) defrag-write (74,1.5)
May 31 2019 04:53:22 GMT: INFO (nsup): (nsup.c:426) {ns1} nsup-start: expire
May 31 2019 04:53:22 GMT: INFO (info): (ticker.c:162) NODE-ID bb99cd81db90a02 CLUSTER-SIZE 2
May 31 2019 04:53:22 GMT: INFO (info): (ticker.c:243)    cluster-clock: skew-ms 0
May 31 2019 04:53:22 GMT: INFO (info): (ticker.c:270)    system-memory: free-kbytes 1904932 free-pct 93 heap-kbytes (102988,105816,194560) heap-efficiency-pct 52.9
May 31 2019 04:53:22 GMT: INFO (info): (ticker.c:282)    in-progress: tsvc-q 0 info-q 0 rw-hash 0 proxy-hash 0 tree-gc-q 0
May 31 2019 04:53:22 GMT: INFO (info): (ticker.c:303)    fds: proto (9,14,5) heartbeat (1,1,0) fabric (24,24,0)
May 31 2019 04:53:22 GMT: INFO (info): (ticker.c:311)    heartbeat-received: self 0 foreign 799
May 31 2019 04:53:22 GMT: INFO (info): (ticker.c:341)    fabric-bytes-per-second: bulk (0,0) ctrl (0,0) meta (0,0) rw (310605,289578)
May 31 2019 04:53:22 GMT: INFO (info): (hist.c:240) histogram dump: svc-demarshal (2053 total) msec
May 31 2019 04:53:22 GMT: INFO (info): (hist.c:257)  (00: 0000001859) (01: 0000000009) (02: 0000000002) (03: 0000000004)
May 31 2019 04:53:22 GMT: INFO (info): (hist.c:266)  (04: 0000000001) (05: 0000000001) (08: 0000000177)
May 31 2019 04:53:22 GMT: INFO (info): (hist.c:240) histogram dump: svc-queue (2053 total) msec
May 31 2019 04:53:22 GMT: INFO (info): (hist.c:266)  (00: 0000002053)
May 31 2019 04:53:22 GMT: INFO (info): (ticker.c:399) {ns1} objects: all 1830 master 937 prole 893 non-replica 0
May 31 2019 04:53:22 GMT: INFO (info): (ticker.c:457) {ns1} migrations: complete
May 31 2019 04:53:22 GMT: INFO (info): (ticker.c:484) {ns1} memory-usage: total-bytes 117120 index-bytes 117120 sindex-bytes 0 used-pct 0.11
May 31 2019 04:53:22 GMT: INFO (info): (ticker.c:545) {ns1} device-usage: used-bytes 55017120 avail-pct 95 cache-read-pct 13.33
May 31 2019 04:53:22 GMT: INFO (info): (ticker.c:595) {ns1} client: tsvc (0,0) proxy (0,0,0) read (84,0,0,947) write (1022,0,0) delete (0,0,0,0) udf (0,0,0) lang (0,0,0,0)
May 31 2019 04:53:22 GMT: INFO (info): (hist.c:240) histogram dump: {ns1}-read (1031 total) msec
May 31 2019 04:53:22 GMT: INFO (info): (hist.c:266)  (00: 0000001031)
May 31 2019 04:53:22 GMT: INFO (info): (hist.c:240) histogram dump: {ns1}-read-start (1031 total) msec
May 31 2019 04:53:22 GMT: INFO (info): (hist.c:266)  (00: 0000001031)
May 31 2019 04:53:22 GMT: INFO (info): (hist.c:240) histogram dump: {ns1}-read-restart (0 total) msec
May 31 2019 04:53:22 GMT: INFO (info): (hist.c:240) histogram dump: {ns1}-read-dup-res (0 total) msec
May 31 2019 04:53:22 GMT: INFO (info): (hist.c:240) histogram dump: {ns1}-read-repl-ping (0 total) msec
May 31 2019 04:53:22 GMT: INFO (info): (hist.c:240) histogram dump: {ns1}-read-local (1031 total) msec
May 31 2019 04:53:22 GMT: INFO (info): (hist.c:266)  (00: 0000001031)
May 31 2019 04:53:22 GMT: INFO (info): (hist.c:240) histogram dump: {ns1}-read-response (1031 total) msec
May 31 2019 04:53:22 GMT: INFO (info): (hist.c:266)  (00: 0000001031)
May 31 2019 04:53:22 GMT: INFO (info): (hist.c:240) histogram dump: {ns1}-write (1022 total) msec
May 31 2019 04:53:22 GMT: INFO (info): (hist.c:257)  (00: 0000000275) (01: 0000000520) (02: 0000000044) (03: 0000000003)
May 31 2019 04:53:22 GMT: INFO (info): (hist.c:266)  (04: 0000000002) (05: 0000000001) (08: 0000000177)
May 31 2019 04:53:22 GMT: INFO (info): (hist.c:240) histogram dump: {ns1}-write-start (1022 total) msec
May 31 2019 04:53:22 GMT: INFO (info): (hist.c:257)  (00: 0000000828) (01: 0000000009) (02: 0000000002) (03: 0000000004)
May 31 2019 04:53:22 GMT: INFO (info): (hist.c:266)  (04: 0000000001) (05: 0000000001) (08: 0000000177)
May 31 2019 04:53:22 GMT: INFO (info): (hist.c:240) histogram dump: {ns1}-write-restart (0 total) msec
May 31 2019 04:53:22 GMT: INFO (info): (hist.c:240) histogram dump: {ns1}-write-dup-res (0 total) msec
May 31 2019 04:53:22 GMT: INFO (info): (hist.c:240) histogram dump: {ns1}-write-master (1022 total) msec
May 31 2019 04:53:22 GMT: INFO (info): (hist.c:266)  (00: 0000001020) (01: 0000000002)
May 31 2019 04:53:22 GMT: INFO (info): (hist.c:240) histogram dump: {ns1}-write-repl-write (1022 total) msec
May 31 2019 04:53:22 GMT: INFO (info): (hist.c:257)  (00: 0000000933) (01: 0000000066) (02: 0000000022) (03: 0000000001)
May 31 2019 04:53:22 GMT: INFO (info): (hist.c:240) histogram dump: {ns1}-write-response (1022 total) msec
May 31 2019 04:53:22 GMT: INFO (info): (hist.c:266)  (00: 0000001022)
May 31 2019 04:53:22 GMT: INFO (info): (hist.c:240) histogram dump: {ns1}-proxy (0 total) msec
May 31 2019 04:53:22 GMT: INFO (info): (hist.c:240) histogram dump: {ns1}-device-read-size (88 total) bytes
May 31 2019 04:53:22 GMT: INFO (info): (hist.c:266)  (15: 0000000088)
May 31 2019 04:53:22 GMT: INFO (info): (hist.c:240) histogram dump: {ns1}-device-write-size (1995 total) bytes
May 31 2019 04:53:22 GMT: INFO (info): (hist.c:266)  (15: 0000001995)
May 31 2019 04:53:22 GMT: INFO (info): (hist.c:240) histogram dump: {ns1}-/opt/aerospike/data/ns1.dat-read (88 total) msec
May 31 2019 04:53:22 GMT: INFO (info): (hist.c:266)  (00: 0000000086) (01: 0000000002)
May 31 2019 04:53:22 GMT: INFO (info): (hist.c:240) histogram dump: {ns1}-/opt/aerospike/data/ns1.dat-large-block-read (151 total) msec
May 31 2019 04:53:22 GMT: INFO (info): (hist.c:266)  (00: 0000000137) (01: 0000000014)
May 31 2019 04:53:22 GMT: INFO (info): (hist.c:240) histogram dump: {ns1}-/opt/aerospike/data/ns1.dat-write (1076 total) msec
May 31 2019 04:53:22 GMT: INFO (info): (hist.c:257)  (00: 0000000099) (01: 0000000328) (02: 0000000642) (03: 0000000005)
May 31 2019 04:53:22 GMT: INFO (info): (hist.c:266)  (04: 0000000002)
May 31 2019 04:53:22 GMT: INFO (nsup): (nsup.c:829) {ns1} nsup-done: non-expirable 0 expired (0,0) evicted (0,0) evict-ttl 0 total-ms 32
May 31 2019 04:53:32 GMT: INFO (info): (ticker.c:162) NODE-ID bb99cd81db90a02 CLUSTER-SIZE 2
May 31 2019 04:53:32 GMT: INFO (info): (ticker.c:243)    cluster-clock: skew-ms 0
May 31 2019 04:53:32 GMT: INFO (info): (ticker.c:270)    system-memory: free-kbytes 1904832 free-pct 93 heap-kbytes (103092,105840,194560) heap-efficiency-pct 53.0
May 31 2019 04:53:32 GMT: INFO (info): (ticker.c:282)    in-progress: tsvc-q 0 info-q 0 rw-hash 0 proxy-hash 0 tree-gc-q 0
May 31 2019 04:53:32 GMT: INFO (info): (ticker.c:303)    fds: proto (9,14,5) heartbeat (1,1,0) fabric (24,24,0)
May 31 2019 04:53:32 GMT: INFO (info): (ticker.c:311)    heartbeat-received: self 0 foreign 866
May 31 2019 04:53:32 GMT: INFO (info): (ticker.c:341)    fabric-bytes-per-second: bulk (0,0) ctrl (0,0) meta (0,0) rw (286556,304579)
May 31 2019 04:53:32 GMT: INFO (info): (hist.c:240) histogram dump: svc-demarshal (2232 total) msec
May 31 2019 04:53:32 GMT: INFO (info): (hist.c:257)  (00: 0000002023) (01: 0000000009) (02: 0000000002) (03: 0000000004)
May 31 2019 04:53:32 GMT: INFO (info): (hist.c:266)  (04: 0000000001) (05: 0000000001) (08: 0000000192)
May 31 2019 04:53:32 GMT: INFO (info): (hist.c:240) histogram dump: svc-queue (2232 total) msec
May 31 2019 04:53:32 GMT: INFO (info): (hist.c:266)  (00: 0000002232)
May 31 2019 04:53:32 GMT: INFO (info): (ticker.c:399) {ns1} objects: all 1993 master 1019 prole 974 non-replica 0
May 31 2019 04:53:32 GMT: INFO (info): (ticker.c:457) {ns1} migrations: complete
May 31 2019 04:53:32 GMT: INFO (info): (ticker.c:484) {ns1} memory-usage: total-bytes 127552 index-bytes 127552 sindex-bytes 0 used-pct 0.12
May 31 2019 04:53:32 GMT: INFO (info): (ticker.c:545) {ns1} device-usage: used-bytes 59917552 avail-pct 95 cache-read-pct 25.00
May 31 2019 04:53:32 GMT: INFO (info): (ticker.c:595) {ns1} client: tsvc (0,0) proxy (0,0,0) read (99,0,0,1016) write (1117,0,0) delete (0,0,0,0) udf (0,0,0) lang (0,0,0,0)
May 31 2019 04:53:32 GMT: INFO (info): (hist.c:240) histogram dump: {ns1}-read (1115 total) msec
May 31 2019 04:53:32 GMT: INFO (info): (hist.c:266)  (00: 0000001115)
May 31 2019 04:53:32 GMT: INFO (info): (hist.c:240) histogram dump: {ns1}-read-start (1115 total) msec
May 31 2019 04:53:32 GMT: INFO (info): (hist.c:266)  (00: 0000001115)
May 31 2019 04:53:32 GMT: INFO (info): (hist.c:240) histogram dump: {ns1}-read-restart (0 total) msec
May 31 2019 04:53:32 GMT: INFO (info): (hist.c:240) histogram dump: {ns1}-read-dup-res (0 total) msec
May 31 2019 04:53:32 GMT: INFO (info): (hist.c:240) histogram dump: {ns1}-read-repl-ping (0 total) msec
May 31 2019 04:53:32 GMT: INFO (info): (hist.c:240) histogram dump: {ns1}-read-local (1115 total) msec
May 31 2019 04:53:32 GMT: INFO (info): (hist.c:266)  (00: 0000001115)
May 31 2019 04:53:32 GMT: INFO (info): (hist.c:240) histogram dump: {ns1}-read-response (1115 total) msec
May 31 2019 04:53:32 GMT: INFO (info): (hist.c:266)  (00: 0000001115)
May 31 2019 04:53:32 GMT: INFO (info): (hist.c:240) histogram dump: {ns1}-write (1117 total) msec
May 31 2019 04:53:32 GMT: INFO (info): (hist.c:257)  (00: 0000000307) (01: 0000000567) (02: 0000000045) (03: 0000000003)
May 31 2019 04:53:32 GMT: INFO (info): (hist.c:266)  (04: 0000000002) (05: 0000000001) (08: 0000000192)
May 31 2019 04:53:32 GMT: INFO (info): (hist.c:240) histogram dump: {ns1}-write-start (1117 total) msec
May 31 2019 04:53:32 GMT: INFO (info): (hist.c:257)  (00: 0000000908) (01: 0000000009) (02: 0000000002) (03: 0000000004)
May 31 2019 04:53:32 GMT: INFO (info): (hist.c:266)  (04: 0000000001) (05: 0000000001) (08: 0000000192)
May 31 2019 04:53:32 GMT: INFO (info): (hist.c:240) histogram dump: {ns1}-write-restart (0 total) msec
May 31 2019 04:53:32 GMT: INFO (info): (hist.c:240) histogram dump: {ns1}-write-dup-res (0 total) msec
May 31 2019 04:53:32 GMT: INFO (info): (hist.c:240) histogram dump: {ns1}-write-master (1117 total) msec
May 31 2019 04:53:32 GMT: INFO (info): (hist.c:266)  (00: 0000001115) (01: 0000000002)
May 31 2019 04:53:32 GMT: INFO (info): (hist.c:240) histogram dump: {ns1}-write-repl-write (1117 total) msec
May 31 2019 04:53:32 GMT: INFO (info): (hist.c:257)  (00: 0000001025) (01: 0000000069) (02: 0000000022) (03: 0000000001)
May 31 2019 04:53:32 GMT: INFO (info): (hist.c:240) histogram dump: {ns1}-write-response (1117 total) msec
May 31 2019 04:53:32 GMT: INFO (info): (hist.c:266)  (00: 0000001117)
May 31 2019 04:53:32 GMT: INFO (info): (hist.c:240) histogram dump: {ns1}-proxy (0 total) msec
May 31 2019 04:53:32 GMT: INFO (info): (hist.c:240) histogram dump: {ns1}-device-read-size (109 total) bytes
May 31 2019 04:53:32 GMT: INFO (info): (hist.c:266)  (15: 0000000109)
May 31 2019 04:53:32 GMT: INFO (info): (hist.c:240) histogram dump: {ns1}-device-write-size (2191 total) bytes
May 31 2019 04:53:32 GMT: INFO (info): (hist.c:266)  (15: 0000002191)
May 31 2019 04:53:32 GMT: INFO (info): (hist.c:240) histogram dump: {ns1}-/opt/aerospike/data/ns1.dat-read (109 total) msec
May 31 2019 04:53:32 GMT: INFO (info): (hist.c:266)  (00: 0000000107) (01: 0000000002)
May 31 2019 04:53:32 GMT: INFO (info): (hist.c:240) histogram dump: {ns1}-/opt/aerospike/data/ns1.dat-large-block-read (186 total) msec
May 31 2019 04:53:32 GMT: INFO (info): (hist.c:266)  (00: 0000000169) (01: 0000000017)
May 31 2019 04:53:32 GMT: INFO (info): (hist.c:240) histogram dump: {ns1}-/opt/aerospike/data/ns1.dat-write (1191 total) msec
May 31 2019 04:53:32 GMT: INFO (info): (hist.c:257)  (00: 0000000121) (01: 0000000375) (02: 0000000688) (03: 0000000005)
May 31 2019 04:53:32 GMT: INFO (info): (hist.c:266)  (04: 0000000002)
May 31 2019 04:53:42 GMT: INFO (drv_ssd): (drv_ssd.c:1911) {ns1} /opt/aerospike/data/ns1.dat: used-bytes 62923952 free-wblocks 22817 write-q 0 write (1264,9.7) defrag-q 0 defrag-read (212,3.1) defrag-write (105,1.5)
May 31 2019 04:53:42 GMT: INFO (info): (ticker.c:162) NODE-ID bb99cd81db90a02 CLUSTER-SIZE 2
May 31 2019 04:53:42 GMT: INFO (info): (ticker.c:243)    cluster-clock: skew-ms 0
May 31 2019 04:53:42 GMT: INFO (info): (ticker.c:270)    system-memory: free-kbytes 1906188 free-pct 93 heap-kbytes (102552,105292,194560) heap-efficiency-pct 52.7
May 31 2019 04:53:42 GMT: INFO (info): (ticker.c:282)    in-progress: tsvc-q 0 info-q 0 rw-hash 0 proxy-hash 0 tree-gc-q 0
May 31 2019 04:53:42 GMT: INFO (info): (ticker.c:303)    fds: proto (0,14,14) heartbeat (1,1,0) fabric (24,24,0)
May 31 2019 04:53:42 GMT: INFO (info): (ticker.c:311)    heartbeat-received: self 0 foreign 932
May 31 2019 04:53:42 GMT: INFO (info): (ticker.c:341)    fabric-bytes-per-second: bulk (0,0) ctrl (0,0) meta (0,0) rw (181014,208049)
May 31 2019 04:53:42 GMT: INFO (info): (hist.c:240) histogram dump: svc-demarshal (2349 total) msec
May 31 2019 04:53:42 GMT: INFO (info): (hist.c:257)  (00: 0000002129) (01: 0000000010) (02: 0000000003) (03: 0000000004)
May 31 2019 04:53:42 GMT: INFO (info): (hist.c:266)  (04: 0000000001) (05: 0000000001) (08: 0000000201)
May 31 2019 04:53:42 GMT: INFO (info): (hist.c:240) histogram dump: svc-queue (2349 total) msec
May 31 2019 04:53:42 GMT: INFO (info): (hist.c:266)  (00: 0000002349)
May 31 2019 04:53:42 GMT: INFO (info): (ticker.c:399) {ns1} objects: all 2093 master 1068 prole 1025 non-replica 0
May 31 2019 04:53:42 GMT: INFO (info): (ticker.c:457) {ns1} migrations: complete
May 31 2019 04:53:42 GMT: INFO (info): (ticker.c:484) {ns1} memory-usage: total-bytes 133952 index-bytes 133952 sindex-bytes 0 used-pct 0.13
May 31 2019 04:53:42 GMT: INFO (info): (ticker.c:545) {ns1} device-usage: used-bytes 62923952 avail-pct 95 cache-read-pct 20.00
May 31 2019 04:53:42 GMT: INFO (info): (ticker.c:595) {ns1} client: tsvc (0,0) proxy (0,0,0) read (108,0,0,1064) write (1177,0,0) delete (0,0,0,0) udf (0,0,0) lang (0,0,0,0)
May 31 2019 04:53:42 GMT: INFO (info): (hist.c:240) histogram dump: {ns1}-read (1172 total) msec
May 31 2019 04:53:42 GMT: INFO (info): (hist.c:266)  (00: 0000001172)
May 31 2019 04:53:42 GMT: INFO (info): (hist.c:240) histogram dump: {ns1}-read-start (1172 total) msec
May 31 2019 04:53:42 GMT: INFO (info): (hist.c:266)  (00: 0000001172)
May 31 2019 04:53:42 GMT: INFO (info): (hist.c:240) histogram dump: {ns1}-read-restart (0 total) msec
May 31 2019 04:53:42 GMT: INFO (info): (hist.c:240) histogram dump: {ns1}-read-dup-res (0 total) msec
May 31 2019 04:53:42 GMT: INFO (info): (hist.c:240) histogram dump: {ns1}-read-repl-ping (0 total) msec
May 31 2019 04:53:42 GMT: INFO (info): (hist.c:240) histogram dump: {ns1}-read-local (1172 total) msec
May 31 2019 04:53:42 GMT: INFO (info): (hist.c:266)  (00: 0000001172)
May 31 2019 04:53:42 GMT: INFO (info): (hist.c:240) histogram dump: {ns1}-read-response (1172 total) msec
May 31 2019 04:53:42 GMT: INFO (info): (hist.c:266)  (00: 0000001172)
May 31 2019 04:53:42 GMT: INFO (info): (hist.c:240) histogram dump: {ns1}-write (1177 total) msec
May 31 2019 04:53:42 GMT: INFO (info): (hist.c:257)  (00: 0000000322) (01: 0000000598) (02: 0000000049) (03: 0000000004)
May 31 2019 04:53:42 GMT: INFO (info): (hist.c:266)  (04: 0000000002) (05: 0000000001) (08: 0000000201)
May 31 2019 04:53:42 GMT: INFO (info): (hist.c:240) histogram dump: {ns1}-write-start (1177 total) msec
May 31 2019 04:53:42 GMT: INFO (info): (hist.c:257)  (00: 0000000957) (01: 0000000010) (02: 0000000003) (03: 0000000004)
May 31 2019 04:53:42 GMT: INFO (info): (hist.c:266)  (04: 0000000001) (05: 0000000001) (08: 0000000201)
May 31 2019 04:53:42 GMT: INFO (info): (hist.c:240) histogram dump: {ns1}-write-restart (0 total) msec
May 31 2019 04:53:42 GMT: INFO (info): (hist.c:240) histogram dump: {ns1}-write-dup-res (0 total) msec
May 31 2019 04:53:42 GMT: INFO (info): (hist.c:240) histogram dump: {ns1}-write-master (1177 total) msec
May 31 2019 04:53:42 GMT: INFO (info): (hist.c:266)  (00: 0000001175) (01: 0000000002)
May 31 2019 04:53:42 GMT: INFO (info): (hist.c:240) histogram dump: {ns1}-write-repl-write (1177 total) msec
May 31 2019 04:53:42 GMT: INFO (info): (hist.c:257)  (00: 0000001078) (01: 0000000074) (02: 0000000023) (03: 0000000002)
May 31 2019 04:53:42 GMT: INFO (info): (hist.c:240) histogram dump: {ns1}-write-response (1177 total) msec
May 31 2019 04:53:42 GMT: INFO (info): (hist.c:266)  (00: 0000001177)
May 31 2019 04:53:42 GMT: INFO (info): (hist.c:240) histogram dump: {ns1}-proxy (0 total) msec
May 31 2019 04:53:42 GMT: INFO (info): (hist.c:240) histogram dump: {ns1}-device-read-size (125 total) bytes
May 31 2019 04:53:42 GMT: INFO (info): (hist.c:266)  (15: 0000000125)
May 31 2019 04:53:42 GMT: INFO (info): (hist.c:240) histogram dump: {ns1}-device-write-size (2320 total) bytes
May 31 2019 04:53:42 GMT: INFO (info): (hist.c:266)  (15: 0000002320)
May 31 2019 04:53:42 GMT: INFO (info): (hist.c:240) histogram dump: {ns1}-/opt/aerospike/data/ns1.dat-read (125 total) msec
May 31 2019 04:53:42 GMT: INFO (info): (hist.c:266)  (00: 0000000123) (01: 0000000002)
May 31 2019 04:53:42 GMT: INFO (info): (hist.c:240) histogram dump: {ns1}-/opt/aerospike/data/ns1.dat-large-block-read (212 total) msec
May 31 2019 04:53:42 GMT: INFO (info): (hist.c:266)  (00: 0000000192) (01: 0000000020)
May 31 2019 04:53:42 GMT: INFO (info): (hist.c:240) histogram dump: {ns1}-/opt/aerospike/data/ns1.dat-write (1269 total) msec
May 31 2019 04:53:42 GMT: INFO (info): (hist.c:257)  (00: 0000000135) (01: 0000000400) (02: 0000000727) (03: 0000000005)
May 31 2019 04:53:42 GMT: INFO (info): (hist.c:266)  (04: 0000000002)
May 31 2019 04:53:52 GMT: INFO (info): (ticker.c:162) NODE-ID bb99cd81db90a02 CLUSTER-SIZE 2
May 31 2019 04:53:52 GMT: INFO (info): (ticker.c:243)    cluster-clock: skew-ms 0
May 31 2019 04:53:52 GMT: INFO (info): (ticker.c:270)    system-memory: free-kbytes 1904728 free-pct 93 heap-kbytes (102552,105292,194560) heap-efficiency-pct 52.7
May 31 2019 04:53:52 GMT: INFO (info): (ticker.c:282)    in-progress: tsvc-q 0 info-q 0 rw-hash 0 proxy-hash 0 tree-gc-q 0
May 31 2019 04:53:52 GMT: INFO (info): (ticker.c:303)    fds: proto (0,14,14) heartbeat (1,1,0) fabric (24,24,0)
May 31 2019 04:53:52 GMT: INFO (info): (ticker.c:311)    heartbeat-received: self 0 foreign 999
May 31 2019 04:53:52 GMT: INFO (info): (ticker.c:341)    fabric-bytes-per-second: bulk (0,0) ctrl (0,0) meta (0,0) rw (0,0)
May 31 2019 04:53:52 GMT: INFO (info): (hist.c:240) histogram dump: svc-demarshal (2349 total) msec
May 31 2019 04:53:52 GMT: INFO (info): (hist.c:257)  (00: 0000002129) (01: 0000000010) (02: 0000000003) (03: 0000000004)
May 31 2019 04:53:52 GMT: INFO (info): (hist.c:266)  (04: 0000000001) (05: 0000000001) (08: 0000000201)
May 31 2019 04:53:52 GMT: INFO (info): (hist.c:240) histogram dump: svc-queue (2349 total) msec
May 31 2019 04:53:52 GMT: INFO (info): (hist.c:266)  (00: 0000002349)
May 31 2019 04:53:52 GMT: INFO (info): (ticker.c:399) {ns1} objects: all 2093 master 1068 prole 1025 non-replica 0
May 31 2019 04:53:52 GMT: INFO (info): (ticker.c:457) {ns1} migrations: complete
May 31 2019 04:53:52 GMT: INFO (info): (ticker.c:484) {ns1} memory-usage: total-bytes 133952 index-bytes 133952 sindex-bytes 0 used-pct 0.13
May 31 2019 04:53:52 GMT: INFO (info): (ticker.c:545) {ns1} device-usage: used-bytes 62923952 avail-pct 95 cache-read-pct 0.00
May 31 2019 04:53:52 GMT: INFO (info): (ticker.c:595) {ns1} client: tsvc (0,0) proxy (0,0,0) read (108,0,0,1064) write (1177,0,0) delete (0,0,0,0) udf (0,0,0) lang (0,0,0,0)
May 31 2019 04:53:52 GMT: INFO (info): (hist.c:240) histogram dump: {ns1}-read (1172 total) msec
May 31 2019 04:53:52 GMT: INFO (info): (hist.c:266)  (00: 0000001172)
May 31 2019 04:53:52 GMT: INFO (info): (hist.c:240) histogram dump: {ns1}-read-start (1172 total) msec
May 31 2019 04:53:52 GMT: INFO (info): (hist.c:266)  (00: 0000001172)
May 31 2019 04:53:52 GMT: INFO (info): (hist.c:240) histogram dump: {ns1}-read-restart (0 total) msec
May 31 2019 04:53:52 GMT: INFO (info): (hist.c:240) histogram dump: {ns1}-read-dup-res (0 total) msec
May 31 2019 04:53:52 GMT: INFO (info): (hist.c:240) histogram dump: {ns1}-read-repl-ping (0 total) msec
May 31 2019 04:53:52 GMT: INFO (info): (hist.c:240) histogram dump: {ns1}-read-local (1172 total) msec
May 31 2019 04:53:52 GMT: INFO (info): (hist.c:266)  (00: 0000001172)
May 31 2019 04:53:52 GMT: INFO (info): (hist.c:240) histogram dump: {ns1}-read-response (1172 total) msec
May 31 2019 04:53:52 GMT: INFO (info): (hist.c:266)  (00: 0000001172)
May 31 2019 04:53:52 GMT: INFO (info): (hist.c:240) histogram dump: {ns1}-write (1177 total) msec
May 31 2019 04:53:52 GMT: INFO (info): (hist.c:257)  (00: 0000000322) (01: 0000000598) (02: 0000000049) (03: 0000000004)
May 31 2019 04:53:52 GMT: INFO (info): (hist.c:266)  (04: 0000000002) (05: 0000000001) (08: 0000000201)
May 31 2019 04:53:52 GMT: INFO (info): (hist.c:240) histogram dump: {ns1}-write-start (1177 total) msec
May 31 2019 04:53:52 GMT: INFO (info): (hist.c:257)  (00: 0000000957) (01: 0000000010) (02: 0000000003) (03: 0000000004)
May 31 2019 04:53:52 GMT: INFO (info): (hist.c:266)  (04: 0000000001) (05: 0000000001) (08: 0000000201)
May 31 2019 04:53:52 GMT: INFO (info): (hist.c:240) histogram dump: {ns1}-write-restart (0 total) msec
May 31 2019 04:53:52 GMT: INFO (info): (hist.c:240) histogram dump: {ns1}-write-dup-res (0 total) msec
May 31 2019 04:53:52 GMT: INFO (info): (hist.c:240) histogram dump: {ns1}-write-master (1177 total) msec
May 31 2019 04:53:52 GMT: INFO (info): (hist.c:266)  (00: 0000001175) (01: 0000000002)
May 31 2019 04:53:52 GMT: INFO (info): (hist.c:240) histogram dump: {ns1}-write-repl-write (1177 total) msec
May 31 2019 04:53:52 GMT: INFO (info): (hist.c:257)  (00: 0000001078) (01: 0000000074) (02: 0000000023) (03: 0000000002)
May 31 2019 04:53:52 GMT: INFO (info): (hist.c:240) histogram dump: {ns1}-write-response (1177 total) msec
May 31 2019 04:53:52 GMT: INFO (info): (hist.c:266)  (00: 0000001177)
May 31 2019 04:53:52 GMT: INFO (info): (hist.c:240) histogram dump: {ns1}-proxy (0 total) msec
May 31 2019 04:53:52 GMT: INFO (info): (hist.c:240) histogram dump: {ns1}-device-read-size (125 total) bytes
May 31 2019 04:53:52 GMT: INFO (info): (hist.c:266)  (15: 0000000125)
May 31 2019 04:53:52 GMT: INFO (info): (hist.c:240) histogram dump: {ns1}-device-write-size (2320 total) bytes
May 31 2019 04:53:52 GMT: INFO (info): (hist.c:266)  (15: 0000002320)
May 31 2019 04:53:52 GMT: INFO (info): (hist.c:240) histogram dump: {ns1}-/opt/aerospike/data/ns1.dat-read (125 total) msec
May 31 2019 04:53:52 GMT: INFO (info): (hist.c:266)  (00: 0000000123) (01: 0000000002)
May 31 2019 04:53:52 GMT: INFO (info): (hist.c:240) histogram dump: {ns1}-/opt/aerospike/data/ns1.dat-large-block-read (212 total) msec
May 31 2019 04:53:52 GMT: INFO (info): (hist.c:266)  (00: 0000000192) (01: 0000000020)
May 31 2019 04:53:52 GMT: INFO (info): (hist.c:240) histogram dump: {ns1}-/opt/aerospike/data/ns1.dat-write (1270 total) msec
May 31 2019 04:53:52 GMT: INFO (info): (hist.c:257)  (00: 0000000135) (01: 0000000400) (02: 0000000728) (03: 0000000005)
May 31 2019 04:53:52 GMT: INFO (info): (hist.c:266)  (04: 0000000002)
May 31 2019 04:54:02 GMT: INFO (drv_ssd): (drv_ssd.c:1911) {ns1} /opt/aerospike/data/ns1.dat: used-bytes 62923952 free-wblocks 22819 write-q 0 write (1264,0.0) defrag-q 0 defrag-read (212,0.0) defrag-write (105,0.0)
May 31 2019 04:54:02 GMT: INFO (info): (ticker.c:162) NODE-ID bb99cd81db90a02 CLUSTER-SIZE 2
May 31 2019 04:54:02 GMT: INFO (info): (ticker.c:243)    cluster-clock: skew-ms 0
May 31 2019 04:54:02 GMT: INFO (info): (ticker.c:270)    system-memory: free-kbytes 1904744 free-pct 93 heap-kbytes (102552,105292,194560) heap-efficiency-pct 52.7
May 31 2019 04:54:02 GMT: INFO (info): (ticker.c:282)    in-progress: tsvc-q 0 info-q 0 rw-hash 0 proxy-hash 0 tree-gc-q 0
May 31 2019 04:54:02 GMT: INFO (info): (ticker.c:303)    fds: proto (0,14,14) heartbeat (1,1,0) fabric (24,24,0)
May 31 2019 04:54:02 GMT: INFO (info): (ticker.c:311)    heartbeat-received: self 0 foreign 1066
May 31 2019 04:54:02 GMT: INFO (info): (ticker.c:341)    fabric-bytes-per-second: bulk (0,0) ctrl (0,0) meta (0,0) rw (0,0)
May 31 2019 04:54:02 GMT: INFO (info): (hist.c:240) histogram dump: svc-demarshal (2349 total) msec
May 31 2019 04:54:02 GMT: INFO (info): (hist.c:257)  (00: 0000002129) (01: 0000000010) (02: 0000000003) (03: 0000000004)
May 31 2019 04:54:02 GMT: INFO (info): (hist.c:266)  (04: 0000000001) (05: 0000000001) (08: 0000000201)
May 31 2019 04:54:02 GMT: INFO (info): (hist.c:240) histogram dump: svc-queue (2349 total) msec
May 31 2019 04:54:02 GMT: INFO (info): (hist.c:266)  (00: 0000002349)
May 31 2019 04:54:02 GMT: INFO (info): (ticker.c:399) {ns1} objects: all 2093 master 1068 prole 1025 non-replica 0
May 31 2019 04:54:02 GMT: INFO (info): (ticker.c:457) {ns1} migrations: complete
May 31 2019 04:54:02 GMT: INFO (info): (ticker.c:484) {ns1} memory-usage: total-bytes 133952 index-bytes 133952 sindex-bytes 0 used-pct 0.13
May 31 2019 04:54:02 GMT: INFO (info): (ticker.c:545) {ns1} device-usage: used-bytes 62923952 avail-pct 95 cache-read-pct 0.00
May 31 2019 04:54:02 GMT: INFO (info): (ticker.c:595) {ns1} client: tsvc (0,0) proxy (0,0,0) read (108,0,0,1064) write (1177,0,0) delete (0,0,0,0) udf (0,0,0) lang (0,0,0,0)
May 31 2019 04:54:02 GMT: INFO (info): (hist.c:240) histogram dump: {ns1}-read (1172 total) msec
May 31 2019 04:54:02 GMT: INFO (info): (hist.c:266)  (00: 0000001172)
May 31 2019 04:54:02 GMT: INFO (info): (hist.c:240) histogram dump: {ns1}-read-start (1172 total) msec
May 31 2019 04:54:02 GMT: INFO (info): (hist.c:266)  (00: 0000001172)
May 31 2019 04:54:02 GMT: INFO (info): (hist.c:240) histogram dump: {ns1}-read-restart (0 total) msec
May 31 2019 04:54:02 GMT: INFO (info): (hist.c:240) histogram dump: {ns1}-read-dup-res (0 total) msec
May 31 2019 04:54:02 GMT: INFO (info): (hist.c:240) histogram dump: {ns1}-read-repl-ping (0 total) msec
May 31 2019 04:54:02 GMT: INFO (info): (hist.c:240) histogram dump: {ns1}-read-local (1172 total) msec
May 31 2019 04:54:02 GMT: INFO (info): (hist.c:266)  (00: 0000001172)
May 31 2019 04:54:02 GMT: INFO (info): (hist.c:240) histogram dump: {ns1}-read-response (1172 total) msec
May 31 2019 04:54:02 GMT: INFO (info): (hist.c:266)  (00: 0000001172)
May 31 2019 04:54:02 GMT: INFO (info): (hist.c:240) histogram dump: {ns1}-write (1177 total) msec
May 31 2019 04:54:02 GMT: INFO (info): (hist.c:257)  (00: 0000000322) (01: 0000000598) (02: 0000000049) (03: 0000000004)
May 31 2019 04:54:02 GMT: INFO (info): (hist.c:266)  (04: 0000000002) (05: 0000000001) (08: 0000000201)
May 31 2019 04:54:02 GMT: INFO (info): (hist.c:240) histogram dump: {ns1}-write-start (1177 total) msec
May 31 2019 04:54:02 GMT: INFO (info): (hist.c:257)  (00: 0000000957) (01: 0000000010) (02: 0000000003) (03: 0000000004)
May 31 2019 04:54:02 GMT: INFO (info): (hist.c:266)  (04: 0000000001) (05: 0000000001) (08: 0000000201)
May 31 2019 04:54:02 GMT: INFO (info): (hist.c:240) histogram dump: {ns1}-write-restart (0 total) msec
May 31 2019 04:54:02 GMT: INFO (info): (hist.c:240) histogram dump: {ns1}-write-dup-res (0 total) msec
May 31 2019 04:54:02 GMT: INFO (info): (hist.c:240) histogram dump: {ns1}-write-master (1177 total) msec
May 31 2019 04:54:02 GMT: INFO (info): (hist.c:266)  (00: 0000001175) (01: 0000000002)
May 31 2019 04:54:02 GMT: INFO (info): (hist.c:240) histogram dump: {ns1}-write-repl-write (1177 total) msec
May 31 2019 04:54:02 GMT: INFO (info): (hist.c:257)  (00: 0000001078) (01: 0000000074) (02: 0000000023) (03: 0000000002)
May 31 2019 04:54:02 GMT: INFO (info): (hist.c:240) histogram dump: {ns1}-write-response (1177 total) msec
May 31 2019 04:54:02 GMT: INFO (info): (hist.c:266)  (00: 0000001177)
May 31 2019 04:54:02 GMT: INFO (info): (hist.c:240) histogram dump: {ns1}-proxy (0 total) msec
May 31 2019 04:54:02 GMT: INFO (info): (hist.c:240) histogram dump: {ns1}-device-read-size (125 total) bytes
May 31 2019 04:54:02 GMT: INFO (info): (hist.c:266)  (15: 0000000125)
May 31 2019 04:54:02 GMT: INFO (info): (hist.c:240) histogram dump: {ns1}-device-write-size (2320 total) bytes
May 31 2019 04:54:02 GMT: INFO (info): (hist.c:266)  (15: 0000002320)
May 31 2019 04:54:02 GMT: INFO (info): (hist.c:240) histogram dump: {ns1}-/opt/aerospike/data/ns1.dat-read (125 total) msec
May 31 2019 04:54:02 GMT: INFO (info): (hist.c:266)  (00: 0000000123) (01: 0000000002)
May 31 2019 04:54:02 GMT: INFO (info): (hist.c:240) histogram dump: {ns1}-/opt/aerospike/data/ns1.dat-large-block-read (212 total) msec
May 31 2019 04:54:02 GMT: INFO (info): (hist.c:266)  (00: 0000000192) (01: 0000000020)
May 31 2019 04:54:02 GMT: INFO (info): (hist.c:240) histogram dump: {ns1}-/opt/aerospike/data/ns1.dat-write (1270 total) msec
May 31 2019 04:54:02 GMT: INFO (info): (hist.c:257)  (00: 0000000135) (01: 0000000400) (02: 0000000728) (03: 0000000005)
May 31 2019 04:54:02 GMT: INFO (info): (hist.c:266)  (04: 0000000002)
