May 31 2019 04:51:21 GMT: INFO (as): (as.c:317) <><><><><><><><><><>  Aerospike Enterprise Edition build 4.5.3.2  <><><><><><><><><><>
May 31 2019 04:51:21 GMT: INFO (config): (cfg.c:4050) # Aerospike database configuration file.
May 31 2019 04:51:21 GMT: INFO (config): (cfg.c:4050) 
May 31 2019 04:51:21 GMT: INFO (config): (cfg.c:4050) service {
May 31 2019 04:51:21 GMT: INFO (config): (cfg.c:4050) 	user root
May 31 2019 04:51:21 GMT: INFO (config): (cfg.c:4050) 	group root
May 31 2019 04:51:21 GMT: INFO (config): (cfg.c:4050) 	paxos-single-replica-limit 1 # Number of nodes where the replica count is automatically reduced to 1.
May 31 2019 04:51:21 GMT: INFO (config): (cfg.c:4050) 	pidfile /var/run/aerospike/asd.pid
May 31 2019 04:51:21 GMT: INFO (config): (cfg.c:4050) 	service-threads 4
May 31 2019 04:51:21 GMT: INFO (config): (cfg.c:4050) 	transaction-queues 4
May 31 2019 04:51:21 GMT: INFO (config): (cfg.c:4050) 	transaction-threads-per-queue 4
May 31 2019 04:51:21 GMT: INFO (config): (cfg.c:4050) 	proto-fd-max 15000
May 31 2019 04:51:21 GMT: INFO (config): (cfg.c:4050) }
May 31 2019 04:51:21 GMT: INFO (config): (cfg.c:4050) 
May 31 2019 04:51:21 GMT: INFO (config): (cfg.c:4050) logging {
May 31 2019 04:51:21 GMT: INFO (config): (cfg.c:4050) 	# Log file must be an absolute path.
May 31 2019 04:51:21 GMT: INFO (config): (cfg.c:4050) 	file /var/log/aerospike/aerospike.log {
May 31 2019 04:51:21 GMT: INFO (config): (cfg.c:4050) 		context any info
May 31 2019 04:51:21 GMT: INFO (config): (cfg.c:4050) 	}
May 31 2019 04:51:21 GMT: INFO (config): (cfg.c:4050) }
May 31 2019 04:51:21 GMT: INFO (config): (cfg.c:4050) 
May 31 2019 04:51:21 GMT: INFO (config): (cfg.c:4050) network {
May 31 2019 04:51:21 GMT: INFO (config): (cfg.c:4050) 	service {
May 31 2019 04:51:21 GMT: INFO (config): (cfg.c:4050) 		address any
May 31 2019 04:51:21 GMT: INFO (config): (cfg.c:4050)                 access-address 52.66.212.176
May 31 2019 04:51:21 GMT: INFO (config): (cfg.c:4050) 		port 3000
May 31 2019 04:51:21 GMT: INFO (config): (cfg.c:4050) 	}
May 31 2019 04:51:21 GMT: INFO (config): (cfg.c:4050) 
May 31 2019 04:51:21 GMT: INFO (config): (cfg.c:4050) 	heartbeat {
May 31 2019 04:51:21 GMT: INFO (config): (cfg.c:4050)     mode mesh
May 31 2019 04:51:21 GMT: INFO (config): (cfg.c:4050)     port 3002
May 31 2019 04:51:21 GMT: INFO (config): (cfg.c:4050)     address any
May 31 2019 04:51:21 GMT: INFO (config): (cfg.c:4050) 
May 31 2019 04:51:21 GMT: INFO (config): (cfg.c:4050)     # To form a cluster, add Private IP of a node on AWS
May 31 2019 04:51:21 GMT: INFO (config): (cfg.c:4050)     # You can add multiple entries for mesh-seed-address-port
May 31 2019 04:51:21 GMT: INFO (config): (cfg.c:4050) 		mesh-seed-address-port 172.31.17.250 3002
May 31 2019 04:51:21 GMT: INFO (config): (cfg.c:4050) 
May 31 2019 04:51:21 GMT: INFO (config): (cfg.c:4050) 		interval 150
May 31 2019 04:51:21 GMT: INFO (config): (cfg.c:4050) 		timeout 10
May 31 2019 04:51:21 GMT: INFO (config): (cfg.c:4050) 	}
May 31 2019 04:51:21 GMT: INFO (config): (cfg.c:4050) 
May 31 2019 04:51:21 GMT: INFO (config): (cfg.c:4050) 	fabric {
May 31 2019 04:51:21 GMT: INFO (config): (cfg.c:4050) 		port 3001
May 31 2019 04:51:21 GMT: INFO (config): (cfg.c:4050) 	}
May 31 2019 04:51:21 GMT: INFO (config): (cfg.c:4050) 
May 31 2019 04:51:21 GMT: INFO (config): (cfg.c:4050) 	info {
May 31 2019 04:51:21 GMT: INFO (config): (cfg.c:4050) 		port 3003
May 31 2019 04:51:21 GMT: INFO (config): (cfg.c:4050) 	}
May 31 2019 04:51:21 GMT: INFO (config): (cfg.c:4050) }
May 31 2019 04:51:21 GMT: INFO (config): (cfg.c:4050) 
May 31 2019 04:51:21 GMT: INFO (config): (cfg.c:4050) #Note - space before { bracket. Important to have the space.
May 31 2019 04:51:21 GMT: INFO (config): (cfg.c:4050) namespace ns1 {
May 31 2019 04:51:21 GMT: INFO (config): (cfg.c:4050) 	replication-factor 2
May 31 2019 04:51:21 GMT: INFO (config): (cfg.c:4050) 	memory-size 100M
May 31 2019 04:51:21 GMT: INFO (config): (cfg.c:4050) 	default-ttl 30m # 30 minutes
May 31 2019 04:51:21 GMT: INFO (config): (cfg.c:4050) 
May 31 2019 04:51:21 GMT: INFO (config): (cfg.c:4050)         storage-engine device {
May 31 2019 04:51:21 GMT: INFO (config): (cfg.c:4050)   		file /opt/aerospike/data/ns1.dat
May 31 2019 04:51:21 GMT: INFO (config): (cfg.c:4050)   		filesize 1500M
May 31 2019 04:51:21 GMT: INFO (config): (cfg.c:4050)                 write-block-size 64K  # 1M is the default
May 31 2019 04:51:21 GMT: INFO (config): (cfg.c:4050)                 direct-files true
May 31 2019 04:51:21 GMT: INFO (config): (cfg.c:4050)   		data-in-memory false # Store data in memory in addition to file? false is also default.
May 31 2019 04:51:21 GMT: INFO (config): (cfg.c:4050)   	}
May 31 2019 04:51:21 GMT: INFO (config): (cfg.c:4050) }
May 31 2019 04:51:21 GMT: INFO (config): (features_ee.c:135) no feature key (/etc/aerospike/features.conf)
May 31 2019 04:51:21 GMT: INFO (config): (cfg.c:4073) system file descriptor limit: 100000, proto-fd-max: 15000
May 31 2019 04:51:21 GMT: INFO (hardware): (hardware.c:1990) detected 1 CPU(s), 1 core(s), 1 NUMA node(s)
May 31 2019 04:51:21 GMT: INFO (socket): (socket.c:2879) Node port 3001, node ID bb95e259ff03202
May 31 2019 04:51:21 GMT: INFO (config): (cfg.c:4116) node-id bb95e259ff03202
May 31 2019 04:51:21 GMT: INFO (smd): (smd.c:2320) no file '/opt/aerospike/smd/evict.smd' - starting empty
May 31 2019 04:51:21 GMT: INFO (drv_ssd): (drv_ssd_ee.c:836) {ns1} peek couldn't open file /opt/aerospike/data/ns1.dat: No such file or directory
May 31 2019 04:51:21 GMT: INFO (namespace): (namespace_ee.c:269) {ns1} found no stored data, will cold start
May 31 2019 04:51:21 GMT: INFO (namespace): (namespace_ee.c:377) {ns1} beginning cold start
May 31 2019 04:51:21 GMT: INFO (smd): (smd.c:2320) no file '/opt/aerospike/smd/roster.smd' - starting empty
May 31 2019 04:51:21 GMT: INFO (smd): (smd.c:2320) no file '/opt/aerospike/smd/truncate.smd' - starting empty
May 31 2019 04:51:21 GMT: INFO (smd): (smd.c:2320) no file '/opt/aerospike/smd/sindex.smd' - starting empty
May 31 2019 04:51:21 GMT: INFO (drv_ssd): (drv_ssd.c:3297) opened file /opt/aerospike/data/ns1.dat: usable size 1572864000
May 31 2019 04:51:21 GMT: INFO (drv_ssd): (drv_ssd.c:1057) /opt/aerospike/data/ns1.dat has 24000 wblocks of size 65536
May 31 2019 04:51:21 GMT: INFO (drv_ssd): (drv_ssd.c:2930) {ns1} found all 1 devices fresh, initializing to random 9214447718425166404
May 31 2019 04:51:21 GMT: INFO (drv_ssd): (drv_ssd.c:1025) {ns1} loading free & defrag queues
May 31 2019 04:51:21 GMT: INFO (drv_ssd): (drv_ssd.c:964) /opt/aerospike/data/ns1.dat init defrag profile: 0,0,0,0,0,0,0,0,0,0,0,0,0,0,0,0,0,0,0,0,0,0,0,0,0,0,0,0,0,0,0,0,0,0,0,0,0,0,0,0,0,0,0,0,0,0,0,0,0,0
May 31 2019 04:51:21 GMT: INFO (drv_ssd): (drv_ssd.c:1046) /opt/aerospike/data/ns1.dat init wblock free-q 23872, defrag-q 0
May 31 2019 04:51:21 GMT: INFO (drv_ssd): (drv_ssd.c:2181) {ns1} starting device maintenance threads
May 31 2019 04:51:21 GMT: INFO (drv_ssd): (drv_ssd.c:1490) {ns1} starting write threads
May 31 2019 04:51:21 GMT: INFO (drv_ssd): (drv_ssd.c:884) {ns1} starting defrag threads
May 31 2019 04:51:21 GMT: INFO (as): (as.c:376) initializing services...
May 31 2019 04:51:21 GMT: INFO (tsvc): (thr_tsvc.c:129) 4 transaction queues: starting 4 threads per queue
May 31 2019 04:51:21 GMT: INFO (hb): (hb.c:6806) added new mesh seed 172.31.17.250:3002
May 31 2019 04:51:21 GMT: INFO (fabric): (fabric.c:767) updated fabric published address list to {172.31.31.28:3001}
May 31 2019 04:51:21 GMT: INFO (partition): (partition_balance.c:201) {ns1} 4096 partitions: found 4096 absent, 0 stored
May 31 2019 04:51:21 GMT: INFO (hb): (hb.c:5525) updated heartbeat published address list to {172.31.31.28:3002}
May 31 2019 04:51:21 GMT: INFO (smd): (smd.c:2320) no file '/opt/aerospike/smd/UDF.smd' - starting empty
May 31 2019 04:51:21 GMT: INFO (batch): (batch.c:731) starting 1 batch-index-threads
May 31 2019 04:51:21 GMT: INFO (health): (health.c:319) starting health monitor thread
May 31 2019 04:51:21 GMT: INFO (fabric): (fabric.c:424) starting 8 fabric send threads
May 31 2019 04:51:21 GMT: INFO (fabric): (fabric.c:438) starting 16 fabric rw channel recv threads
May 31 2019 04:51:21 GMT: INFO (fabric): (fabric.c:438) starting 4 fabric ctrl channel recv threads
May 31 2019 04:51:21 GMT: INFO (fabric): (fabric.c:438) starting 4 fabric bulk channel recv threads
May 31 2019 04:51:21 GMT: INFO (fabric): (fabric.c:438) starting 4 fabric meta channel recv threads
May 31 2019 04:51:21 GMT: INFO (fabric): (fabric.c:444) starting fabric accept thread
May 31 2019 04:51:21 GMT: INFO (xdr): (xdr_serverside.c:596) XDR is not configured, not initializing XDR
May 31 2019 04:51:21 GMT: INFO (hb): (hb.c:7042) initializing mesh heartbeat socket: 0.0.0.0:3002
May 31 2019 04:51:21 GMT: INFO (hb): (hb.c:7071) mtu of the network is 9001
May 31 2019 04:51:21 GMT: INFO (hb): (socket.c:847) Started mesh heartbeat endpoint 0.0.0.0:3002
May 31 2019 04:51:21 GMT: INFO (hb): (socket.c:847) Started mesh heartbeat endpoint [::]:3002
May 31 2019 04:51:21 GMT: INFO (nsup): (nsup.c:212) starting namespace supervisor threads
May 31 2019 04:51:21 GMT: INFO (service): (service.c:646) starting reaper thread
May 31 2019 04:51:21 GMT: INFO (service): (socket.c:847) Started client endpoint 0.0.0.0:3000
May 31 2019 04:51:21 GMT: INFO (service): (socket.c:847) Started client endpoint [::]:3000
May 31 2019 04:51:21 GMT: INFO (service): (service.c:148) starting 4 service threads
May 31 2019 04:51:21 GMT: INFO (service): (service.c:157) starting accept thread
May 31 2019 04:51:21 GMT: INFO (info-port): (thr_info_port.c:298) starting info port thread
May 31 2019 04:51:21 GMT: INFO (fabric): (socket.c:847) Started fabric endpoint 0.0.0.0:3001
May 31 2019 04:51:21 GMT: INFO (fabric): (socket.c:847) Started fabric endpoint [::]:3001
May 31 2019 04:51:21 GMT: INFO (info-port): (socket.c:847) Started info endpoint 0.0.0.0:3003
May 31 2019 04:51:21 GMT: INFO (info-port): (socket.c:847) Started info endpoint [::]:3003
May 31 2019 04:51:21 GMT: INFO (drv_ssd): (drv_ssd_ee.c:1427) {ns1} starting tomb raider thread
May 31 2019 04:51:21 GMT: INFO (as): (as.c:421) service ready: soon there will be cake!
May 31 2019 04:51:21 GMT: INFO (hb): (hb.c:8642) node arrived bb99cd81db90a02
May 31 2019 04:51:21 GMT: INFO (fabric): (fabric.c:2462) fabric: node bb99cd81db90a02 arrived
May 31 2019 04:51:21 GMT: INFO (clustering): (clustering.c:5989) sent cluster join request to bb99cd81db90a02
May 31 2019 04:51:21 GMT: INFO (info): (thr_info.c:3195) Changing value of enable-benchmarks-read of ns ns1 from false to true
May 31 2019 04:51:21 GMT: INFO (info): (thr_info.c:3494) config-set command completed: params context=namespace;id=ns1;enable-benchmarks-read=true
May 31 2019 04:51:22 GMT: WARNING (socket): (socket.c:900) Error while connecting: 111 (Connection refused)
May 31 2019 04:51:22 GMT: WARNING (socket): (socket.c:959) Error while connecting socket to 172.31.17.250:3002
May 31 2019 04:51:22 GMT: WARNING (hb): (hb.c:4882) could not create heartbeat connection to node {172.31.17.250:3002}
May 31 2019 04:51:22 GMT: INFO (info): (thr_info.c:3266) Changing value of enable-benchmarks-write of ns ns1 from false to true
May 31 2019 04:51:22 GMT: INFO (info): (thr_info.c:3494) config-set command completed: params context=namespace;id=ns1;enable-benchmarks-write=true
May 31 2019 04:51:22 GMT: INFO (info): (thr_info.c:3214) Changing value of enable-benchmarks-storage of ns ns1 from false to true
May 31 2019 04:51:22 GMT: INFO (info): (thr_info.c:3494) config-set command completed: params context=namespace;id=ns1;enable-benchmarks-storage=true
May 31 2019 04:51:23 GMT: INFO (info): (thr_info.c:2532) Changing value of enable-benchmarks-svc to true
May 31 2019 04:51:23 GMT: INFO (info): (thr_info.c:3494) config-set command completed: params context=service;enable-benchmarks-svc=true
May 31 2019 04:51:23 GMT: INFO (info): (thr_info.c:3285) Changing value of enable-hist-proxy of ns ns1 from false to true
May 31 2019 04:51:23 GMT: INFO (info): (thr_info.c:3494) config-set command completed: params context=namespace;id=ns1;enable-hist-proxy=true
May 31 2019 04:51:24 GMT: INFO (clustering): (clustering.c:5795) applied new cluster key 6d7cfbd79699
May 31 2019 04:51:24 GMT: INFO (clustering): (clustering.c:5797) applied new succession list bb99cd81db90a02 bb95e259ff03202
May 31 2019 04:51:24 GMT: INFO (clustering): (clustering.c:5799) applied cluster size 2
May 31 2019 04:51:24 GMT: INFO (exchange): (exchange.c:2315) data exchange started with cluster key 6d7cfbd79699
May 31 2019 04:51:24 GMT: INFO (exchange): (exchange.c:3191) received commit command from principal node bb99cd81db90a02
May 31 2019 04:51:24 GMT: INFO (exchange): (exchange.c:3154) data exchange completed with cluster key 6d7cfbd79699
May 31 2019 04:51:24 GMT: INFO (partition): (partition_balance.c:985) {ns1} replication factor is 2
May 31 2019 04:51:24 GMT: INFO (partition): (partition_balance.c:957) {ns1} rebalanced: expected-migrations (0,0,0) fresh-partitions 4096
May 31 2019 04:51:31 GMT: INFO (info): (ticker.c:162) NODE-ID bb95e259ff03202 CLUSTER-SIZE 2
May 31 2019 04:51:31 GMT: INFO (info): (ticker.c:243)    cluster-clock: skew-ms 0
May 31 2019 04:51:31 GMT: INFO (info): (ticker.c:270)    system-memory: free-kbytes 1934352 free-pct 94 heap-kbytes (82415,83056,145408) heap-efficiency-pct 56.7
May 31 2019 04:51:31 GMT: INFO (info): (ticker.c:282)    in-progress: tsvc-q 0 info-q 0 rw-hash 0 proxy-hash 0 tree-gc-q 0
May 31 2019 04:51:31 GMT: INFO (info): (ticker.c:303)    fds: proto (0,5,5) heartbeat (1,3,2) fabric (24,84,60)
May 31 2019 04:51:31 GMT: INFO (info): (ticker.c:311)    heartbeat-received: self 0 foreign 63
May 31 2019 04:51:31 GMT: INFO (info): (ticker.c:341)    fabric-bytes-per-second: bulk (4,4) ctrl (97,54) meta (7,2) rw (19,19)
May 31 2019 04:51:31 GMT: INFO (info): (hist.c:240) histogram dump: svc-demarshal (0 total) msec
May 31 2019 04:51:31 GMT: INFO (info): (hist.c:240) histogram dump: svc-queue (0 total) msec
May 31 2019 04:51:31 GMT: INFO (info): (ticker.c:399) {ns1} objects: all 0 master 0 prole 0 non-replica 0
May 31 2019 04:51:31 GMT: INFO (info): (ticker.c:457) {ns1} migrations: complete
May 31 2019 04:51:31 GMT: INFO (info): (ticker.c:484) {ns1} memory-usage: total-bytes 0 index-bytes 0 sindex-bytes 0 used-pct 0.00
May 31 2019 04:51:31 GMT: INFO (info): (ticker.c:545) {ns1} device-usage: used-bytes 0 avail-pct 99 cache-read-pct 0.00
May 31 2019 04:51:31 GMT: INFO (info): (hist.c:240) histogram dump: {ns1}-read-start (0 total) msec
May 31 2019 04:51:31 GMT: INFO (info): (hist.c:240) histogram dump: {ns1}-read-restart (0 total) msec
May 31 2019 04:51:31 GMT: INFO (info): (hist.c:240) histogram dump: {ns1}-read-dup-res (0 total) msec
May 31 2019 04:51:31 GMT: INFO (info): (hist.c:240) histogram dump: {ns1}-read-repl-ping (0 total) msec
May 31 2019 04:51:31 GMT: INFO (info): (hist.c:240) histogram dump: {ns1}-read-local (0 total) msec
May 31 2019 04:51:31 GMT: INFO (info): (hist.c:240) histogram dump: {ns1}-read-response (0 total) msec
May 31 2019 04:51:31 GMT: INFO (info): (hist.c:240) histogram dump: {ns1}-write-start (0 total) msec
May 31 2019 04:51:31 GMT: INFO (info): (hist.c:240) histogram dump: {ns1}-write-restart (0 total) msec
May 31 2019 04:51:31 GMT: INFO (info): (hist.c:240) histogram dump: {ns1}-write-dup-res (0 total) msec
May 31 2019 04:51:31 GMT: INFO (info): (hist.c:240) histogram dump: {ns1}-write-master (0 total) msec
May 31 2019 04:51:31 GMT: INFO (info): (hist.c:240) histogram dump: {ns1}-write-repl-write (0 total) msec
May 31 2019 04:51:31 GMT: INFO (info): (hist.c:240) histogram dump: {ns1}-write-response (0 total) msec
May 31 2019 04:51:31 GMT: INFO (info): (hist.c:240) histogram dump: {ns1}-proxy (0 total) msec
May 31 2019 04:51:31 GMT: INFO (info): (hist.c:240) histogram dump: {ns1}-device-read-size (0 total) bytes
May 31 2019 04:51:31 GMT: INFO (info): (hist.c:240) histogram dump: {ns1}-device-write-size (0 total) bytes
May 31 2019 04:51:31 GMT: INFO (info): (hist.c:240) histogram dump: {ns1}-/opt/aerospike/data/ns1.dat-read (0 total) msec
May 31 2019 04:51:31 GMT: INFO (info): (hist.c:240) histogram dump: {ns1}-/opt/aerospike/data/ns1.dat-large-block-read (0 total) msec
May 31 2019 04:51:31 GMT: INFO (info): (hist.c:240) histogram dump: {ns1}-/opt/aerospike/data/ns1.dat-write (0 total) msec
May 31 2019 04:51:31 GMT: WARNING (socket): (socket.c:959) (repeated:3) Error while connecting socket to 172.31.17.250:3002
May 31 2019 04:51:31 GMT: WARNING (hb): (hb.c:4882) (repeated:3) could not create heartbeat connection to node {172.31.17.250:3002}
May 31 2019 04:51:31 GMT: WARNING (socket): (socket.c:900) (repeated:3) Error while connecting: 111 (Connection refused)
May 31 2019 04:51:41 GMT: INFO (drv_ssd): (drv_ssd.c:1911) {ns1} /opt/aerospike/data/ns1.dat: used-bytes 901920 free-wblocks 23857 write-q 0 write (14,0.7) defrag-q 0 defrag-read (0,0.0) defrag-write (0,0.0)
May 31 2019 04:51:41 GMT: INFO (info): (ticker.c:162) NODE-ID bb95e259ff03202 CLUSTER-SIZE 2
May 31 2019 04:51:41 GMT: INFO (info): (ticker.c:243)    cluster-clock: skew-ms 0
May 31 2019 04:51:41 GMT: INFO (info): (ticker.c:270)    system-memory: free-kbytes 1929568 free-pct 94 heap-kbytes (85208,86272,172032) heap-efficiency-pct 49.5
May 31 2019 04:51:41 GMT: INFO (info): (ticker.c:282)    in-progress: tsvc-q 0 info-q 0 rw-hash 0 proxy-hash 0 tree-gc-q 0
May 31 2019 04:51:41 GMT: INFO (info): (ticker.c:303)    fds: proto (8,13,5) heartbeat (1,3,2) fabric (24,84,60)
May 31 2019 04:51:41 GMT: INFO (info): (ticker.c:311)    heartbeat-received: self 0 foreign 130
May 31 2019 04:51:41 GMT: INFO (info): (ticker.c:341)    fabric-bytes-per-second: bulk (0,0) ctrl (0,0) meta (0,0) rw (39232,51247)
May 31 2019 04:51:41 GMT: INFO (info): (hist.c:240) histogram dump: svc-demarshal (28 total) msec
May 31 2019 04:51:41 GMT: INFO (info): (hist.c:266)  (00: 0000000021) (08: 0000000007)
May 31 2019 04:51:41 GMT: INFO (info): (hist.c:240) histogram dump: svc-queue (28 total) msec
May 31 2019 04:51:41 GMT: INFO (info): (hist.c:266)  (00: 0000000028)
May 31 2019 04:51:41 GMT: INFO (info): (ticker.c:399) {ns1} objects: all 30 master 13 prole 17 non-replica 0
May 31 2019 04:51:41 GMT: INFO (info): (ticker.c:457) {ns1} migrations: complete
May 31 2019 04:51:41 GMT: INFO (info): (ticker.c:484) {ns1} memory-usage: total-bytes 1920 index-bytes 1920 sindex-bytes 0 used-pct 0.00
May 31 2019 04:51:41 GMT: INFO (info): (ticker.c:545) {ns1} device-usage: used-bytes 901920 avail-pct 99 cache-read-pct 0.00
May 31 2019 04:51:41 GMT: INFO (info): (ticker.c:595) {ns1} client: tsvc (0,0) proxy (0,0,0) read (0,0,0,15) write (13,0,0) delete (0,0,0,0) udf (0,0,0) lang (0,0,0,0)
May 31 2019 04:51:41 GMT: INFO (info): (hist.c:240) histogram dump: {ns1}-read (15 total) msec
May 31 2019 04:51:41 GMT: INFO (info): (hist.c:266)  (00: 0000000015)
May 31 2019 04:51:41 GMT: INFO (info): (hist.c:240) histogram dump: {ns1}-read-start (15 total) msec
May 31 2019 04:51:41 GMT: INFO (info): (hist.c:266)  (00: 0000000015)
May 31 2019 04:51:41 GMT: INFO (info): (hist.c:240) histogram dump: {ns1}-read-restart (0 total) msec
May 31 2019 04:51:41 GMT: INFO (info): (hist.c:240) histogram dump: {ns1}-read-dup-res (0 total) msec
May 31 2019 04:51:41 GMT: INFO (info): (hist.c:240) histogram dump: {ns1}-read-repl-ping (0 total) msec
May 31 2019 04:51:41 GMT: INFO (info): (hist.c:240) histogram dump: {ns1}-read-local (15 total) msec
May 31 2019 04:51:41 GMT: INFO (info): (hist.c:266)  (00: 0000000015)
May 31 2019 04:51:41 GMT: INFO (info): (hist.c:240) histogram dump: {ns1}-read-response (15 total) msec
May 31 2019 04:51:41 GMT: INFO (info): (hist.c:266)  (00: 0000000015)
May 31 2019 04:51:41 GMT: INFO (info): (hist.c:240) histogram dump: {ns1}-write (13 total) msec
May 31 2019 04:51:41 GMT: INFO (info): (hist.c:266)  (01: 0000000004) (02: 0000000002) (08: 0000000007)
May 31 2019 04:51:41 GMT: INFO (info): (hist.c:240) histogram dump: {ns1}-write-start (13 total) msec
May 31 2019 04:51:41 GMT: INFO (info): (hist.c:266)  (00: 0000000006) (08: 0000000007)
May 31 2019 04:51:41 GMT: INFO (info): (hist.c:240) histogram dump: {ns1}-write-restart (0 total) msec
May 31 2019 04:51:41 GMT: INFO (info): (hist.c:240) histogram dump: {ns1}-write-dup-res (0 total) msec
May 31 2019 04:51:41 GMT: INFO (info): (hist.c:240) histogram dump: {ns1}-write-master (13 total) msec
May 31 2019 04:51:41 GMT: INFO (info): (hist.c:266)  (00: 0000000013)
May 31 2019 04:51:41 GMT: INFO (info): (hist.c:240) histogram dump: {ns1}-write-repl-write (13 total) msec
May 31 2019 04:51:41 GMT: INFO (info): (hist.c:266)  (00: 0000000006) (01: 0000000006) (02: 0000000001)
May 31 2019 04:51:41 GMT: INFO (info): (hist.c:240) histogram dump: {ns1}-write-response (13 total) msec
May 31 2019 04:51:41 GMT: INFO (info): (hist.c:266)  (00: 0000000013)
May 31 2019 04:51:41 GMT: INFO (info): (hist.c:240) histogram dump: {ns1}-proxy (0 total) msec
May 31 2019 04:51:41 GMT: INFO (info): (hist.c:240) histogram dump: {ns1}-device-read-size (0 total) bytes
May 31 2019 04:51:41 GMT: INFO (info): (hist.c:240) histogram dump: {ns1}-device-write-size (30 total) bytes
May 31 2019 04:51:41 GMT: INFO (info): (hist.c:266)  (15: 0000000030)
May 31 2019 04:51:41 GMT: INFO (info): (hist.c:240) histogram dump: {ns1}-/opt/aerospike/data/ns1.dat-read (0 total) msec
May 31 2019 04:51:41 GMT: INFO (info): (hist.c:240) histogram dump: {ns1}-/opt/aerospike/data/ns1.dat-large-block-read (0 total) msec
May 31 2019 04:51:41 GMT: INFO (info): (hist.c:240) histogram dump: {ns1}-/opt/aerospike/data/ns1.dat-write (14 total) msec
May 31 2019 04:51:41 GMT: INFO (info): (hist.c:266)  (01: 0000000002) (02: 0000000012)
May 31 2019 04:51:51 GMT: INFO (info): (ticker.c:162) NODE-ID bb95e259ff03202 CLUSTER-SIZE 2
May 31 2019 04:51:51 GMT: INFO (info): (ticker.c:243)    cluster-clock: skew-ms 0
May 31 2019 04:51:51 GMT: INFO (info): (ticker.c:270)    system-memory: free-kbytes 1921976 free-pct 94 heap-kbytes (91451,93260,186368) heap-efficiency-pct 49.1
May 31 2019 04:51:51 GMT: INFO (info): (ticker.c:282)    in-progress: tsvc-q 0 info-q 0 rw-hash 0 proxy-hash 0 tree-gc-q 0
May 31 2019 04:51:51 GMT: INFO (info): (ticker.c:303)    fds: proto (8,13,5) heartbeat (1,3,2) fabric (24,84,60)
May 31 2019 04:51:51 GMT: INFO (info): (ticker.c:311)    heartbeat-received: self 0 foreign 196
May 31 2019 04:51:51 GMT: INFO (info): (ticker.c:341)    fabric-bytes-per-second: bulk (0,0) ctrl (0,0) meta (0,0) rw (283485,274474)
May 31 2019 04:51:51 GMT: INFO (info): (hist.c:240) histogram dump: svc-demarshal (226 total) msec
May 31 2019 04:51:51 GMT: INFO (info): (hist.c:257)  (00: 0000000207) (01: 0000000001) (02: 0000000001) (08: 0000000017)
May 31 2019 04:51:51 GMT: INFO (info): (hist.c:240) histogram dump: svc-queue (226 total) msec
May 31 2019 04:51:51 GMT: INFO (info): (hist.c:266)  (00: 0000000226)
May 31 2019 04:51:51 GMT: INFO (info): (ticker.c:399) {ns1} objects: all 214 master 107 prole 107 non-replica 0
May 31 2019 04:51:51 GMT: INFO (info): (ticker.c:457) {ns1} migrations: complete
May 31 2019 04:51:51 GMT: INFO (info): (ticker.c:484) {ns1} memory-usage: total-bytes 13696 index-bytes 13696 sindex-bytes 0 used-pct 0.01
May 31 2019 04:51:51 GMT: INFO (info): (ticker.c:545) {ns1} device-usage: used-bytes 6433696 avail-pct 99 cache-read-pct 100.00
May 31 2019 04:51:51 GMT: INFO (info): (ticker.c:595) {ns1} client: tsvc (0,0) proxy (0,0,0) read (1,0,0,118) write (107,0,0) delete (0,0,0,0) udf (0,0,0) lang (0,0,0,0)
May 31 2019 04:51:51 GMT: INFO (info): (hist.c:240) histogram dump: {ns1}-read (119 total) msec
May 31 2019 04:51:51 GMT: INFO (info): (hist.c:266)  (00: 0000000119)
May 31 2019 04:51:51 GMT: INFO (info): (hist.c:240) histogram dump: {ns1}-read-start (119 total) msec
May 31 2019 04:51:51 GMT: INFO (info): (hist.c:266)  (00: 0000000119)
May 31 2019 04:51:51 GMT: INFO (info): (hist.c:240) histogram dump: {ns1}-read-restart (0 total) msec
May 31 2019 04:51:51 GMT: INFO (info): (hist.c:240) histogram dump: {ns1}-read-dup-res (0 total) msec
May 31 2019 04:51:51 GMT: INFO (info): (hist.c:240) histogram dump: {ns1}-read-repl-ping (0 total) msec
May 31 2019 04:51:51 GMT: INFO (info): (hist.c:240) histogram dump: {ns1}-read-local (119 total) msec
May 31 2019 04:51:51 GMT: INFO (info): (hist.c:266)  (00: 0000000119)
May 31 2019 04:51:51 GMT: INFO (info): (hist.c:240) histogram dump: {ns1}-read-response (119 total) msec
May 31 2019 04:51:51 GMT: INFO (info): (hist.c:266)  (00: 0000000119)
May 31 2019 04:51:51 GMT: INFO (info): (hist.c:240) histogram dump: {ns1}-write (107 total) msec
May 31 2019 04:51:51 GMT: INFO (info): (hist.c:257)  (00: 0000000028) (01: 0000000057) (02: 0000000004) (03: 0000000001)
May 31 2019 04:51:51 GMT: INFO (info): (hist.c:266)  (08: 0000000017)
May 31 2019 04:51:51 GMT: INFO (info): (hist.c:240) histogram dump: {ns1}-write-start (107 total) msec
May 31 2019 04:51:51 GMT: INFO (info): (hist.c:257)  (00: 0000000088) (01: 0000000001) (02: 0000000001) (08: 0000000017)
May 31 2019 04:51:51 GMT: INFO (info): (hist.c:240) histogram dump: {ns1}-write-restart (0 total) msec
May 31 2019 04:51:51 GMT: INFO (info): (hist.c:240) histogram dump: {ns1}-write-dup-res (0 total) msec
May 31 2019 04:51:51 GMT: INFO (info): (hist.c:240) histogram dump: {ns1}-write-master (107 total) msec
May 31 2019 04:51:51 GMT: INFO (info): (hist.c:266)  (00: 0000000107)
May 31 2019 04:51:51 GMT: INFO (info): (hist.c:240) histogram dump: {ns1}-write-repl-write (107 total) msec
May 31 2019 04:51:51 GMT: INFO (info): (hist.c:266)  (00: 0000000091) (01: 0000000014) (02: 0000000002)
May 31 2019 04:51:51 GMT: INFO (info): (hist.c:240) histogram dump: {ns1}-write-response (107 total) msec
May 31 2019 04:51:51 GMT: INFO (info): (hist.c:266)  (00: 0000000107)
May 31 2019 04:51:51 GMT: INFO (info): (hist.c:240) histogram dump: {ns1}-proxy (0 total) msec
May 31 2019 04:51:51 GMT: INFO (info): (hist.c:240) histogram dump: {ns1}-device-read-size (0 total) bytes
May 31 2019 04:51:51 GMT: INFO (info): (hist.c:240) histogram dump: {ns1}-device-write-size (215 total) bytes
May 31 2019 04:51:51 GMT: INFO (info): (hist.c:266)  (15: 0000000215)
May 31 2019 04:51:51 GMT: INFO (info): (hist.c:240) histogram dump: {ns1}-/opt/aerospike/data/ns1.dat-read (0 total) msec
May 31 2019 04:51:51 GMT: INFO (info): (hist.c:240) histogram dump: {ns1}-/opt/aerospike/data/ns1.dat-large-block-read (0 total) msec
May 31 2019 04:51:51 GMT: INFO (info): (hist.c:240) histogram dump: {ns1}-/opt/aerospike/data/ns1.dat-write (107 total) msec
May 31 2019 04:51:51 GMT: INFO (info): (hist.c:266)  (01: 0000000005) (02: 0000000101) (03: 0000000001)
May 31 2019 04:52:01 GMT: INFO (drv_ssd): (drv_ssd.c:1911) {ns1} /opt/aerospike/data/ns1.dat: used-bytes 11995536 free-wblocks 23670 write-q 0 write (201,9.4) defrag-q 0 defrag-read (0,0.0) defrag-write (0,0.0)
May 31 2019 04:52:01 GMT: INFO (info): (ticker.c:162) NODE-ID bb95e259ff03202 CLUSTER-SIZE 2
May 31 2019 04:52:01 GMT: INFO (info): (ticker.c:243)    cluster-clock: skew-ms 0
May 31 2019 04:52:01 GMT: INFO (info): (ticker.c:270)    system-memory: free-kbytes 1912608 free-pct 93 heap-kbytes (98726,100944,192512) heap-efficiency-pct 51.3
May 31 2019 04:52:01 GMT: INFO (info): (ticker.c:282)    in-progress: tsvc-q 0 info-q 0 rw-hash 0 proxy-hash 0 tree-gc-q 0
May 31 2019 04:52:01 GMT: INFO (info): (ticker.c:303)    fds: proto (8,13,5) heartbeat (1,3,2) fabric (24,84,60)
May 31 2019 04:52:01 GMT: INFO (info): (ticker.c:311)    heartbeat-received: self 0 foreign 263
May 31 2019 04:52:01 GMT: INFO (info): (ticker.c:341)    fabric-bytes-per-second: bulk (0,0) ctrl (0,0) meta (0,0) rw (283528,295543)
May 31 2019 04:52:01 GMT: INFO (info): (hist.c:240) histogram dump: svc-demarshal (408 total) msec
May 31 2019 04:52:01 GMT: INFO (info): (hist.c:257)  (00: 0000000371) (01: 0000000002) (02: 0000000002) (08: 0000000033)
May 31 2019 04:52:01 GMT: INFO (info): (hist.c:240) histogram dump: svc-queue (408 total) msec
May 31 2019 04:52:01 GMT: INFO (info): (hist.c:266)  (00: 0000000408)
May 31 2019 04:52:01 GMT: INFO (info): (ticker.c:399) {ns1} objects: all 402 master 200 prole 202 non-replica 0
May 31 2019 04:52:01 GMT: INFO (info): (ticker.c:457) {ns1} migrations: complete
May 31 2019 04:52:01 GMT: INFO (info): (ticker.c:484) {ns1} memory-usage: total-bytes 25728 index-bytes 25728 sindex-bytes 0 used-pct 0.02
May 31 2019 04:52:01 GMT: INFO (info): (ticker.c:545) {ns1} device-usage: used-bytes 12085728 avail-pct 98 cache-read-pct 100.00
May 31 2019 04:52:01 GMT: INFO (info): (ticker.c:595) {ns1} client: tsvc (0,0) proxy (0,0,0) read (4,0,0,203) write (201,0,0) delete (0,0,0,0) udf (0,0,0) lang (0,0,0,0)
May 31 2019 04:52:01 GMT: INFO (info): (hist.c:240) histogram dump: {ns1}-read (207 total) msec
May 31 2019 04:52:01 GMT: INFO (info): (hist.c:266)  (00: 0000000207)
May 31 2019 04:52:01 GMT: INFO (info): (hist.c:240) histogram dump: {ns1}-read-start (207 total) msec
May 31 2019 04:52:01 GMT: INFO (info): (hist.c:266)  (00: 0000000207)
May 31 2019 04:52:01 GMT: INFO (info): (hist.c:240) histogram dump: {ns1}-read-restart (0 total) msec
May 31 2019 04:52:01 GMT: INFO (info): (hist.c:240) histogram dump: {ns1}-read-dup-res (0 total) msec
May 31 2019 04:52:01 GMT: INFO (info): (hist.c:240) histogram dump: {ns1}-read-repl-ping (0 total) msec
May 31 2019 04:52:01 GMT: INFO (info): (hist.c:240) histogram dump: {ns1}-read-local (207 total) msec
May 31 2019 04:52:01 GMT: INFO (info): (hist.c:266)  (00: 0000000207)
May 31 2019 04:52:01 GMT: INFO (info): (hist.c:240) histogram dump: {ns1}-read-response (207 total) msec
May 31 2019 04:52:01 GMT: INFO (info): (hist.c:266)  (00: 0000000207)
May 31 2019 04:52:01 GMT: INFO (info): (hist.c:240) histogram dump: {ns1}-write (201 total) msec
May 31 2019 04:52:01 GMT: INFO (info): (hist.c:257)  (00: 0000000056) (01: 0000000105) (02: 0000000005) (03: 0000000002)
May 31 2019 04:52:01 GMT: INFO (info): (hist.c:266)  (08: 0000000033)
May 31 2019 04:52:01 GMT: INFO (info): (hist.c:240) histogram dump: {ns1}-write-start (201 total) msec
May 31 2019 04:52:01 GMT: INFO (info): (hist.c:257)  (00: 0000000164) (01: 0000000002) (02: 0000000002) (08: 0000000033)
May 31 2019 04:52:01 GMT: INFO (info): (hist.c:240) histogram dump: {ns1}-write-restart (0 total) msec
May 31 2019 04:52:01 GMT: INFO (info): (hist.c:240) histogram dump: {ns1}-write-dup-res (0 total) msec
May 31 2019 04:52:01 GMT: INFO (info): (hist.c:240) histogram dump: {ns1}-write-master (201 total) msec
May 31 2019 04:52:01 GMT: INFO (info): (hist.c:266)  (00: 0000000201)
May 31 2019 04:52:01 GMT: INFO (info): (hist.c:240) histogram dump: {ns1}-write-repl-write (201 total) msec
May 31 2019 04:52:01 GMT: INFO (info): (hist.c:257)  (00: 0000000177) (01: 0000000019) (02: 0000000003) (03: 0000000002)
May 31 2019 04:52:01 GMT: INFO (info): (hist.c:240) histogram dump: {ns1}-write-response (201 total) msec
May 31 2019 04:52:01 GMT: INFO (info): (hist.c:266)  (00: 0000000201)
May 31 2019 04:52:01 GMT: INFO (info): (hist.c:240) histogram dump: {ns1}-proxy (0 total) msec
May 31 2019 04:52:01 GMT: INFO (info): (hist.c:240) histogram dump: {ns1}-device-read-size (0 total) bytes
May 31 2019 04:52:01 GMT: INFO (info): (hist.c:240) histogram dump: {ns1}-device-write-size (407 total) bytes
May 31 2019 04:52:01 GMT: INFO (info): (hist.c:266)  (15: 0000000407)
May 31 2019 04:52:01 GMT: INFO (info): (hist.c:240) histogram dump: {ns1}-/opt/aerospike/data/ns1.dat-read (0 total) msec
May 31 2019 04:52:01 GMT: INFO (info): (hist.c:240) histogram dump: {ns1}-/opt/aerospike/data/ns1.dat-large-block-read (0 total) msec
May 31 2019 04:52:01 GMT: INFO (info): (hist.c:240) histogram dump: {ns1}-/opt/aerospike/data/ns1.dat-write (203 total) msec
May 31 2019 04:52:01 GMT: INFO (info): (hist.c:266)  (01: 0000000016) (02: 0000000186) (03: 0000000001)
May 31 2019 04:52:11 GMT: INFO (info): (ticker.c:162) NODE-ID bb95e259ff03202 CLUSTER-SIZE 2
May 31 2019 04:52:11 GMT: INFO (info): (ticker.c:243)    cluster-clock: skew-ms 0
May 31 2019 04:52:11 GMT: INFO (info): (ticker.c:270)    system-memory: free-kbytes 1906748 free-pct 93 heap-kbytes (102092,104604,192512) heap-efficiency-pct 53.0
May 31 2019 04:52:11 GMT: INFO (info): (ticker.c:282)    in-progress: tsvc-q 0 info-q 0 rw-hash 0 proxy-hash 0 tree-gc-q 0
May 31 2019 04:52:11 GMT: INFO (info): (ticker.c:303)    fds: proto (9,14,5) heartbeat (1,3,2) fabric (24,84,60)
May 31 2019 04:52:11 GMT: INFO (info): (ticker.c:311)    heartbeat-received: self 0 foreign 329
May 31 2019 04:52:11 GMT: INFO (info): (ticker.c:341)    fabric-bytes-per-second: bulk (0,0) ctrl (0,0) meta (0,0) rw (301636,319659)
May 31 2019 04:52:11 GMT: INFO (info): (hist.c:240) histogram dump: svc-demarshal (604 total) msec
May 31 2019 04:52:11 GMT: INFO (info): (hist.c:257)  (00: 0000000545) (01: 0000000003) (02: 0000000004) (03: 0000000002)
May 31 2019 04:52:11 GMT: INFO (info): (hist.c:266)  (06: 0000000001) (08: 0000000049)
May 31 2019 04:52:11 GMT: INFO (info): (hist.c:240) histogram dump: svc-queue (604 total) msec
May 31 2019 04:52:11 GMT: INFO (info): (hist.c:266)  (00: 0000000604)
May 31 2019 04:52:11 GMT: INFO (info): (ticker.c:399) {ns1} objects: all 599 master 294 prole 305 non-replica 0
May 31 2019 04:52:11 GMT: INFO (info): (ticker.c:457) {ns1} migrations: complete
May 31 2019 04:52:11 GMT: INFO (info): (ticker.c:484) {ns1} memory-usage: total-bytes 38336 index-bytes 38336 sindex-bytes 0 used-pct 0.04
May 31 2019 04:52:11 GMT: INFO (info): (ticker.c:545) {ns1} device-usage: used-bytes 18008336 avail-pct 98 cache-read-pct 100.00
May 31 2019 04:52:11 GMT: INFO (info): (ticker.c:595) {ns1} client: tsvc (0,0) proxy (0,0,0) read (7,0,0,296) write (301,0,0) delete (0,0,0,0) udf (0,0,0) lang (0,0,0,0)
May 31 2019 04:52:11 GMT: INFO (info): (hist.c:240) histogram dump: {ns1}-read (303 total) msec
May 31 2019 04:52:11 GMT: INFO (info): (hist.c:266)  (00: 0000000303)
May 31 2019 04:52:11 GMT: INFO (info): (hist.c:240) histogram dump: {ns1}-read-start (303 total) msec
May 31 2019 04:52:11 GMT: INFO (info): (hist.c:266)  (00: 0000000303)
May 31 2019 04:52:11 GMT: INFO (info): (hist.c:240) histogram dump: {ns1}-read-restart (0 total) msec
May 31 2019 04:52:11 GMT: INFO (info): (hist.c:240) histogram dump: {ns1}-read-dup-res (0 total) msec
May 31 2019 04:52:11 GMT: INFO (info): (hist.c:240) histogram dump: {ns1}-read-repl-ping (0 total) msec
May 31 2019 04:52:11 GMT: INFO (info): (hist.c:240) histogram dump: {ns1}-read-local (303 total) msec
May 31 2019 04:52:11 GMT: INFO (info): (hist.c:266)  (00: 0000000303)
May 31 2019 04:52:11 GMT: INFO (info): (hist.c:240) histogram dump: {ns1}-read-response (303 total) msec
May 31 2019 04:52:11 GMT: INFO (info): (hist.c:266)  (00: 0000000303)
May 31 2019 04:52:11 GMT: INFO (info): (hist.c:240) histogram dump: {ns1}-write (301 total) msec
May 31 2019 04:52:11 GMT: INFO (info): (hist.c:257)  (00: 0000000070) (01: 0000000164) (02: 0000000010) (03: 0000000007)
May 31 2019 04:52:11 GMT: INFO (info): (hist.c:266)  (06: 0000000001) (08: 0000000049)
May 31 2019 04:52:11 GMT: INFO (info): (hist.c:240) histogram dump: {ns1}-write-start (301 total) msec
May 31 2019 04:52:11 GMT: INFO (info): (hist.c:257)  (00: 0000000241) (01: 0000000004) (02: 0000000004) (03: 0000000002)
May 31 2019 04:52:11 GMT: INFO (info): (hist.c:266)  (06: 0000000001) (08: 0000000049)
May 31 2019 04:52:11 GMT: INFO (info): (hist.c:240) histogram dump: {ns1}-write-restart (0 total) msec
May 31 2019 04:52:11 GMT: INFO (info): (hist.c:240) histogram dump: {ns1}-write-dup-res (0 total) msec
May 31 2019 04:52:11 GMT: INFO (info): (hist.c:240) histogram dump: {ns1}-write-master (301 total) msec
May 31 2019 04:52:11 GMT: INFO (info): (hist.c:266)  (00: 0000000301)
May 31 2019 04:52:11 GMT: INFO (info): (hist.c:240) histogram dump: {ns1}-write-repl-write (301 total) msec
May 31 2019 04:52:11 GMT: INFO (info): (hist.c:257)  (00: 0000000250) (01: 0000000041) (02: 0000000006) (03: 0000000004)
May 31 2019 04:52:11 GMT: INFO (info): (hist.c:240) histogram dump: {ns1}-write-response (301 total) msec
May 31 2019 04:52:11 GMT: INFO (info): (hist.c:266)  (00: 0000000301)
May 31 2019 04:52:11 GMT: INFO (info): (hist.c:240) histogram dump: {ns1}-proxy (0 total) msec
May 31 2019 04:52:11 GMT: INFO (info): (hist.c:240) histogram dump: {ns1}-device-read-size (0 total) bytes
May 31 2019 04:52:11 GMT: INFO (info): (hist.c:240) histogram dump: {ns1}-device-write-size (613 total) bytes
May 31 2019 04:52:11 GMT: INFO (info): (hist.c:266)  (15: 0000000613)
May 31 2019 04:52:11 GMT: INFO (info): (hist.c:240) histogram dump: {ns1}-/opt/aerospike/data/ns1.dat-read (0 total) msec
May 31 2019 04:52:11 GMT: INFO (info): (hist.c:240) histogram dump: {ns1}-/opt/aerospike/data/ns1.dat-large-block-read (2 total) msec
May 31 2019 04:52:11 GMT: INFO (info): (hist.c:266)  (00: 0000000002)
May 31 2019 04:52:11 GMT: INFO (info): (hist.c:240) histogram dump: {ns1}-/opt/aerospike/data/ns1.dat-write (307 total) msec
May 31 2019 04:52:11 GMT: INFO (info): (hist.c:266)  (01: 0000000021) (02: 0000000282) (03: 0000000004)
May 31 2019 04:52:21 GMT: INFO (drv_ssd): (drv_ssd.c:1911) {ns1} /opt/aerospike/data/ns1.dat: used-bytes 23389792 free-wblocks 23476 write-q 0 write (406,10.2) defrag-q 0 defrag-read (14,0.7) defrag-write (6,0.3)
May 31 2019 04:52:21 GMT: INFO (info): (ticker.c:162) NODE-ID bb95e259ff03202 CLUSTER-SIZE 2
May 31 2019 04:52:21 GMT: INFO (info): (ticker.c:243)    cluster-clock: skew-ms 0
May 31 2019 04:52:21 GMT: INFO (info): (ticker.c:270)    system-memory: free-kbytes 1906368 free-pct 93 heap-kbytes (102494,105108,192512) heap-efficiency-pct 53.2
May 31 2019 04:52:21 GMT: INFO (info): (ticker.c:282)    in-progress: tsvc-q 0 info-q 0 rw-hash 0 proxy-hash 0 tree-gc-q 0
May 31 2019 04:52:21 GMT: INFO (info): (ticker.c:303)    fds: proto (9,14,5) heartbeat (1,3,2) fabric (24,84,60)
May 31 2019 04:52:21 GMT: INFO (info): (ticker.c:311)    heartbeat-received: self 0 foreign 396
May 31 2019 04:52:21 GMT: INFO (info): (ticker.c:341)    fabric-bytes-per-second: bulk (0,0) ctrl (0,0) meta (0,0) rw (274498,295525)
May 31 2019 04:52:21 GMT: INFO (info): (hist.c:240) histogram dump: svc-demarshal (800 total) msec
May 31 2019 04:52:21 GMT: INFO (info): (hist.c:257)  (00: 0000000720) (01: 0000000006) (02: 0000000005) (03: 0000000002)
May 31 2019 04:52:21 GMT: INFO (info): (hist.c:266)  (06: 0000000001) (08: 0000000066)
May 31 2019 04:52:21 GMT: INFO (info): (hist.c:240) histogram dump: svc-queue (800 total) msec
May 31 2019 04:52:21 GMT: INFO (info): (hist.c:266)  (00: 0000000800)
May 31 2019 04:52:21 GMT: INFO (info): (ticker.c:399) {ns1} objects: all 778 master 381 prole 397 non-replica 0
May 31 2019 04:52:21 GMT: INFO (info): (ticker.c:457) {ns1} migrations: complete
May 31 2019 04:52:21 GMT: INFO (info): (ticker.c:484) {ns1} memory-usage: total-bytes 49792 index-bytes 49792 sindex-bytes 0 used-pct 0.05
May 31 2019 04:52:21 GMT: INFO (info): (ticker.c:545) {ns1} device-usage: used-bytes 23389792 avail-pct 97 cache-read-pct 77.78
May 31 2019 04:52:21 GMT: INFO (info): (ticker.c:595) {ns1} client: tsvc (0,0) proxy (0,0,0) read (12,0,0,396) write (392,0,0) delete (0,0,0,0) udf (0,0,0) lang (0,0,0,0)
May 31 2019 04:52:21 GMT: INFO (info): (hist.c:240) histogram dump: {ns1}-read (408 total) msec
May 31 2019 04:52:21 GMT: INFO (info): (hist.c:266)  (00: 0000000408)
May 31 2019 04:52:21 GMT: INFO (info): (hist.c:240) histogram dump: {ns1}-read-start (408 total) msec
May 31 2019 04:52:21 GMT: INFO (info): (hist.c:266)  (00: 0000000408)
May 31 2019 04:52:21 GMT: INFO (info): (hist.c:240) histogram dump: {ns1}-read-restart (0 total) msec
May 31 2019 04:52:21 GMT: INFO (info): (hist.c:240) histogram dump: {ns1}-read-dup-res (0 total) msec
May 31 2019 04:52:21 GMT: INFO (info): (hist.c:240) histogram dump: {ns1}-read-repl-ping (0 total) msec
May 31 2019 04:52:21 GMT: INFO (info): (hist.c:240) histogram dump: {ns1}-read-local (408 total) msec
May 31 2019 04:52:21 GMT: INFO (info): (hist.c:266)  (00: 0000000408)
May 31 2019 04:52:21 GMT: INFO (info): (hist.c:240) histogram dump: {ns1}-read-response (408 total) msec
May 31 2019 04:52:21 GMT: INFO (info): (hist.c:266)  (00: 0000000408)
May 31 2019 04:52:21 GMT: INFO (info): (hist.c:240) histogram dump: {ns1}-write (392 total) msec
May 31 2019 04:52:21 GMT: INFO (info): (hist.c:257)  (00: 0000000077) (01: 0000000225) (02: 0000000015) (03: 0000000008)
May 31 2019 04:52:21 GMT: INFO (info): (hist.c:266)  (06: 0000000001) (08: 0000000066)
May 31 2019 04:52:21 GMT: INFO (info): (hist.c:240) histogram dump: {ns1}-write-start (392 total) msec
May 31 2019 04:52:21 GMT: INFO (info): (hist.c:257)  (00: 0000000311) (01: 0000000007) (02: 0000000005) (03: 0000000002)
May 31 2019 04:52:21 GMT: INFO (info): (hist.c:266)  (06: 0000000001) (08: 0000000066)
May 31 2019 04:52:21 GMT: INFO (info): (hist.c:240) histogram dump: {ns1}-write-restart (0 total) msec
May 31 2019 04:52:21 GMT: INFO (info): (hist.c:240) histogram dump: {ns1}-write-dup-res (0 total) msec
May 31 2019 04:52:21 GMT: INFO (info): (hist.c:240) histogram dump: {ns1}-write-master (392 total) msec
May 31 2019 04:52:21 GMT: INFO (info): (hist.c:266)  (00: 0000000392)
May 31 2019 04:52:21 GMT: INFO (info): (hist.c:240) histogram dump: {ns1}-write-repl-write (392 total) msec
May 31 2019 04:52:21 GMT: INFO (info): (hist.c:257)  (00: 0000000323) (01: 0000000057) (02: 0000000008) (03: 0000000004)
May 31 2019 04:52:21 GMT: INFO (info): (hist.c:240) histogram dump: {ns1}-write-response (392 total) msec
May 31 2019 04:52:21 GMT: INFO (info): (hist.c:266)  (00: 0000000392)
May 31 2019 04:52:21 GMT: INFO (info): (hist.c:240) histogram dump: {ns1}-proxy (0 total) msec
May 31 2019 04:52:21 GMT: INFO (info): (hist.c:240) histogram dump: {ns1}-device-read-size (2 total) bytes
May 31 2019 04:52:21 GMT: INFO (info): (hist.c:266)  (15: 0000000002)
May 31 2019 04:52:21 GMT: INFO (info): (hist.c:240) histogram dump: {ns1}-device-write-size (802 total) bytes
May 31 2019 04:52:21 GMT: INFO (info): (hist.c:266)  (15: 0000000802)
May 31 2019 04:52:21 GMT: INFO (info): (hist.c:240) histogram dump: {ns1}-/opt/aerospike/data/ns1.dat-read (2 total) msec
May 31 2019 04:52:21 GMT: INFO (info): (hist.c:266)  (00: 0000000002)
May 31 2019 04:52:21 GMT: INFO (info): (hist.c:240) histogram dump: {ns1}-/opt/aerospike/data/ns1.dat-large-block-read (14 total) msec
May 31 2019 04:52:21 GMT: INFO (info): (hist.c:266)  (00: 0000000013) (02: 0000000001)
May 31 2019 04:52:21 GMT: INFO (info): (hist.c:240) histogram dump: {ns1}-/opt/aerospike/data/ns1.dat-write (407 total) msec
May 31 2019 04:52:21 GMT: INFO (info): (hist.c:257)  (00: 0000000003) (01: 0000000030) (02: 0000000367) (03: 0000000006)
May 31 2019 04:52:21 GMT: INFO (info): (hist.c:266)  (04: 0000000001)
May 31 2019 04:52:31 GMT: INFO (info): (ticker.c:162) NODE-ID bb95e259ff03202 CLUSTER-SIZE 2
May 31 2019 04:52:31 GMT: INFO (info): (ticker.c:243)    cluster-clock: skew-ms 0
May 31 2019 04:52:31 GMT: INFO (info): (ticker.c:270)    system-memory: free-kbytes 1905276 free-pct 93 heap-kbytes (102496,105148,192512) heap-efficiency-pct 53.2
May 31 2019 04:52:31 GMT: INFO (info): (ticker.c:282)    in-progress: tsvc-q 0 info-q 0 rw-hash 0 proxy-hash 0 tree-gc-q 0
May 31 2019 04:52:31 GMT: INFO (info): (ticker.c:303)    fds: proto (9,14,5) heartbeat (1,3,2) fabric (24,84,60)
May 31 2019 04:52:31 GMT: INFO (info): (ticker.c:311)    heartbeat-received: self 0 foreign 463
May 31 2019 04:52:31 GMT: INFO (info): (ticker.c:341)    fabric-bytes-per-second: bulk (0,0) ctrl (0,0) meta (0,0) rw (325630,277569)
May 31 2019 04:52:31 GMT: INFO (info): (hist.c:240) histogram dump: svc-demarshal (1010 total) msec
May 31 2019 04:52:31 GMT: INFO (info): (hist.c:257)  (00: 0000000911) (01: 0000000006) (02: 0000000005) (03: 0000000003)
May 31 2019 04:52:31 GMT: INFO (info): (hist.c:266)  (06: 0000000001) (08: 0000000084)
May 31 2019 04:52:31 GMT: INFO (info): (hist.c:240) histogram dump: svc-queue (1010 total) msec
May 31 2019 04:52:31 GMT: INFO (info): (hist.c:266)  (00: 0000001010)
May 31 2019 04:52:31 GMT: INFO (info): (ticker.c:399) {ns1} objects: all 962 master 479 prole 483 non-replica 0
May 31 2019 04:52:31 GMT: INFO (info): (ticker.c:457) {ns1} migrations: complete
May 31 2019 04:52:31 GMT: INFO (info): (ticker.c:484) {ns1} memory-usage: total-bytes 61568 index-bytes 61568 sindex-bytes 0 used-pct 0.06
May 31 2019 04:52:31 GMT: INFO (info): (ticker.c:545) {ns1} device-usage: used-bytes 28921568 avail-pct 97 cache-read-pct 47.37
May 31 2019 04:52:31 GMT: INFO (info): (ticker.c:595) {ns1} client: tsvc (0,0) proxy (0,0,0) read (21,0,0,489) write (500,0,0) delete (0,0,0,0) udf (0,0,0) lang (0,0,0,0)
May 31 2019 04:52:31 GMT: INFO (info): (hist.c:240) histogram dump: {ns1}-read (510 total) msec
May 31 2019 04:52:31 GMT: INFO (info): (hist.c:266)  (00: 0000000510)
May 31 2019 04:52:31 GMT: INFO (info): (hist.c:240) histogram dump: {ns1}-read-start (510 total) msec
May 31 2019 04:52:31 GMT: INFO (info): (hist.c:266)  (00: 0000000510)
May 31 2019 04:52:31 GMT: INFO (info): (hist.c:240) histogram dump: {ns1}-read-restart (0 total) msec
May 31 2019 04:52:31 GMT: INFO (info): (hist.c:240) histogram dump: {ns1}-read-dup-res (0 total) msec
May 31 2019 04:52:31 GMT: INFO (info): (hist.c:240) histogram dump: {ns1}-read-repl-ping (0 total) msec
May 31 2019 04:52:31 GMT: INFO (info): (hist.c:240) histogram dump: {ns1}-read-local (510 total) msec
May 31 2019 04:52:31 GMT: INFO (info): (hist.c:266)  (00: 0000000510)
May 31 2019 04:52:31 GMT: INFO (info): (hist.c:240) histogram dump: {ns1}-read-response (510 total) msec
May 31 2019 04:52:31 GMT: INFO (info): (hist.c:266)  (00: 0000000510)
May 31 2019 04:52:31 GMT: INFO (info): (hist.c:240) histogram dump: {ns1}-write (500 total) msec
May 31 2019 04:52:31 GMT: INFO (info): (hist.c:257)  (00: 0000000111) (01: 0000000276) (02: 0000000019) (03: 0000000009)
May 31 2019 04:52:31 GMT: INFO (info): (hist.c:266)  (06: 0000000001) (08: 0000000084)
May 31 2019 04:52:31 GMT: INFO (info): (hist.c:240) histogram dump: {ns1}-write-start (500 total) msec
May 31 2019 04:52:31 GMT: INFO (info): (hist.c:257)  (00: 0000000400) (01: 0000000007) (02: 0000000005) (03: 0000000003)
May 31 2019 04:52:31 GMT: INFO (info): (hist.c:266)  (06: 0000000001) (08: 0000000084)
May 31 2019 04:52:31 GMT: INFO (info): (hist.c:240) histogram dump: {ns1}-write-restart (0 total) msec
May 31 2019 04:52:31 GMT: INFO (info): (hist.c:240) histogram dump: {ns1}-write-dup-res (0 total) msec
May 31 2019 04:52:31 GMT: INFO (info): (hist.c:240) histogram dump: {ns1}-write-master (500 total) msec
May 31 2019 04:52:31 GMT: INFO (info): (hist.c:266)  (00: 0000000500)
May 31 2019 04:52:31 GMT: INFO (info): (hist.c:240) histogram dump: {ns1}-write-repl-write (500 total) msec
May 31 2019 04:52:31 GMT: INFO (info): (hist.c:257)  (00: 0000000419) (01: 0000000067) (02: 0000000010) (03: 0000000004)
May 31 2019 04:52:31 GMT: INFO (info): (hist.c:240) histogram dump: {ns1}-write-response (500 total) msec
May 31 2019 04:52:31 GMT: INFO (info): (hist.c:266)  (00: 0000000500)
May 31 2019 04:52:31 GMT: INFO (info): (hist.c:240) histogram dump: {ns1}-proxy (0 total) msec
May 31 2019 04:52:31 GMT: INFO (info): (hist.c:240) histogram dump: {ns1}-device-read-size (12 total) bytes
May 31 2019 04:52:31 GMT: INFO (info): (hist.c:266)  (15: 0000000012)
May 31 2019 04:52:31 GMT: INFO (info): (hist.c:240) histogram dump: {ns1}-device-write-size (1002 total) bytes
May 31 2019 04:52:31 GMT: INFO (info): (hist.c:266)  (15: 0000001002)
May 31 2019 04:52:31 GMT: INFO (info): (hist.c:240) histogram dump: {ns1}-/opt/aerospike/data/ns1.dat-read (12 total) msec
May 31 2019 04:52:31 GMT: INFO (info): (hist.c:266)  (00: 0000000012)
May 31 2019 04:52:31 GMT: INFO (info): (hist.c:240) histogram dump: {ns1}-/opt/aerospike/data/ns1.dat-large-block-read (31 total) msec
May 31 2019 04:52:31 GMT: INFO (info): (hist.c:266)  (00: 0000000030) (02: 0000000001)
May 31 2019 04:52:31 GMT: INFO (info): (hist.c:240) histogram dump: {ns1}-/opt/aerospike/data/ns1.dat-write (516 total) msec
May 31 2019 04:52:31 GMT: INFO (info): (hist.c:257)  (00: 0000000007) (01: 0000000046) (02: 0000000456) (03: 0000000006)
May 31 2019 04:52:31 GMT: INFO (info): (hist.c:266)  (04: 0000000001)
May 31 2019 04:52:41 GMT: INFO (drv_ssd): (drv_ssd.c:1911) {ns1} /opt/aerospike/data/ns1.dat: used-bytes 33972320 free-wblocks 23298 write-q 0 write (610,10.2) defrag-q 0 defrag-read (39,1.2) defrag-write (19,0.6)
May 31 2019 04:52:41 GMT: INFO (info): (ticker.c:162) NODE-ID bb95e259ff03202 CLUSTER-SIZE 2
May 31 2019 04:52:41 GMT: INFO (info): (ticker.c:243)    cluster-clock: skew-ms 0
May 31 2019 04:52:41 GMT: INFO (info): (ticker.c:270)    system-memory: free-kbytes 1904948 free-pct 93 heap-kbytes (102338,105008,192512) heap-efficiency-pct 53.2
May 31 2019 04:52:41 GMT: INFO (info): (ticker.c:282)    in-progress: tsvc-q 0 info-q 0 rw-hash 0 proxy-hash 0 tree-gc-q 0
May 31 2019 04:52:41 GMT: INFO (info): (ticker.c:303)    fds: proto (9,14,5) heartbeat (1,3,2) fabric (24,84,60)
May 31 2019 04:52:41 GMT: INFO (info): (ticker.c:311)    heartbeat-received: self 0 foreign 529
May 31 2019 04:52:41 GMT: INFO (info): (ticker.c:341)    fabric-bytes-per-second: bulk (0,0) ctrl (0,0) meta (0,0) rw (265438,280457)
May 31 2019 04:52:41 GMT: INFO (info): (hist.c:240) histogram dump: svc-demarshal (1202 total) msec
May 31 2019 04:52:41 GMT: INFO (info): (hist.c:257)  (00: 0000001088) (01: 0000000006) (02: 0000000005) (03: 0000000003)
May 31 2019 04:52:41 GMT: INFO (info): (hist.c:266)  (06: 0000000001) (08: 0000000099)
May 31 2019 04:52:41 GMT: INFO (info): (hist.c:240) histogram dump: svc-queue (1202 total) msec
May 31 2019 04:52:41 GMT: INFO (info): (hist.c:266)  (00: 0000001202)
May 31 2019 04:52:41 GMT: INFO (info): (ticker.c:399) {ns1} objects: all 1130 master 561 prole 569 non-replica 0
May 31 2019 04:52:41 GMT: INFO (info): (ticker.c:457) {ns1} migrations: complete
May 31 2019 04:52:41 GMT: INFO (info): (ticker.c:484) {ns1} memory-usage: total-bytes 72320 index-bytes 72320 sindex-bytes 0 used-pct 0.07
May 31 2019 04:52:41 GMT: INFO (info): (ticker.c:545) {ns1} device-usage: used-bytes 33972320 avail-pct 97 cache-read-pct 66.67
May 31 2019 04:52:41 GMT: INFO (info): (ticker.c:595) {ns1} client: tsvc (0,0) proxy (0,0,0) read (30,0,0,584) write (588,0,0) delete (0,0,0,0) udf (0,0,0) lang (0,0,0,0)
May 31 2019 04:52:41 GMT: INFO (info): (hist.c:240) histogram dump: {ns1}-read (614 total) msec
May 31 2019 04:52:41 GMT: INFO (info): (hist.c:266)  (00: 0000000614)
May 31 2019 04:52:41 GMT: INFO (info): (hist.c:240) histogram dump: {ns1}-read-start (614 total) msec
May 31 2019 04:52:41 GMT: INFO (info): (hist.c:266)  (00: 0000000614)
May 31 2019 04:52:41 GMT: INFO (info): (hist.c:240) histogram dump: {ns1}-read-restart (0 total) msec
May 31 2019 04:52:41 GMT: INFO (info): (hist.c:240) histogram dump: {ns1}-read-dup-res (0 total) msec
May 31 2019 04:52:41 GMT: INFO (info): (hist.c:240) histogram dump: {ns1}-read-repl-ping (0 total) msec
May 31 2019 04:52:41 GMT: INFO (info): (hist.c:240) histogram dump: {ns1}-read-local (614 total) msec
May 31 2019 04:52:41 GMT: INFO (info): (hist.c:266)  (00: 0000000614)
May 31 2019 04:52:41 GMT: INFO (info): (hist.c:240) histogram dump: {ns1}-read-response (614 total) msec
May 31 2019 04:52:41 GMT: INFO (info): (hist.c:266)  (00: 0000000614)
May 31 2019 04:52:41 GMT: INFO (info): (hist.c:240) histogram dump: {ns1}-write (588 total) msec
May 31 2019 04:52:41 GMT: INFO (info): (hist.c:257)  (00: 0000000143) (01: 0000000315) (02: 0000000021) (03: 0000000009)
May 31 2019 04:52:41 GMT: INFO (info): (hist.c:266)  (06: 0000000001) (08: 0000000099)
May 31 2019 04:52:41 GMT: INFO (info): (hist.c:240) histogram dump: {ns1}-write-start (588 total) msec
May 31 2019 04:52:41 GMT: INFO (info): (hist.c:257)  (00: 0000000473) (01: 0000000007) (02: 0000000005) (03: 0000000003)
May 31 2019 04:52:41 GMT: INFO (info): (hist.c:266)  (06: 0000000001) (08: 0000000099)
May 31 2019 04:52:41 GMT: INFO (info): (hist.c:240) histogram dump: {ns1}-write-restart (0 total) msec
May 31 2019 04:52:41 GMT: INFO (info): (hist.c:240) histogram dump: {ns1}-write-dup-res (0 total) msec
May 31 2019 04:52:41 GMT: INFO (info): (hist.c:240) histogram dump: {ns1}-write-master (588 total) msec
May 31 2019 04:52:41 GMT: INFO (info): (hist.c:266)  (00: 0000000588)
May 31 2019 04:52:41 GMT: INFO (info): (hist.c:240) histogram dump: {ns1}-write-repl-write (588 total) msec
May 31 2019 04:52:41 GMT: INFO (info): (hist.c:257)  (00: 0000000499) (01: 0000000075) (02: 0000000010) (03: 0000000004)
May 31 2019 04:52:41 GMT: INFO (info): (hist.c:240) histogram dump: {ns1}-write-response (588 total) msec
May 31 2019 04:52:41 GMT: INFO (info): (hist.c:266)  (00: 0000000588)
May 31 2019 04:52:41 GMT: INFO (info): (hist.c:240) histogram dump: {ns1}-proxy (0 total) msec
May 31 2019 04:52:41 GMT: INFO (info): (hist.c:240) histogram dump: {ns1}-device-read-size (17 total) bytes
May 31 2019 04:52:41 GMT: INFO (info): (hist.c:266)  (15: 0000000017)
May 31 2019 04:52:41 GMT: INFO (info): (hist.c:240) histogram dump: {ns1}-device-write-size (1183 total) bytes
May 31 2019 04:52:41 GMT: INFO (info): (hist.c:266)  (15: 0000001183)
May 31 2019 04:52:41 GMT: INFO (info): (hist.c:240) histogram dump: {ns1}-/opt/aerospike/data/ns1.dat-read (17 total) msec
May 31 2019 04:52:41 GMT: INFO (info): (hist.c:266)  (00: 0000000017)
May 31 2019 04:52:41 GMT: INFO (info): (hist.c:240) histogram dump: {ns1}-/opt/aerospike/data/ns1.dat-large-block-read (39 total) msec
May 31 2019 04:52:41 GMT: INFO (info): (hist.c:266)  (00: 0000000037) (01: 0000000001) (02: 0000000001)
May 31 2019 04:52:41 GMT: INFO (info): (hist.c:240) histogram dump: {ns1}-/opt/aerospike/data/ns1.dat-write (611 total) msec
May 31 2019 04:52:41 GMT: INFO (info): (hist.c:257)  (00: 0000000012) (01: 0000000060) (02: 0000000531) (03: 0000000007)
May 31 2019 04:52:41 GMT: INFO (info): (hist.c:266)  (04: 0000000001)
May 31 2019 04:52:51 GMT: INFO (info): (ticker.c:162) NODE-ID bb95e259ff03202 CLUSTER-SIZE 2
May 31 2019 04:52:51 GMT: INFO (info): (ticker.c:243)    cluster-clock: skew-ms 0
May 31 2019 04:52:51 GMT: INFO (info): (ticker.c:270)    system-memory: free-kbytes 1906072 free-pct 93 heap-kbytes (102297,105032,192512) heap-efficiency-pct 53.1
May 31 2019 04:52:51 GMT: INFO (info): (ticker.c:282)    in-progress: tsvc-q 0 info-q 0 rw-hash 0 proxy-hash 0 tree-gc-q 0
May 31 2019 04:52:51 GMT: INFO (info): (ticker.c:303)    fds: proto (9,14,5) heartbeat (1,3,2) fabric (24,84,60)
May 31 2019 04:52:51 GMT: INFO (info): (ticker.c:311)    heartbeat-received: self 0 foreign 596
May 31 2019 04:52:51 GMT: INFO (info): (ticker.c:341)    fabric-bytes-per-second: bulk (0,0) ctrl (0,0) meta (0,0) rw (286562,307589)
May 31 2019 04:52:51 GMT: INFO (info): (hist.c:240) histogram dump: svc-demarshal (1389 total) msec
May 31 2019 04:52:51 GMT: INFO (info): (hist.c:257)  (00: 0000001253) (01: 0000000007) (02: 0000000005) (03: 0000000003)
May 31 2019 04:52:51 GMT: INFO (info): (hist.c:266)  (06: 0000000001) (08: 0000000120)
May 31 2019 04:52:51 GMT: INFO (info): (hist.c:240) histogram dump: svc-queue (1389 total) msec
May 31 2019 04:52:51 GMT: INFO (info): (hist.c:266)  (00: 0000001389)
May 31 2019 04:52:51 GMT: INFO (info): (ticker.c:399) {ns1} objects: all 1308 master 648 prole 660 non-replica 0
May 31 2019 04:52:51 GMT: INFO (info): (ticker.c:457) {ns1} migrations: complete
May 31 2019 04:52:51 GMT: INFO (info): (ticker.c:484) {ns1} memory-usage: total-bytes 83712 index-bytes 83712 sindex-bytes 0 used-pct 0.08
May 31 2019 04:52:51 GMT: INFO (info): (ticker.c:545) {ns1} device-usage: used-bytes 39323712 avail-pct 96 cache-read-pct 38.89
May 31 2019 04:52:51 GMT: INFO (info): (ticker.c:595) {ns1} client: tsvc (0,0) proxy (0,0,0) read (40,0,0,666) write (683,0,0) delete (0,0,0,0) udf (0,0,0) lang (0,0,0,0)
May 31 2019 04:52:51 GMT: INFO (info): (hist.c:240) histogram dump: {ns1}-read (706 total) msec
May 31 2019 04:52:51 GMT: INFO (info): (hist.c:266)  (00: 0000000706)
May 31 2019 04:52:51 GMT: INFO (info): (hist.c:240) histogram dump: {ns1}-read-start (706 total) msec
May 31 2019 04:52:51 GMT: INFO (info): (hist.c:266)  (00: 0000000706)
May 31 2019 04:52:51 GMT: INFO (info): (hist.c:240) histogram dump: {ns1}-read-restart (0 total) msec
May 31 2019 04:52:51 GMT: INFO (info): (hist.c:240) histogram dump: {ns1}-read-dup-res (0 total) msec
May 31 2019 04:52:51 GMT: INFO (info): (hist.c:240) histogram dump: {ns1}-read-repl-ping (0 total) msec
May 31 2019 04:52:51 GMT: INFO (info): (hist.c:240) histogram dump: {ns1}-read-local (706 total) msec
May 31 2019 04:52:51 GMT: INFO (info): (hist.c:266)  (00: 0000000706)
May 31 2019 04:52:51 GMT: INFO (info): (hist.c:240) histogram dump: {ns1}-read-response (706 total) msec
May 31 2019 04:52:51 GMT: INFO (info): (hist.c:266)  (00: 0000000706)
May 31 2019 04:52:51 GMT: INFO (info): (hist.c:240) histogram dump: {ns1}-write (683 total) msec
May 31 2019 04:52:51 GMT: INFO (info): (hist.c:257)  (00: 0000000164) (01: 0000000367) (02: 0000000022) (03: 0000000009)
May 31 2019 04:52:51 GMT: INFO (info): (hist.c:266)  (06: 0000000001) (08: 0000000120)
May 31 2019 04:52:51 GMT: INFO (info): (hist.c:240) histogram dump: {ns1}-write-start (683 total) msec
May 31 2019 04:52:51 GMT: INFO (info): (hist.c:257)  (00: 0000000546) (01: 0000000008) (02: 0000000005) (03: 0000000003)
May 31 2019 04:52:51 GMT: INFO (info): (hist.c:266)  (06: 0000000001) (08: 0000000120)
May 31 2019 04:52:51 GMT: INFO (info): (hist.c:240) histogram dump: {ns1}-write-restart (0 total) msec
May 31 2019 04:52:51 GMT: INFO (info): (hist.c:240) histogram dump: {ns1}-write-dup-res (0 total) msec
May 31 2019 04:52:51 GMT: INFO (info): (hist.c:240) histogram dump: {ns1}-write-master (683 total) msec
May 31 2019 04:52:51 GMT: INFO (info): (hist.c:266)  (00: 0000000683)
May 31 2019 04:52:51 GMT: INFO (info): (hist.c:240) histogram dump: {ns1}-write-repl-write (683 total) msec
May 31 2019 04:52:51 GMT: INFO (info): (hist.c:257)  (00: 0000000591) (01: 0000000078) (02: 0000000010) (03: 0000000004)
May 31 2019 04:52:51 GMT: INFO (info): (hist.c:240) histogram dump: {ns1}-write-response (683 total) msec
May 31 2019 04:52:51 GMT: INFO (info): (hist.c:266)  (00: 0000000683)
May 31 2019 04:52:51 GMT: INFO (info): (hist.c:240) histogram dump: {ns1}-proxy (0 total) msec
May 31 2019 04:52:51 GMT: INFO (info): (hist.c:240) histogram dump: {ns1}-device-read-size (28 total) bytes
May 31 2019 04:52:51 GMT: INFO (info): (hist.c:266)  (15: 0000000028)
May 31 2019 04:52:51 GMT: INFO (info): (hist.c:240) histogram dump: {ns1}-device-write-size (1380 total) bytes
May 31 2019 04:52:51 GMT: INFO (info): (hist.c:266)  (15: 0000001380)
May 31 2019 04:52:51 GMT: INFO (info): (hist.c:240) histogram dump: {ns1}-/opt/aerospike/data/ns1.dat-read (28 total) msec
May 31 2019 04:52:51 GMT: INFO (info): (hist.c:266)  (00: 0000000028)
May 31 2019 04:52:51 GMT: INFO (info): (hist.c:240) histogram dump: {ns1}-/opt/aerospike/data/ns1.dat-large-block-read (59 total) msec
May 31 2019 04:52:51 GMT: INFO (info): (hist.c:266)  (00: 0000000056) (01: 0000000002) (02: 0000000001)
May 31 2019 04:52:51 GMT: INFO (info): (hist.c:240) histogram dump: {ns1}-/opt/aerospike/data/ns1.dat-write (719 total) msec
May 31 2019 04:52:51 GMT: INFO (info): (hist.c:257)  (00: 0000000021) (01: 0000000075) (02: 0000000615) (03: 0000000007)
May 31 2019 04:52:51 GMT: INFO (info): (hist.c:266)  (04: 0000000001)
May 31 2019 04:53:01 GMT: INFO (drv_ssd): (drv_ssd.c:1911) {ns1} /opt/aerospike/data/ns1.dat: used-bytes 44133952 free-wblocks 23130 write-q 0 write (826,10.8) defrag-q 0 defrag-read (88,2.5) defrag-write (43,1.2)
May 31 2019 04:53:01 GMT: INFO (info): (ticker.c:162) NODE-ID bb95e259ff03202 CLUSTER-SIZE 2
May 31 2019 04:53:01 GMT: INFO (info): (ticker.c:243)    cluster-clock: skew-ms 0
May 31 2019 04:53:01 GMT: INFO (info): (ticker.c:270)    system-memory: free-kbytes 1904260 free-pct 93 heap-kbytes (102583,105416,192512) heap-efficiency-pct 53.3
May 31 2019 04:53:01 GMT: INFO (info): (ticker.c:282)    in-progress: tsvc-q 0 info-q 0 rw-hash 0 proxy-hash 0 tree-gc-q 0
May 31 2019 04:53:01 GMT: INFO (info): (ticker.c:303)    fds: proto (9,14,5) heartbeat (1,3,2) fabric (24,84,60)
May 31 2019 04:53:01 GMT: INFO (info): (ticker.c:311)    heartbeat-received: self 0 foreign 663
May 31 2019 04:53:01 GMT: INFO (info): (ticker.c:341)    fabric-bytes-per-second: bulk (0,0) ctrl (0,0) meta (0,0) rw (253484,322571)
May 31 2019 04:53:01 GMT: INFO (info): (hist.c:240) histogram dump: svc-demarshal (1575 total) msec
May 31 2019 04:53:01 GMT: INFO (info): (hist.c:257)  (00: 0000001420) (01: 0000000007) (02: 0000000006) (03: 0000000003)
May 31 2019 04:53:01 GMT: INFO (info): (hist.c:266)  (06: 0000000001) (08: 0000000138)
May 31 2019 04:53:01 GMT: INFO (info): (hist.c:240) histogram dump: svc-queue (1575 total) msec
May 31 2019 04:53:01 GMT: INFO (info): (hist.c:266)  (00: 0000001575)
May 31 2019 04:53:01 GMT: INFO (info): (ticker.c:399) {ns1} objects: all 1471 master 717 prole 754 non-replica 0
May 31 2019 04:53:01 GMT: INFO (info): (ticker.c:457) {ns1} migrations: complete
May 31 2019 04:53:01 GMT: INFO (info): (ticker.c:484) {ns1} memory-usage: total-bytes 94144 index-bytes 94144 sindex-bytes 0 used-pct 0.09
May 31 2019 04:53:01 GMT: INFO (info): (ticker.c:545) {ns1} device-usage: used-bytes 44224144 avail-pct 96 cache-read-pct 33.33
May 31 2019 04:53:01 GMT: INFO (info): (ticker.c:595) {ns1} client: tsvc (0,0) proxy (0,0,0) read (55,0,0,753) write (767,0,0) delete (0,0,0,0) udf (0,0,0) lang (0,0,0,0)
May 31 2019 04:53:01 GMT: INFO (info): (hist.c:240) histogram dump: {ns1}-read (808 total) msec
May 31 2019 04:53:01 GMT: INFO (info): (hist.c:266)  (00: 0000000807) (01: 0000000001)
May 31 2019 04:53:01 GMT: INFO (info): (hist.c:240) histogram dump: {ns1}-read-start (808 total) msec
May 31 2019 04:53:01 GMT: INFO (info): (hist.c:266)  (00: 0000000808)
May 31 2019 04:53:01 GMT: INFO (info): (hist.c:240) histogram dump: {ns1}-read-restart (0 total) msec
May 31 2019 04:53:01 GMT: INFO (info): (hist.c:240) histogram dump: {ns1}-read-dup-res (0 total) msec
May 31 2019 04:53:01 GMT: INFO (info): (hist.c:240) histogram dump: {ns1}-read-repl-ping (0 total) msec
May 31 2019 04:53:01 GMT: INFO (info): (hist.c:240) histogram dump: {ns1}-read-local (808 total) msec
May 31 2019 04:53:01 GMT: INFO (info): (hist.c:266)  (00: 0000000808)
May 31 2019 04:53:01 GMT: INFO (info): (hist.c:240) histogram dump: {ns1}-read-response (808 total) msec
May 31 2019 04:53:01 GMT: INFO (info): (hist.c:266)  (00: 0000000808)
May 31 2019 04:53:01 GMT: INFO (info): (hist.c:240) histogram dump: {ns1}-write (767 total) msec
May 31 2019 04:53:01 GMT: INFO (info): (hist.c:257)  (00: 0000000189) (01: 0000000404) (02: 0000000026) (03: 0000000009)
May 31 2019 04:53:01 GMT: INFO (info): (hist.c:266)  (06: 0000000001) (08: 0000000138)
May 31 2019 04:53:01 GMT: INFO (info): (hist.c:240) histogram dump: {ns1}-write-start (767 total) msec
May 31 2019 04:53:01 GMT: INFO (info): (hist.c:257)  (00: 0000000611) (01: 0000000008) (02: 0000000006) (03: 0000000003)
May 31 2019 04:53:01 GMT: INFO (info): (hist.c:266)  (06: 0000000001) (08: 0000000138)
May 31 2019 04:53:01 GMT: INFO (info): (hist.c:240) histogram dump: {ns1}-write-restart (0 total) msec
May 31 2019 04:53:01 GMT: INFO (info): (hist.c:240) histogram dump: {ns1}-write-dup-res (0 total) msec
May 31 2019 04:53:01 GMT: INFO (info): (hist.c:240) histogram dump: {ns1}-write-master (767 total) msec
May 31 2019 04:53:01 GMT: INFO (info): (hist.c:266)  (00: 0000000767)
May 31 2019 04:53:01 GMT: INFO (info): (hist.c:240) histogram dump: {ns1}-write-repl-write (767 total) msec
May 31 2019 04:53:01 GMT: INFO (info): (hist.c:257)  (00: 0000000672) (01: 0000000080) (02: 0000000011) (03: 0000000004)
May 31 2019 04:53:01 GMT: INFO (info): (hist.c:240) histogram dump: {ns1}-write-response (767 total) msec
May 31 2019 04:53:01 GMT: INFO (info): (hist.c:266)  (00: 0000000767)
May 31 2019 04:53:01 GMT: INFO (info): (hist.c:240) histogram dump: {ns1}-proxy (0 total) msec
May 31 2019 04:53:01 GMT: INFO (info): (hist.c:240) histogram dump: {ns1}-device-read-size (48 total) bytes
May 31 2019 04:53:01 GMT: INFO (info): (hist.c:266)  (15: 0000000048)
May 31 2019 04:53:01 GMT: INFO (info): (hist.c:240) histogram dump: {ns1}-device-write-size (1571 total) bytes
May 31 2019 04:53:01 GMT: INFO (info): (hist.c:266)  (15: 0000001571)
May 31 2019 04:53:01 GMT: INFO (info): (hist.c:240) histogram dump: {ns1}-/opt/aerospike/data/ns1.dat-read (48 total) msec
May 31 2019 04:53:01 GMT: INFO (info): (hist.c:266)  (00: 0000000048)
May 31 2019 04:53:01 GMT: INFO (info): (hist.c:240) histogram dump: {ns1}-/opt/aerospike/data/ns1.dat-large-block-read (88 total) msec
May 31 2019 04:53:01 GMT: INFO (info): (hist.c:266)  (00: 0000000082) (01: 0000000004) (02: 0000000002)
May 31 2019 04:53:01 GMT: INFO (info): (hist.c:240) histogram dump: {ns1}-/opt/aerospike/data/ns1.dat-write (829 total) msec
May 31 2019 04:53:01 GMT: INFO (info): (hist.c:257)  (00: 0000000031) (01: 0000000100) (02: 0000000688) (03: 0000000009)
May 31 2019 04:53:01 GMT: INFO (info): (hist.c:266)  (04: 0000000001)
May 31 2019 04:53:11 GMT: INFO (info): (ticker.c:162) NODE-ID bb95e259ff03202 CLUSTER-SIZE 2
May 31 2019 04:53:11 GMT: INFO (info): (ticker.c:243)    cluster-clock: skew-ms 0
May 31 2019 04:53:11 GMT: INFO (info): (ticker.c:270)    system-memory: free-kbytes 1904648 free-pct 93 heap-kbytes (102568,105472,192512) heap-efficiency-pct 53.3
May 31 2019 04:53:11 GMT: INFO (info): (ticker.c:282)    in-progress: tsvc-q 0 info-q 0 rw-hash 0 proxy-hash 0 tree-gc-q 0
May 31 2019 04:53:11 GMT: INFO (info): (ticker.c:303)    fds: proto (9,14,5) heartbeat (1,3,2) fabric (24,84,60)
May 31 2019 04:53:11 GMT: INFO (info): (ticker.c:311)    heartbeat-received: self 0 foreign 729
May 31 2019 04:53:11 GMT: INFO (info): (ticker.c:341)    fabric-bytes-per-second: bulk (0,0) ctrl (0,0) meta (0,0) rw (298577,295574)
May 31 2019 04:53:11 GMT: INFO (info): (hist.c:240) histogram dump: svc-demarshal (1775 total) msec
May 31 2019 04:53:11 GMT: INFO (info): (hist.c:257)  (00: 0000001596) (01: 0000000008) (02: 0000000007) (03: 0000000007)
May 31 2019 04:53:11 GMT: INFO (info): (hist.c:266)  (04: 0000000003) (06: 0000000001) (08: 0000000153)
May 31 2019 04:53:11 GMT: INFO (info): (hist.c:240) histogram dump: svc-queue (1775 total) msec
May 31 2019 04:53:11 GMT: INFO (info): (hist.c:266)  (00: 0000001775)
May 31 2019 04:53:11 GMT: INFO (info): (ticker.c:399) {ns1} objects: all 1639 master 801 prole 838 non-replica 0
May 31 2019 04:53:11 GMT: INFO (info): (ticker.c:457) {ns1} migrations: complete
May 31 2019 04:53:11 GMT: INFO (info): (ticker.c:484) {ns1} memory-usage: total-bytes 104896 index-bytes 104896 sindex-bytes 0 used-pct 0.10
May 31 2019 04:53:11 GMT: INFO (info): (ticker.c:545) {ns1} device-usage: used-bytes 49274896 avail-pct 96 cache-read-pct 26.92
May 31 2019 04:53:11 GMT: INFO (info): (ticker.c:595) {ns1} client: tsvc (0,0) proxy (0,0,0) read (66,0,0,843) write (866,0,0) delete (0,0,0,0) udf (0,0,0) lang (0,0,0,0)
May 31 2019 04:53:11 GMT: INFO (info): (hist.c:240) histogram dump: {ns1}-read (909 total) msec
May 31 2019 04:53:11 GMT: INFO (info): (hist.c:266)  (00: 0000000908) (01: 0000000001)
May 31 2019 04:53:11 GMT: INFO (info): (hist.c:240) histogram dump: {ns1}-read-start (909 total) msec
May 31 2019 04:53:11 GMT: INFO (info): (hist.c:266)  (00: 0000000909)
May 31 2019 04:53:11 GMT: INFO (info): (hist.c:240) histogram dump: {ns1}-read-restart (0 total) msec
May 31 2019 04:53:11 GMT: INFO (info): (hist.c:240) histogram dump: {ns1}-read-dup-res (0 total) msec
May 31 2019 04:53:11 GMT: INFO (info): (hist.c:240) histogram dump: {ns1}-read-repl-ping (0 total) msec
May 31 2019 04:53:11 GMT: INFO (info): (hist.c:240) histogram dump: {ns1}-read-local (909 total) msec
May 31 2019 04:53:11 GMT: INFO (info): (hist.c:266)  (00: 0000000909)
May 31 2019 04:53:11 GMT: INFO (info): (hist.c:240) histogram dump: {ns1}-read-response (909 total) msec
May 31 2019 04:53:11 GMT: INFO (info): (hist.c:266)  (00: 0000000909)
May 31 2019 04:53:11 GMT: INFO (info): (hist.c:240) histogram dump: {ns1}-write (866 total) msec
May 31 2019 04:53:11 GMT: INFO (info): (hist.c:257)  (00: 0000000207) (01: 0000000456) (02: 0000000032) (03: 0000000014)
May 31 2019 04:53:11 GMT: INFO (info): (hist.c:266)  (04: 0000000003) (06: 0000000001) (08: 0000000153)
May 31 2019 04:53:11 GMT: INFO (info): (hist.c:240) histogram dump: {ns1}-write-start (866 total) msec
May 31 2019 04:53:11 GMT: INFO (info): (hist.c:257)  (00: 0000000686) (01: 0000000009) (02: 0000000007) (03: 0000000007)
May 31 2019 04:53:11 GMT: INFO (info): (hist.c:266)  (04: 0000000003) (06: 0000000001) (08: 0000000153)
May 31 2019 04:53:11 GMT: INFO (info): (hist.c:240) histogram dump: {ns1}-write-restart (0 total) msec
May 31 2019 04:53:11 GMT: INFO (info): (hist.c:240) histogram dump: {ns1}-write-dup-res (0 total) msec
May 31 2019 04:53:11 GMT: INFO (info): (hist.c:240) histogram dump: {ns1}-write-master (866 total) msec
May 31 2019 04:53:11 GMT: INFO (info): (hist.c:266)  (00: 0000000865) (01: 0000000001)
May 31 2019 04:53:11 GMT: INFO (info): (hist.c:240) histogram dump: {ns1}-write-repl-write (866 total) msec
May 31 2019 04:53:11 GMT: INFO (info): (hist.c:257)  (00: 0000000753) (01: 0000000094) (02: 0000000015) (03: 0000000004)
May 31 2019 04:53:11 GMT: INFO (info): (hist.c:240) histogram dump: {ns1}-write-response (866 total) msec
May 31 2019 04:53:11 GMT: INFO (info): (hist.c:266)  (00: 0000000866)
May 31 2019 04:53:11 GMT: INFO (info): (hist.c:240) histogram dump: {ns1}-proxy (0 total) msec
May 31 2019 04:53:11 GMT: INFO (info): (hist.c:240) histogram dump: {ns1}-device-read-size (67 total) bytes
May 31 2019 04:53:11 GMT: INFO (info): (hist.c:266)  (15: 0000000067)
May 31 2019 04:53:11 GMT: INFO (info): (hist.c:240) histogram dump: {ns1}-device-write-size (1768 total) bytes
May 31 2019 04:53:11 GMT: INFO (info): (hist.c:266)  (15: 0000001768)
May 31 2019 04:53:11 GMT: INFO (info): (hist.c:240) histogram dump: {ns1}-/opt/aerospike/data/ns1.dat-read (67 total) msec
May 31 2019 04:53:11 GMT: INFO (info): (hist.c:266)  (00: 0000000066) (01: 0000000001)
May 31 2019 04:53:11 GMT: INFO (info): (hist.c:240) histogram dump: {ns1}-/opt/aerospike/data/ns1.dat-large-block-read (117 total) msec
May 31 2019 04:53:11 GMT: INFO (info): (hist.c:266)  (00: 0000000110) (01: 0000000005) (02: 0000000002)
May 31 2019 04:53:11 GMT: INFO (info): (hist.c:240) histogram dump: {ns1}-/opt/aerospike/data/ns1.dat-write (942 total) msec
May 31 2019 04:53:11 GMT: INFO (info): (hist.c:257)  (00: 0000000040) (01: 0000000120) (02: 0000000771) (03: 0000000010)
May 31 2019 04:53:11 GMT: INFO (info): (hist.c:266)  (04: 0000000001)
May 31 2019 04:53:21 GMT: INFO (drv_ssd): (drv_ssd.c:1911) {ns1} /opt/aerospike/data/ns1.dat: used-bytes 54325648 free-wblocks 22960 write-q 0 write (1054,11.4) defrag-q 0 defrag-read (146,2.9) defrag-write (72,1.5)
May 31 2019 04:53:21 GMT: INFO (nsup): (nsup.c:426) {ns1} nsup-start: expire
May 31 2019 04:53:21 GMT: INFO (info): (ticker.c:162) NODE-ID bb95e259ff03202 CLUSTER-SIZE 2
May 31 2019 04:53:21 GMT: INFO (info): (ticker.c:243)    cluster-clock: skew-ms 0
May 31 2019 04:53:21 GMT: INFO (info): (ticker.c:270)    system-memory: free-kbytes 1903940 free-pct 93 heap-kbytes (102565,105388,194560) heap-efficiency-pct 52.7
May 31 2019 04:53:21 GMT: INFO (info): (ticker.c:282)    in-progress: tsvc-q 0 info-q 0 rw-hash 0 proxy-hash 0 tree-gc-q 0
May 31 2019 04:53:21 GMT: INFO (info): (ticker.c:303)    fds: proto (9,14,5) heartbeat (1,3,2) fabric (24,84,60)
May 31 2019 04:53:21 GMT: INFO (info): (ticker.c:311)    heartbeat-received: self 0 foreign 796
May 31 2019 04:53:21 GMT: INFO (info): (ticker.c:341)    fabric-bytes-per-second: bulk (0,0) ctrl (0,0) meta (0,0) rw (283571,316612)
May 31 2019 04:53:21 GMT: INFO (info): (hist.c:240) histogram dump: svc-demarshal (1964 total) msec
May 31 2019 04:53:21 GMT: INFO (info): (hist.c:257)  (00: 0000001772) (01: 0000000008) (02: 0000000007) (03: 0000000007)
May 31 2019 04:53:21 GMT: INFO (info): (hist.c:266)  (04: 0000000003) (06: 0000000001) (08: 0000000166)
May 31 2019 04:53:21 GMT: INFO (info): (hist.c:240) histogram dump: svc-queue (1964 total) msec
May 31 2019 04:53:21 GMT: INFO (info): (hist.c:266)  (00: 0000001964)
May 31 2019 04:53:21 GMT: INFO (info): (ticker.c:399) {ns1} objects: all 1808 master 882 prole 926 non-replica 0
May 31 2019 04:53:21 GMT: INFO (info): (ticker.c:457) {ns1} migrations: complete
May 31 2019 04:53:21 GMT: INFO (info): (ticker.c:484) {ns1} memory-usage: total-bytes 115712 index-bytes 115712 sindex-bytes 0 used-pct 0.11
May 31 2019 04:53:21 GMT: INFO (info): (ticker.c:545) {ns1} device-usage: used-bytes 54355712 avail-pct 95 cache-read-pct 44.00
May 31 2019 04:53:21 GMT: INFO (info): (ticker.c:595) {ns1} client: tsvc (0,0) proxy (0,0,0) read (78,0,0,926) write (960,0,0) delete (0,0,0,0) udf (0,0,0) lang (0,0,0,0)
May 31 2019 04:53:21 GMT: INFO (info): (hist.c:240) histogram dump: {ns1}-read (1004 total) msec
May 31 2019 04:53:21 GMT: INFO (info): (hist.c:266)  (00: 0000001003) (01: 0000000001)
May 31 2019 04:53:21 GMT: INFO (info): (hist.c:240) histogram dump: {ns1}-read-start (1004 total) msec
May 31 2019 04:53:21 GMT: INFO (info): (hist.c:266)  (00: 0000001004)
May 31 2019 04:53:21 GMT: INFO (info): (hist.c:240) histogram dump: {ns1}-read-restart (0 total) msec
May 31 2019 04:53:21 GMT: INFO (info): (hist.c:240) histogram dump: {ns1}-read-dup-res (0 total) msec
May 31 2019 04:53:21 GMT: INFO (info): (hist.c:240) histogram dump: {ns1}-read-repl-ping (0 total) msec
May 31 2019 04:53:21 GMT: INFO (info): (hist.c:240) histogram dump: {ns1}-read-local (1004 total) msec
May 31 2019 04:53:21 GMT: INFO (info): (hist.c:266)  (00: 0000001004)
May 31 2019 04:53:21 GMT: INFO (info): (hist.c:240) histogram dump: {ns1}-read-response (1004 total) msec
May 31 2019 04:53:21 GMT: INFO (info): (hist.c:266)  (00: 0000001004)
May 31 2019 04:53:21 GMT: INFO (info): (hist.c:240) histogram dump: {ns1}-write (960 total) msec
May 31 2019 04:53:21 GMT: INFO (info): (hist.c:257)  (00: 0000000224) (01: 0000000515) (02: 0000000037) (03: 0000000014)
May 31 2019 04:53:21 GMT: INFO (info): (hist.c:266)  (04: 0000000003) (06: 0000000001) (08: 0000000166)
May 31 2019 04:53:21 GMT: INFO (info): (hist.c:240) histogram dump: {ns1}-write-start (960 total) msec
May 31 2019 04:53:21 GMT: INFO (info): (hist.c:257)  (00: 0000000767) (01: 0000000009) (02: 0000000007) (03: 0000000007)
May 31 2019 04:53:21 GMT: INFO (info): (hist.c:266)  (04: 0000000003) (06: 0000000001) (08: 0000000166)
May 31 2019 04:53:21 GMT: INFO (info): (hist.c:240) histogram dump: {ns1}-write-restart (0 total) msec
May 31 2019 04:53:21 GMT: INFO (info): (hist.c:240) histogram dump: {ns1}-write-dup-res (0 total) msec
May 31 2019 04:53:21 GMT: INFO (info): (hist.c:240) histogram dump: {ns1}-write-master (960 total) msec
May 31 2019 04:53:21 GMT: INFO (info): (hist.c:266)  (00: 0000000959) (01: 0000000001)
May 31 2019 04:53:21 GMT: INFO (info): (hist.c:240) histogram dump: {ns1}-write-repl-write (960 total) msec
May 31 2019 04:53:21 GMT: INFO (info): (hist.c:257)  (00: 0000000835) (01: 0000000104) (02: 0000000017) (03: 0000000004)
May 31 2019 04:53:21 GMT: INFO (info): (hist.c:240) histogram dump: {ns1}-write-response (960 total) msec
May 31 2019 04:53:21 GMT: INFO (info): (hist.c:266)  (00: 0000000960)
May 31 2019 04:53:21 GMT: INFO (info): (hist.c:240) histogram dump: {ns1}-proxy (0 total) msec
May 31 2019 04:53:21 GMT: INFO (info): (hist.c:240) histogram dump: {ns1}-device-read-size (81 total) bytes
May 31 2019 04:53:21 GMT: INFO (info): (hist.c:266)  (15: 0000000081)
May 31 2019 04:53:21 GMT: INFO (info): (hist.c:240) histogram dump: {ns1}-device-write-size (1967 total) bytes
May 31 2019 04:53:21 GMT: INFO (info): (hist.c:266)  (15: 0000001967)
May 31 2019 04:53:21 GMT: INFO (info): (hist.c:240) histogram dump: {ns1}-/opt/aerospike/data/ns1.dat-read (81 total) msec
May 31 2019 04:53:21 GMT: INFO (info): (hist.c:266)  (00: 0000000080) (01: 0000000001)
May 31 2019 04:53:21 GMT: INFO (info): (hist.c:240) histogram dump: {ns1}-/opt/aerospike/data/ns1.dat-large-block-read (146 total) msec
May 31 2019 04:53:21 GMT: INFO (info): (hist.c:266)  (00: 0000000136) (01: 0000000008) (02: 0000000002)
May 31 2019 04:53:21 GMT: INFO (info): (hist.c:240) histogram dump: {ns1}-/opt/aerospike/data/ns1.dat-write (1056 total) msec
May 31 2019 04:53:21 GMT: INFO (info): (hist.c:257)  (00: 0000000049) (01: 0000000141) (02: 0000000854) (03: 0000000011)
May 31 2019 04:53:21 GMT: INFO (info): (hist.c:266)  (04: 0000000001)
May 31 2019 04:53:21 GMT: INFO (nsup): (nsup.c:829) {ns1} nsup-done: non-expirable 0 expired (0,0) evicted (0,0) evict-ttl 0 total-ms 33
May 31 2019 04:53:31 GMT: INFO (info): (ticker.c:162) NODE-ID bb95e259ff03202 CLUSTER-SIZE 2
May 31 2019 04:53:31 GMT: INFO (info): (ticker.c:243)    cluster-clock: skew-ms 0
May 31 2019 04:53:31 GMT: INFO (info): (ticker.c:270)    system-memory: free-kbytes 1903856 free-pct 93 heap-kbytes (103135,105944,194560) heap-efficiency-pct 53.0
May 31 2019 04:53:31 GMT: INFO (info): (ticker.c:282)    in-progress: tsvc-q 0 info-q 0 rw-hash 0 proxy-hash 0 tree-gc-q 0
May 31 2019 04:53:31 GMT: INFO (info): (ticker.c:303)    fds: proto (9,14,5) heartbeat (1,3,2) fabric (24,84,60)
May 31 2019 04:53:31 GMT: INFO (info): (ticker.c:311)    heartbeat-received: self 0 foreign 862
May 31 2019 04:53:31 GMT: INFO (info): (ticker.c:341)    fabric-bytes-per-second: bulk (0,0) ctrl (0,0) meta (0,0) rw (301587,295580)
May 31 2019 04:53:31 GMT: INFO (info): (hist.c:240) histogram dump: svc-demarshal (2163 total) msec
May 31 2019 04:53:31 GMT: INFO (info): (hist.c:257)  (00: 0000001956) (01: 0000000008) (02: 0000000007) (03: 0000000007)
May 31 2019 04:53:31 GMT: INFO (info): (hist.c:266)  (04: 0000000003) (06: 0000000001) (08: 0000000181)
May 31 2019 04:53:31 GMT: INFO (info): (hist.c:240) histogram dump: svc-queue (2163 total) msec
May 31 2019 04:53:31 GMT: INFO (info): (hist.c:266)  (00: 0000002163)
May 31 2019 04:53:31 GMT: INFO (info): (ticker.c:399) {ns1} objects: all 1972 master 962 prole 1010 non-replica 0
May 31 2019 04:53:31 GMT: INFO (info): (ticker.c:457) {ns1} migrations: complete
May 31 2019 04:53:31 GMT: INFO (info): (ticker.c:484) {ns1} memory-usage: total-bytes 126208 index-bytes 126208 sindex-bytes 0 used-pct 0.12
May 31 2019 04:53:31 GMT: INFO (info): (ticker.c:545) {ns1} device-usage: used-bytes 59286208 avail-pct 95 cache-read-pct 23.26
May 31 2019 04:53:31 GMT: INFO (info): (ticker.c:595) {ns1} client: tsvc (0,0) proxy (0,0,0) read (101,0,0,1002) write (1060,0,0) delete (0,0,0,0) udf (0,0,0) lang (0,0,0,0)
May 31 2019 04:53:31 GMT: INFO (info): (hist.c:240) histogram dump: {ns1}-read (1103 total) msec
May 31 2019 04:53:31 GMT: INFO (info): (hist.c:266)  (00: 0000001101) (01: 0000000002)
May 31 2019 04:53:31 GMT: INFO (info): (hist.c:240) histogram dump: {ns1}-read-start (1103 total) msec
May 31 2019 04:53:31 GMT: INFO (info): (hist.c:266)  (00: 0000001103)
May 31 2019 04:53:31 GMT: INFO (info): (hist.c:240) histogram dump: {ns1}-read-restart (0 total) msec
May 31 2019 04:53:31 GMT: INFO (info): (hist.c:240) histogram dump: {ns1}-read-dup-res (0 total) msec
May 31 2019 04:53:31 GMT: INFO (info): (hist.c:240) histogram dump: {ns1}-read-repl-ping (0 total) msec
May 31 2019 04:53:31 GMT: INFO (info): (hist.c:240) histogram dump: {ns1}-read-local (1103 total) msec
May 31 2019 04:53:31 GMT: INFO (info): (hist.c:266)  (00: 0000001102) (01: 0000000001)
May 31 2019 04:53:31 GMT: INFO (info): (hist.c:240) histogram dump: {ns1}-read-response (1103 total) msec
May 31 2019 04:53:31 GMT: INFO (info): (hist.c:266)  (00: 0000001103)
May 31 2019 04:53:31 GMT: INFO (info): (hist.c:240) histogram dump: {ns1}-write (1060 total) msec
May 31 2019 04:53:31 GMT: INFO (info): (hist.c:257)  (00: 0000000253) (01: 0000000566) (02: 0000000042) (03: 0000000014)
May 31 2019 04:53:31 GMT: INFO (info): (hist.c:266)  (04: 0000000003) (06: 0000000001) (08: 0000000181)
May 31 2019 04:53:31 GMT: INFO (info): (hist.c:240) histogram dump: {ns1}-write-start (1060 total) msec
May 31 2019 04:53:31 GMT: INFO (info): (hist.c:257)  (00: 0000000852) (01: 0000000009) (02: 0000000007) (03: 0000000007)
May 31 2019 04:53:31 GMT: INFO (info): (hist.c:266)  (04: 0000000003) (06: 0000000001) (08: 0000000181)
May 31 2019 04:53:31 GMT: INFO (info): (hist.c:240) histogram dump: {ns1}-write-restart (0 total) msec
May 31 2019 04:53:31 GMT: INFO (info): (hist.c:240) histogram dump: {ns1}-write-dup-res (0 total) msec
May 31 2019 04:53:31 GMT: INFO (info): (hist.c:240) histogram dump: {ns1}-write-master (1060 total) msec
May 31 2019 04:53:31 GMT: INFO (info): (hist.c:266)  (00: 0000001059) (01: 0000000001)
May 31 2019 04:53:31 GMT: INFO (info): (hist.c:240) histogram dump: {ns1}-write-repl-write (1060 total) msec
May 31 2019 04:53:31 GMT: INFO (info): (hist.c:257)  (00: 0000000926) (01: 0000000111) (02: 0000000019) (03: 0000000004)
May 31 2019 04:53:31 GMT: INFO (info): (hist.c:240) histogram dump: {ns1}-write-response (1060 total) msec
May 31 2019 04:53:31 GMT: INFO (info): (hist.c:266)  (00: 0000001060)
May 31 2019 04:53:31 GMT: INFO (info): (hist.c:240) histogram dump: {ns1}-proxy (0 total) msec
May 31 2019 04:53:31 GMT: INFO (info): (hist.c:240) histogram dump: {ns1}-device-read-size (114 total) bytes
May 31 2019 04:53:31 GMT: INFO (info): (hist.c:266)  (15: 0000000114)
May 31 2019 04:53:31 GMT: INFO (info): (hist.c:240) histogram dump: {ns1}-device-write-size (2165 total) bytes
May 31 2019 04:53:31 GMT: INFO (info): (hist.c:266)  (15: 0000002165)
May 31 2019 04:53:31 GMT: INFO (info): (hist.c:240) histogram dump: {ns1}-/opt/aerospike/data/ns1.dat-read (114 total) msec
May 31 2019 04:53:31 GMT: INFO (info): (hist.c:266)  (00: 0000000112) (01: 0000000002)
May 31 2019 04:53:31 GMT: INFO (info): (hist.c:240) histogram dump: {ns1}-/opt/aerospike/data/ns1.dat-large-block-read (182 total) msec
May 31 2019 04:53:31 GMT: INFO (info): (hist.c:266)  (00: 0000000166) (01: 0000000014) (02: 0000000002)
May 31 2019 04:53:31 GMT: INFO (info): (hist.c:240) histogram dump: {ns1}-/opt/aerospike/data/ns1.dat-write (1173 total) msec
May 31 2019 04:53:31 GMT: INFO (info): (hist.c:257)  (00: 0000000060) (01: 0000000170) (02: 0000000930) (03: 0000000012)
May 31 2019 04:53:31 GMT: INFO (info): (hist.c:266)  (04: 0000000001)
May 31 2019 04:53:41 GMT: INFO (drv_ssd): (drv_ssd.c:1911) {ns1} /opt/aerospike/data/ns1.dat: used-bytes 62923952 free-wblocks 22817 write-q 0 write (1264,10.5) defrag-q 0 defrag-read (212,3.3) defrag-write (105,1.6)
May 31 2019 04:53:41 GMT: INFO (info): (ticker.c:162) NODE-ID bb95e259ff03202 CLUSTER-SIZE 2
May 31 2019 04:53:41 GMT: INFO (info): (ticker.c:243)    cluster-clock: skew-ms 0
May 31 2019 04:53:41 GMT: INFO (info): (ticker.c:270)    system-memory: free-kbytes 1905100 free-pct 93 heap-kbytes (102630,105368,194560) heap-efficiency-pct 52.7
May 31 2019 04:53:41 GMT: INFO (info): (ticker.c:282)    in-progress: tsvc-q 0 info-q 0 rw-hash 0 proxy-hash 0 tree-gc-q 0
May 31 2019 04:53:41 GMT: INFO (info): (ticker.c:303)    fds: proto (0,14,14) heartbeat (1,3,2) fabric (24,84,60)
May 31 2019 04:53:41 GMT: INFO (info): (ticker.c:311)    heartbeat-received: self 0 foreign 929
May 31 2019 04:53:41 GMT: INFO (info): (ticker.c:341)    fabric-bytes-per-second: bulk (0,0) ctrl (0,0) meta (0,0) rw (250260,217219)
May 31 2019 04:53:41 GMT: INFO (info): (hist.c:240) histogram dump: svc-demarshal (2329 total) msec
May 31 2019 04:53:41 GMT: INFO (info): (hist.c:257)  (00: 0000002107) (01: 0000000009) (02: 0000000007) (03: 0000000007)
May 31 2019 04:53:41 GMT: INFO (info): (hist.c:266)  (04: 0000000003) (06: 0000000001) (08: 0000000195)
May 31 2019 04:53:41 GMT: INFO (info): (hist.c:240) histogram dump: svc-queue (2329 total) msec
May 31 2019 04:53:41 GMT: INFO (info): (hist.c:266)  (00: 0000002329)
May 31 2019 04:53:41 GMT: INFO (info): (ticker.c:399) {ns1} objects: all 2093 master 1025 prole 1068 non-replica 0
May 31 2019 04:53:41 GMT: INFO (info): (ticker.c:457) {ns1} migrations: complete
May 31 2019 04:53:41 GMT: INFO (info): (ticker.c:484) {ns1} memory-usage: total-bytes 133952 index-bytes 133952 sindex-bytes 0 used-pct 0.13
May 31 2019 04:53:41 GMT: INFO (info): (ticker.c:545) {ns1} device-usage: used-bytes 62923952 avail-pct 95 cache-read-pct 30.77
May 31 2019 04:53:41 GMT: INFO (info): (ticker.c:595) {ns1} client: tsvc (0,0) proxy (0,0,0) read (120,0,0,1066) write (1143,0,0) delete (0,0,0,0) udf (0,0,0) lang (0,0,0,0)
May 31 2019 04:53:41 GMT: INFO (info): (hist.c:240) histogram dump: {ns1}-read (1186 total) msec
May 31 2019 04:53:41 GMT: INFO (info): (hist.c:266)  (00: 0000001184) (01: 0000000002)
May 31 2019 04:53:41 GMT: INFO (info): (hist.c:240) histogram dump: {ns1}-read-start (1186 total) msec
May 31 2019 04:53:41 GMT: INFO (info): (hist.c:266)  (00: 0000001186)
May 31 2019 04:53:41 GMT: INFO (info): (hist.c:240) histogram dump: {ns1}-read-restart (0 total) msec
May 31 2019 04:53:41 GMT: INFO (info): (hist.c:240) histogram dump: {ns1}-read-dup-res (0 total) msec
May 31 2019 04:53:41 GMT: INFO (info): (hist.c:240) histogram dump: {ns1}-read-repl-ping (0 total) msec
May 31 2019 04:53:41 GMT: INFO (info): (hist.c:240) histogram dump: {ns1}-read-local (1186 total) msec
May 31 2019 04:53:41 GMT: INFO (info): (hist.c:266)  (00: 0000001185) (01: 0000000001)
May 31 2019 04:53:41 GMT: INFO (info): (hist.c:240) histogram dump: {ns1}-read-response (1186 total) msec
May 31 2019 04:53:41 GMT: INFO (info): (hist.c:266)  (00: 0000001186)
May 31 2019 04:53:41 GMT: INFO (info): (hist.c:240) histogram dump: {ns1}-write (1143 total) msec
May 31 2019 04:53:41 GMT: INFO (info): (hist.c:257)  (00: 0000000272) (01: 0000000609) (02: 0000000049) (03: 0000000014)
May 31 2019 04:53:41 GMT: INFO (info): (hist.c:266)  (04: 0000000003) (06: 0000000001) (08: 0000000195)
May 31 2019 04:53:41 GMT: INFO (info): (hist.c:240) histogram dump: {ns1}-write-start (1143 total) msec
May 31 2019 04:53:41 GMT: INFO (info): (hist.c:257)  (00: 0000000920) (01: 0000000010) (02: 0000000007) (03: 0000000007)
May 31 2019 04:53:41 GMT: INFO (info): (hist.c:266)  (04: 0000000003) (06: 0000000001) (08: 0000000195)
May 31 2019 04:53:41 GMT: INFO (info): (hist.c:240) histogram dump: {ns1}-write-restart (0 total) msec
May 31 2019 04:53:41 GMT: INFO (info): (hist.c:240) histogram dump: {ns1}-write-dup-res (0 total) msec
May 31 2019 04:53:41 GMT: INFO (info): (hist.c:240) histogram dump: {ns1}-write-master (1143 total) msec
May 31 2019 04:53:41 GMT: INFO (info): (hist.c:266)  (00: 0000001142) (01: 0000000001)
May 31 2019 04:53:41 GMT: INFO (info): (hist.c:240) histogram dump: {ns1}-write-repl-write (1143 total) msec
May 31 2019 04:53:41 GMT: INFO (info): (hist.c:257)  (00: 0000001003) (01: 0000000115) (02: 0000000021) (03: 0000000004)
May 31 2019 04:53:41 GMT: INFO (info): (hist.c:240) histogram dump: {ns1}-write-response (1143 total) msec
May 31 2019 04:53:41 GMT: INFO (info): (hist.c:266)  (00: 0000001143)
May 31 2019 04:53:41 GMT: INFO (info): (hist.c:240) histogram dump: {ns1}-proxy (0 total) msec
May 31 2019 04:53:41 GMT: INFO (info): (hist.c:240) histogram dump: {ns1}-device-read-size (141 total) bytes
May 31 2019 04:53:41 GMT: INFO (info): (hist.c:266)  (15: 0000000141)
May 31 2019 04:53:41 GMT: INFO (info): (hist.c:240) histogram dump: {ns1}-device-write-size (2320 total) bytes
May 31 2019 04:53:41 GMT: INFO (info): (hist.c:266)  (15: 0000002320)
May 31 2019 04:53:41 GMT: INFO (info): (hist.c:240) histogram dump: {ns1}-/opt/aerospike/data/ns1.dat-read (141 total) msec
May 31 2019 04:53:41 GMT: INFO (info): (hist.c:266)  (00: 0000000139) (01: 0000000002)
May 31 2019 04:53:41 GMT: INFO (info): (hist.c:240) histogram dump: {ns1}-/opt/aerospike/data/ns1.dat-large-block-read (212 total) msec
May 31 2019 04:53:41 GMT: INFO (info): (hist.c:266)  (00: 0000000192) (01: 0000000018) (02: 0000000002)
May 31 2019 04:53:41 GMT: INFO (info): (hist.c:240) histogram dump: {ns1}-/opt/aerospike/data/ns1.dat-write (1266 total) msec
May 31 2019 04:53:41 GMT: INFO (info): (hist.c:257)  (00: 0000000075) (01: 0000000189) (02: 0000000989) (03: 0000000012)
May 31 2019 04:53:41 GMT: INFO (info): (hist.c:266)  (04: 0000000001)
May 31 2019 04:53:51 GMT: INFO (info): (ticker.c:162) NODE-ID bb95e259ff03202 CLUSTER-SIZE 2
May 31 2019 04:53:51 GMT: INFO (info): (ticker.c:243)    cluster-clock: skew-ms 0
May 31 2019 04:53:51 GMT: INFO (info): (ticker.c:270)    system-memory: free-kbytes 1903804 free-pct 93 heap-kbytes (102630,105368,194560) heap-efficiency-pct 52.7
May 31 2019 04:53:51 GMT: INFO (info): (ticker.c:282)    in-progress: tsvc-q 0 info-q 0 rw-hash 0 proxy-hash 0 tree-gc-q 0
May 31 2019 04:53:51 GMT: INFO (info): (ticker.c:303)    fds: proto (0,14,14) heartbeat (1,3,2) fabric (24,84,60)
May 31 2019 04:53:51 GMT: INFO (info): (ticker.c:311)    heartbeat-received: self 0 foreign 996
May 31 2019 04:53:51 GMT: INFO (info): (ticker.c:341)    fabric-bytes-per-second: bulk (0,0) ctrl (0,0) meta (0,0) rw (0,0)
May 31 2019 04:53:51 GMT: INFO (info): (hist.c:240) histogram dump: svc-demarshal (2329 total) msec
May 31 2019 04:53:51 GMT: INFO (info): (hist.c:257)  (00: 0000002107) (01: 0000000009) (02: 0000000007) (03: 0000000007)
May 31 2019 04:53:51 GMT: INFO (info): (hist.c:266)  (04: 0000000003) (06: 0000000001) (08: 0000000195)
May 31 2019 04:53:51 GMT: INFO (info): (hist.c:240) histogram dump: svc-queue (2329 total) msec
May 31 2019 04:53:51 GMT: INFO (info): (hist.c:266)  (00: 0000002329)
May 31 2019 04:53:51 GMT: INFO (info): (ticker.c:399) {ns1} objects: all 2093 master 1025 prole 1068 non-replica 0
May 31 2019 04:53:51 GMT: INFO (info): (ticker.c:457) {ns1} migrations: complete
May 31 2019 04:53:51 GMT: INFO (info): (ticker.c:484) {ns1} memory-usage: total-bytes 133952 index-bytes 133952 sindex-bytes 0 used-pct 0.13
May 31 2019 04:53:51 GMT: INFO (info): (ticker.c:545) {ns1} device-usage: used-bytes 62923952 avail-pct 95 cache-read-pct 0.00
May 31 2019 04:53:51 GMT: INFO (info): (ticker.c:595) {ns1} client: tsvc (0,0) proxy (0,0,0) read (120,0,0,1066) write (1143,0,0) delete (0,0,0,0) udf (0,0,0) lang (0,0,0,0)
May 31 2019 04:53:51 GMT: INFO (info): (hist.c:240) histogram dump: {ns1}-read (1186 total) msec
May 31 2019 04:53:51 GMT: INFO (info): (hist.c:266)  (00: 0000001184) (01: 0000000002)
May 31 2019 04:53:51 GMT: INFO (info): (hist.c:240) histogram dump: {ns1}-read-start (1186 total) msec
May 31 2019 04:53:51 GMT: INFO (info): (hist.c:266)  (00: 0000001186)
May 31 2019 04:53:51 GMT: INFO (info): (hist.c:240) histogram dump: {ns1}-read-restart (0 total) msec
May 31 2019 04:53:51 GMT: INFO (info): (hist.c:240) histogram dump: {ns1}-read-dup-res (0 total) msec
May 31 2019 04:53:51 GMT: INFO (info): (hist.c:240) histogram dump: {ns1}-read-repl-ping (0 total) msec
May 31 2019 04:53:51 GMT: INFO (info): (hist.c:240) histogram dump: {ns1}-read-local (1186 total) msec
May 31 2019 04:53:51 GMT: INFO (info): (hist.c:266)  (00: 0000001185) (01: 0000000001)
May 31 2019 04:53:51 GMT: INFO (info): (hist.c:240) histogram dump: {ns1}-read-response (1186 total) msec
May 31 2019 04:53:51 GMT: INFO (info): (hist.c:266)  (00: 0000001186)
May 31 2019 04:53:51 GMT: INFO (info): (hist.c:240) histogram dump: {ns1}-write (1143 total) msec
May 31 2019 04:53:51 GMT: INFO (info): (hist.c:257)  (00: 0000000272) (01: 0000000609) (02: 0000000049) (03: 0000000014)
May 31 2019 04:53:51 GMT: INFO (info): (hist.c:266)  (04: 0000000003) (06: 0000000001) (08: 0000000195)
May 31 2019 04:53:51 GMT: INFO (info): (hist.c:240) histogram dump: {ns1}-write-start (1143 total) msec
May 31 2019 04:53:51 GMT: INFO (info): (hist.c:257)  (00: 0000000920) (01: 0000000010) (02: 0000000007) (03: 0000000007)
May 31 2019 04:53:51 GMT: INFO (info): (hist.c:266)  (04: 0000000003) (06: 0000000001) (08: 0000000195)
May 31 2019 04:53:51 GMT: INFO (info): (hist.c:240) histogram dump: {ns1}-write-restart (0 total) msec
May 31 2019 04:53:51 GMT: INFO (info): (hist.c:240) histogram dump: {ns1}-write-dup-res (0 total) msec
May 31 2019 04:53:51 GMT: INFO (info): (hist.c:240) histogram dump: {ns1}-write-master (1143 total) msec
May 31 2019 04:53:51 GMT: INFO (info): (hist.c:266)  (00: 0000001142) (01: 0000000001)
May 31 2019 04:53:51 GMT: INFO (info): (hist.c:240) histogram dump: {ns1}-write-repl-write (1143 total) msec
May 31 2019 04:53:51 GMT: INFO (info): (hist.c:257)  (00: 0000001003) (01: 0000000115) (02: 0000000021) (03: 0000000004)
May 31 2019 04:53:51 GMT: INFO (info): (hist.c:240) histogram dump: {ns1}-write-response (1143 total) msec
May 31 2019 04:53:51 GMT: INFO (info): (hist.c:266)  (00: 0000001143)
May 31 2019 04:53:51 GMT: INFO (info): (hist.c:240) histogram dump: {ns1}-proxy (0 total) msec
May 31 2019 04:53:51 GMT: INFO (info): (hist.c:240) histogram dump: {ns1}-device-read-size (141 total) bytes
May 31 2019 04:53:51 GMT: INFO (info): (hist.c:266)  (15: 0000000141)
May 31 2019 04:53:51 GMT: INFO (info): (hist.c:240) histogram dump: {ns1}-device-write-size (2320 total) bytes
May 31 2019 04:53:51 GMT: INFO (info): (hist.c:266)  (15: 0000002320)
May 31 2019 04:53:51 GMT: INFO (info): (hist.c:240) histogram dump: {ns1}-/opt/aerospike/data/ns1.dat-read (141 total) msec
May 31 2019 04:53:51 GMT: INFO (info): (hist.c:266)  (00: 0000000139) (01: 0000000002)
May 31 2019 04:53:51 GMT: INFO (info): (hist.c:240) histogram dump: {ns1}-/opt/aerospike/data/ns1.dat-large-block-read (212 total) msec
May 31 2019 04:53:51 GMT: INFO (info): (hist.c:266)  (00: 0000000192) (01: 0000000018) (02: 0000000002)
May 31 2019 04:53:51 GMT: INFO (info): (hist.c:240) histogram dump: {ns1}-/opt/aerospike/data/ns1.dat-write (1267 total) msec
May 31 2019 04:53:51 GMT: INFO (info): (hist.c:257)  (00: 0000000075) (01: 0000000189) (02: 0000000990) (03: 0000000012)
May 31 2019 04:53:51 GMT: INFO (info): (hist.c:266)  (04: 0000000001)
