May 31 2019 04:46:52 GMT: INFO (as): (as.c:317) <><><><><><><><><><>  Aerospike Enterprise Edition build 4.5.3.2  <><><><><><><><><><>
May 31 2019 04:46:52 GMT: INFO (config): (cfg.c:4050) # Aerospike database configuration file.
May 31 2019 04:46:52 GMT: INFO (config): (cfg.c:4050) 
May 31 2019 04:46:52 GMT: INFO (config): (cfg.c:4050) service {
May 31 2019 04:46:52 GMT: INFO (config): (cfg.c:4050) 	user root
May 31 2019 04:46:52 GMT: INFO (config): (cfg.c:4050) 	group root
May 31 2019 04:46:52 GMT: INFO (config): (cfg.c:4050) 	paxos-single-replica-limit 1 # Number of nodes where the replica count is automatically reduced to 1.
May 31 2019 04:46:52 GMT: INFO (config): (cfg.c:4050) 	pidfile /var/run/aerospike/asd.pid
May 31 2019 04:46:52 GMT: INFO (config): (cfg.c:4050) 	service-threads 4
May 31 2019 04:46:52 GMT: INFO (config): (cfg.c:4050) 	transaction-queues 4
May 31 2019 04:46:52 GMT: INFO (config): (cfg.c:4050) 	transaction-threads-per-queue 4
May 31 2019 04:46:52 GMT: INFO (config): (cfg.c:4050) 	proto-fd-max 15000
May 31 2019 04:46:52 GMT: INFO (config): (cfg.c:4050) }
May 31 2019 04:46:52 GMT: INFO (config): (cfg.c:4050) 
May 31 2019 04:46:52 GMT: INFO (config): (cfg.c:4050) logging {
May 31 2019 04:46:52 GMT: INFO (config): (cfg.c:4050) 	# Log file must be an absolute path.
May 31 2019 04:46:52 GMT: INFO (config): (cfg.c:4050) 	file /var/log/aerospike/aerospike.log {
May 31 2019 04:46:52 GMT: INFO (config): (cfg.c:4050) 		context any info
May 31 2019 04:46:52 GMT: INFO (config): (cfg.c:4050) 	}
May 31 2019 04:46:52 GMT: INFO (config): (cfg.c:4050) }
May 31 2019 04:46:52 GMT: INFO (config): (cfg.c:4050) 
May 31 2019 04:46:52 GMT: INFO (config): (cfg.c:4050) network {
May 31 2019 04:46:52 GMT: INFO (config): (cfg.c:4050) 	service {
May 31 2019 04:46:52 GMT: INFO (config): (cfg.c:4050) 		address any
May 31 2019 04:46:52 GMT: INFO (config): (cfg.c:4050)                 access-address 52.66.212.176
May 31 2019 04:46:52 GMT: INFO (config): (cfg.c:4050) 		port 3000
May 31 2019 04:46:52 GMT: INFO (config): (cfg.c:4050) 	}
May 31 2019 04:46:52 GMT: INFO (config): (cfg.c:4050) 
May 31 2019 04:46:52 GMT: INFO (config): (cfg.c:4050) 	heartbeat {
May 31 2019 04:46:52 GMT: INFO (config): (cfg.c:4050)     mode mesh
May 31 2019 04:46:52 GMT: INFO (config): (cfg.c:4050)     port 3002
May 31 2019 04:46:52 GMT: INFO (config): (cfg.c:4050)     address any
May 31 2019 04:46:52 GMT: INFO (config): (cfg.c:4050) 
May 31 2019 04:46:52 GMT: INFO (config): (cfg.c:4050)     # To form a cluster, add Private IP of a node on AWS
May 31 2019 04:46:52 GMT: INFO (config): (cfg.c:4050)     # You can add multiple entries for mesh-seed-address-port
May 31 2019 04:46:52 GMT: INFO (config): (cfg.c:4050) 		mesh-seed-address-port 172.31.17.250 3002
May 31 2019 04:46:52 GMT: INFO (config): (cfg.c:4050) 
May 31 2019 04:46:52 GMT: INFO (config): (cfg.c:4050) 		interval 150
May 31 2019 04:46:52 GMT: INFO (config): (cfg.c:4050) 		timeout 10
May 31 2019 04:46:52 GMT: INFO (config): (cfg.c:4050) 	}
May 31 2019 04:46:52 GMT: INFO (config): (cfg.c:4050) 
May 31 2019 04:46:52 GMT: INFO (config): (cfg.c:4050) 	fabric {
May 31 2019 04:46:52 GMT: INFO (config): (cfg.c:4050) 		port 3001
May 31 2019 04:46:52 GMT: INFO (config): (cfg.c:4050) 	}
May 31 2019 04:46:52 GMT: INFO (config): (cfg.c:4050) 
May 31 2019 04:46:52 GMT: INFO (config): (cfg.c:4050) 	info {
May 31 2019 04:46:52 GMT: INFO (config): (cfg.c:4050) 		port 3003
May 31 2019 04:46:52 GMT: INFO (config): (cfg.c:4050) 	}
May 31 2019 04:46:52 GMT: INFO (config): (cfg.c:4050) }
May 31 2019 04:46:52 GMT: INFO (config): (cfg.c:4050) 
May 31 2019 04:46:52 GMT: INFO (config): (cfg.c:4050) #Note - space before { bracket. Important to have the space.
May 31 2019 04:46:52 GMT: INFO (config): (cfg.c:4050) namespace ns1 {
May 31 2019 04:46:52 GMT: INFO (config): (cfg.c:4050) 	replication-factor 2
May 31 2019 04:46:52 GMT: INFO (config): (cfg.c:4050) 	memory-size 100M
May 31 2019 04:46:52 GMT: INFO (config): (cfg.c:4050) 	default-ttl 30m # 30 minutes
May 31 2019 04:46:52 GMT: INFO (config): (cfg.c:4050) 
May 31 2019 04:46:52 GMT: INFO (config): (cfg.c:4050)         storage-engine device {
May 31 2019 04:46:52 GMT: INFO (config): (cfg.c:4050)   		file /opt/aerospike/data/ns1.dat
May 31 2019 04:46:52 GMT: INFO (config): (cfg.c:4050)   		filesize 1500M
May 31 2019 04:46:52 GMT: INFO (config): (cfg.c:4050)                 write-block-size 64K  # 1M is the default
May 31 2019 04:46:52 GMT: INFO (config): (cfg.c:4050)                 direct-files true
May 31 2019 04:46:52 GMT: INFO (config): (cfg.c:4050)   		data-in-memory false # Store data in memory in addition to file? false is also default.
May 31 2019 04:46:52 GMT: INFO (config): (cfg.c:4050)   	}
May 31 2019 04:46:52 GMT: INFO (config): (cfg.c:4050) }
May 31 2019 04:46:52 GMT: INFO (config): (features_ee.c:135) no feature key (/etc/aerospike/features.conf)
May 31 2019 04:46:52 GMT: INFO (config): (cfg.c:4073) system file descriptor limit: 100000, proto-fd-max: 15000
May 31 2019 04:46:52 GMT: INFO (hardware): (hardware.c:1990) detected 1 CPU(s), 1 core(s), 1 NUMA node(s)
May 31 2019 04:46:52 GMT: INFO (socket): (socket.c:2879) Node port 3001, node ID bb95e259ff03202
May 31 2019 04:46:52 GMT: INFO (config): (cfg.c:4116) node-id bb95e259ff03202
May 31 2019 04:46:52 GMT: INFO (smd): (smd.c:2320) no file '/opt/aerospike/smd/evict.smd' - starting empty
May 31 2019 04:46:52 GMT: INFO (drv_ssd): (drv_ssd_ee.c:836) {ns1} peek couldn't open file /opt/aerospike/data/ns1.dat: No such file or directory
May 31 2019 04:46:52 GMT: INFO (namespace): (namespace_ee.c:269) {ns1} found no stored data, will cold start
May 31 2019 04:46:52 GMT: INFO (namespace): (namespace_ee.c:377) {ns1} beginning cold start
May 31 2019 04:46:52 GMT: INFO (smd): (smd.c:2320) no file '/opt/aerospike/smd/roster.smd' - starting empty
May 31 2019 04:46:52 GMT: INFO (smd): (smd.c:2320) no file '/opt/aerospike/smd/truncate.smd' - starting empty
May 31 2019 04:46:52 GMT: INFO (smd): (smd.c:2320) no file '/opt/aerospike/smd/sindex.smd' - starting empty
May 31 2019 04:46:52 GMT: INFO (drv_ssd): (drv_ssd.c:3297) opened file /opt/aerospike/data/ns1.dat: usable size 1572864000
May 31 2019 04:46:52 GMT: INFO (drv_ssd): (drv_ssd.c:1057) /opt/aerospike/data/ns1.dat has 24000 wblocks of size 65536
May 31 2019 04:46:52 GMT: INFO (drv_ssd): (drv_ssd.c:2930) {ns1} found all 1 devices fresh, initializing to random 12579206042758083219
May 31 2019 04:46:52 GMT: INFO (drv_ssd): (drv_ssd.c:1025) {ns1} loading free & defrag queues
May 31 2019 04:46:52 GMT: INFO (drv_ssd): (drv_ssd.c:964) /opt/aerospike/data/ns1.dat init defrag profile: 0,0,0,0,0,0,0,0,0,0,0,0,0,0,0,0,0,0,0,0,0,0,0,0,0,0,0,0,0,0,0,0,0,0,0,0,0,0,0,0,0,0,0,0,0,0,0,0,0,0
May 31 2019 04:46:52 GMT: INFO (drv_ssd): (drv_ssd.c:1046) /opt/aerospike/data/ns1.dat init wblock free-q 23872, defrag-q 0
May 31 2019 04:46:52 GMT: INFO (drv_ssd): (drv_ssd.c:2181) {ns1} starting device maintenance threads
May 31 2019 04:46:52 GMT: INFO (drv_ssd): (drv_ssd.c:1490) {ns1} starting write threads
May 31 2019 04:46:52 GMT: INFO (drv_ssd): (drv_ssd.c:884) {ns1} starting defrag threads
May 31 2019 04:46:52 GMT: INFO (as): (as.c:376) initializing services...
May 31 2019 04:46:52 GMT: INFO (tsvc): (thr_tsvc.c:129) 4 transaction queues: starting 4 threads per queue
May 31 2019 04:46:52 GMT: INFO (hb): (hb.c:6806) added new mesh seed 172.31.17.250:3002
May 31 2019 04:46:52 GMT: INFO (fabric): (fabric.c:767) updated fabric published address list to {172.31.31.28:3001}
May 31 2019 04:46:52 GMT: INFO (partition): (partition_balance.c:201) {ns1} 4096 partitions: found 4096 absent, 0 stored
May 31 2019 04:46:52 GMT: INFO (hb): (hb.c:5525) updated heartbeat published address list to {172.31.31.28:3002}
May 31 2019 04:46:52 GMT: INFO (smd): (smd.c:2320) no file '/opt/aerospike/smd/UDF.smd' - starting empty
May 31 2019 04:46:52 GMT: INFO (batch): (batch.c:731) starting 1 batch-index-threads
May 31 2019 04:46:52 GMT: INFO (health): (health.c:319) starting health monitor thread
May 31 2019 04:46:52 GMT: INFO (fabric): (fabric.c:424) starting 8 fabric send threads
May 31 2019 04:46:52 GMT: INFO (fabric): (fabric.c:438) starting 16 fabric rw channel recv threads
May 31 2019 04:46:52 GMT: INFO (fabric): (fabric.c:438) starting 4 fabric ctrl channel recv threads
May 31 2019 04:46:52 GMT: INFO (fabric): (fabric.c:438) starting 4 fabric bulk channel recv threads
May 31 2019 04:46:52 GMT: INFO (fabric): (fabric.c:438) starting 4 fabric meta channel recv threads
May 31 2019 04:46:52 GMT: INFO (fabric): (fabric.c:444) starting fabric accept thread
May 31 2019 04:46:52 GMT: INFO (xdr): (xdr_serverside.c:596) XDR is not configured, not initializing XDR
May 31 2019 04:46:52 GMT: INFO (hb): (hb.c:7042) initializing mesh heartbeat socket: 0.0.0.0:3002
May 31 2019 04:46:52 GMT: INFO (hb): (hb.c:7071) mtu of the network is 9001
May 31 2019 04:46:52 GMT: INFO (hb): (socket.c:847) Started mesh heartbeat endpoint 0.0.0.0:3002
May 31 2019 04:46:52 GMT: INFO (hb): (socket.c:847) Started mesh heartbeat endpoint [::]:3002
May 31 2019 04:46:52 GMT: INFO (nsup): (nsup.c:212) starting namespace supervisor threads
May 31 2019 04:46:52 GMT: INFO (fabric): (socket.c:847) Started fabric endpoint 0.0.0.0:3001
May 31 2019 04:46:52 GMT: INFO (fabric): (socket.c:847) Started fabric endpoint [::]:3001
May 31 2019 04:46:52 GMT: INFO (service): (service.c:646) starting reaper thread
May 31 2019 04:46:52 GMT: INFO (service): (socket.c:847) Started client endpoint 0.0.0.0:3000
May 31 2019 04:46:52 GMT: INFO (service): (socket.c:847) Started client endpoint [::]:3000
May 31 2019 04:46:52 GMT: INFO (service): (service.c:148) starting 4 service threads
May 31 2019 04:46:52 GMT: INFO (service): (service.c:157) starting accept thread
May 31 2019 04:46:52 GMT: INFO (info-port): (thr_info_port.c:298) starting info port thread
May 31 2019 04:46:52 GMT: INFO (info-port): (socket.c:847) Started info endpoint 0.0.0.0:3003
May 31 2019 04:46:52 GMT: INFO (info-port): (socket.c:847) Started info endpoint [::]:3003
May 31 2019 04:46:52 GMT: INFO (drv_ssd): (drv_ssd_ee.c:1427) {ns1} starting tomb raider thread
May 31 2019 04:46:52 GMT: INFO (as): (as.c:421) service ready: soon there will be cake!
May 31 2019 04:46:52 GMT: INFO (hb): (hb.c:8642) node arrived bb99cd81db90a02
May 31 2019 04:46:52 GMT: INFO (fabric): (fabric.c:2462) fabric: node bb99cd81db90a02 arrived
May 31 2019 04:46:52 GMT: INFO (clustering): (clustering.c:5989) sent cluster join request to bb99cd81db90a02
May 31 2019 04:46:52 GMT: INFO (info): (thr_info.c:3195) Changing value of enable-benchmarks-read of ns ns1 from false to true
May 31 2019 04:46:52 GMT: INFO (info): (thr_info.c:3494) config-set command completed: params context=namespace;id=ns1;enable-benchmarks-read=true
May 31 2019 04:46:52 GMT: WARNING (socket): (socket.c:900) Error while connecting: 111 (Connection refused)
May 31 2019 04:46:52 GMT: WARNING (socket): (socket.c:959) Error while connecting socket to 172.31.17.250:3002
May 31 2019 04:46:52 GMT: WARNING (hb): (hb.c:4882) could not create heartbeat connection to node {172.31.17.250:3002}
May 31 2019 04:46:53 GMT: INFO (info): (thr_info.c:3266) Changing value of enable-benchmarks-write of ns ns1 from false to true
May 31 2019 04:46:53 GMT: INFO (info): (thr_info.c:3494) config-set command completed: params context=namespace;id=ns1;enable-benchmarks-write=true
May 31 2019 04:46:53 GMT: INFO (info): (thr_info.c:3214) Changing value of enable-benchmarks-storage of ns ns1 from false to true
May 31 2019 04:46:53 GMT: INFO (info): (thr_info.c:3494) config-set command completed: params context=namespace;id=ns1;enable-benchmarks-storage=true
May 31 2019 04:46:54 GMT: INFO (hb): (hb.c:8066) node expired bb99cd81db90a02 
May 31 2019 04:46:54 GMT: INFO (fabric): (fabric.c:2466) fabric: node bb99cd81db90a02 departed
May 31 2019 04:46:54 GMT: INFO (fabric): (fabric.c:901) fabric_node_disconnect(bb99cd81db90a02)
May 31 2019 04:46:54 GMT: INFO (hb): (hb.c:8642) node arrived bb99cd81db90a02
May 31 2019 04:46:54 GMT: INFO (fabric): (fabric.c:2462) fabric: node bb99cd81db90a02 arrived
May 31 2019 04:46:54 GMT: INFO (info): (thr_info.c:2532) Changing value of enable-benchmarks-svc to true
May 31 2019 04:46:54 GMT: INFO (info): (thr_info.c:3494) config-set command completed: params context=service;enable-benchmarks-svc=true
May 31 2019 04:46:54 GMT: INFO (info): (thr_info.c:3285) Changing value of enable-hist-proxy of ns ns1 from false to true
May 31 2019 04:46:54 GMT: INFO (info): (thr_info.c:3494) config-set command completed: params context=namespace;id=ns1;enable-hist-proxy=true
May 31 2019 04:46:55 GMT: INFO (clustering): (clustering.c:5795) applied new cluster key 68d754ad4575
May 31 2019 04:46:55 GMT: INFO (clustering): (clustering.c:5797) applied new succession list bb99cd81db90a02 bb95e259ff03202
May 31 2019 04:46:55 GMT: INFO (clustering): (clustering.c:5799) applied cluster size 2
May 31 2019 04:46:55 GMT: INFO (exchange): (exchange.c:2315) data exchange started with cluster key 68d754ad4575
May 31 2019 04:46:55 GMT: INFO (exchange): (exchange.c:3191) received commit command from principal node bb99cd81db90a02
May 31 2019 04:46:55 GMT: INFO (exchange): (exchange.c:3154) data exchange completed with cluster key 68d754ad4575
May 31 2019 04:46:55 GMT: INFO (partition): (partition_balance.c:985) {ns1} replication factor is 2
May 31 2019 04:46:55 GMT: INFO (partition): (partition_balance.c:957) {ns1} rebalanced: expected-migrations (0,0,0) fresh-partitions 4096
May 31 2019 04:47:02 GMT: INFO (info): (ticker.c:162) NODE-ID bb95e259ff03202 CLUSTER-SIZE 2
May 31 2019 04:47:02 GMT: INFO (info): (ticker.c:243)    cluster-clock: skew-ms 0
May 31 2019 04:47:02 GMT: INFO (info): (ticker.c:270)    system-memory: free-kbytes 1936132 free-pct 94 heap-kbytes (82438,83092,147456) heap-efficiency-pct 55.9
May 31 2019 04:47:02 GMT: INFO (info): (ticker.c:282)    in-progress: tsvc-q 0 info-q 0 rw-hash 0 proxy-hash 0 tree-gc-q 0
May 31 2019 04:47:02 GMT: INFO (info): (ticker.c:303)    fds: proto (0,5,5) heartbeat (1,3,2) fabric (24,246,222)
May 31 2019 04:47:02 GMT: INFO (info): (ticker.c:311)    heartbeat-received: self 0 foreign 56
May 31 2019 04:47:02 GMT: INFO (info): (ticker.c:341)    fabric-bytes-per-second: bulk (4,4) ctrl (78,54) meta (7,2) rw (19,19)
May 31 2019 04:47:02 GMT: INFO (info): (hist.c:240) histogram dump: svc-demarshal (0 total) msec
May 31 2019 04:47:02 GMT: INFO (info): (hist.c:240) histogram dump: svc-queue (0 total) msec
May 31 2019 04:47:02 GMT: INFO (info): (ticker.c:399) {ns1} objects: all 0 master 0 prole 0 non-replica 0
May 31 2019 04:47:02 GMT: INFO (info): (ticker.c:457) {ns1} migrations: complete
May 31 2019 04:47:02 GMT: INFO (info): (ticker.c:484) {ns1} memory-usage: total-bytes 0 index-bytes 0 sindex-bytes 0 used-pct 0.00
May 31 2019 04:47:02 GMT: INFO (info): (ticker.c:545) {ns1} device-usage: used-bytes 0 avail-pct 99 cache-read-pct 0.00
May 31 2019 04:47:02 GMT: INFO (info): (hist.c:240) histogram dump: {ns1}-read-start (0 total) msec
May 31 2019 04:47:02 GMT: INFO (info): (hist.c:240) histogram dump: {ns1}-read-restart (0 total) msec
May 31 2019 04:47:02 GMT: INFO (info): (hist.c:240) histogram dump: {ns1}-read-dup-res (0 total) msec
May 31 2019 04:47:02 GMT: INFO (info): (hist.c:240) histogram dump: {ns1}-read-repl-ping (0 total) msec
May 31 2019 04:47:02 GMT: INFO (info): (hist.c:240) histogram dump: {ns1}-read-local (0 total) msec
May 31 2019 04:47:02 GMT: INFO (info): (hist.c:240) histogram dump: {ns1}-read-response (0 total) msec
May 31 2019 04:47:02 GMT: INFO (info): (hist.c:240) histogram dump: {ns1}-write-start (0 total) msec
May 31 2019 04:47:02 GMT: INFO (info): (hist.c:240) histogram dump: {ns1}-write-restart (0 total) msec
May 31 2019 04:47:02 GMT: INFO (info): (hist.c:240) histogram dump: {ns1}-write-dup-res (0 total) msec
May 31 2019 04:47:02 GMT: INFO (info): (hist.c:240) histogram dump: {ns1}-write-master (0 total) msec
May 31 2019 04:47:02 GMT: INFO (info): (hist.c:240) histogram dump: {ns1}-write-repl-write (0 total) msec
May 31 2019 04:47:02 GMT: INFO (info): (hist.c:240) histogram dump: {ns1}-write-response (0 total) msec
May 31 2019 04:47:02 GMT: INFO (info): (hist.c:240) histogram dump: {ns1}-proxy (0 total) msec
May 31 2019 04:47:02 GMT: INFO (info): (hist.c:240) histogram dump: {ns1}-device-read-size (0 total) bytes
May 31 2019 04:47:02 GMT: INFO (info): (hist.c:240) histogram dump: {ns1}-device-write-size (0 total) bytes
May 31 2019 04:47:02 GMT: INFO (info): (hist.c:240) histogram dump: {ns1}-/opt/aerospike/data/ns1.dat-read (0 total) msec
May 31 2019 04:47:02 GMT: INFO (info): (hist.c:240) histogram dump: {ns1}-/opt/aerospike/data/ns1.dat-large-block-read (0 total) msec
May 31 2019 04:47:02 GMT: INFO (info): (hist.c:240) histogram dump: {ns1}-/opt/aerospike/data/ns1.dat-write (0 total) msec
May 31 2019 04:47:02 GMT: WARNING (socket): (socket.c:959) (repeated:9) Error while connecting socket to 172.31.17.250:3002
May 31 2019 04:47:02 GMT: WARNING (hb): (hb.c:4882) (repeated:9) could not create heartbeat connection to node {172.31.17.250:3002}
May 31 2019 04:47:02 GMT: WARNING (socket): (socket.c:900) (repeated:9) Error while connecting: 111 (Connection refused)
May 31 2019 04:47:12 GMT: INFO (drv_ssd): (drv_ssd.c:1911) {ns1} /opt/aerospike/data/ns1.dat: used-bytes 6493824 free-wblocks 23764 write-q 0 write (107,5.3) defrag-q 0 defrag-read (0,0.0) defrag-write (0,0.0)
May 31 2019 04:47:12 GMT: INFO (info): (ticker.c:162) NODE-ID bb95e259ff03202 CLUSTER-SIZE 2
May 31 2019 04:47:12 GMT: INFO (info): (ticker.c:243)    cluster-clock: skew-ms 0
May 31 2019 04:47:12 GMT: INFO (info): (ticker.c:270)    system-memory: free-kbytes 1920944 free-pct 94 heap-kbytes (92164,94000,188416) heap-efficiency-pct 48.9
May 31 2019 04:47:12 GMT: INFO (info): (ticker.c:282)    in-progress: tsvc-q 0 info-q 0 rw-hash 0 proxy-hash 0 tree-gc-q 0
May 31 2019 04:47:12 GMT: INFO (info): (ticker.c:303)    fds: proto (9,14,5) heartbeat (1,3,2) fabric (24,246,222)
May 31 2019 04:47:12 GMT: INFO (info): (ticker.c:311)    heartbeat-received: self 0 foreign 123
May 31 2019 04:47:12 GMT: INFO (info): (ticker.c:341)    fabric-bytes-per-second: bulk (0,0) ctrl (0,0) meta (0,0) rw (319720,331735)
May 31 2019 04:47:12 GMT: INFO (info): (hist.c:240) histogram dump: svc-demarshal (106 total) msec
May 31 2019 04:47:12 GMT: INFO (info): (hist.c:257)  (00: 0000000086) (01: 0000000005) (02: 0000000002) (08: 0000000013)
May 31 2019 04:47:12 GMT: INFO (info): (hist.c:240) histogram dump: svc-queue (106 total) msec
May 31 2019 04:47:12 GMT: INFO (info): (hist.c:266)  (00: 0000000106)
May 31 2019 04:47:12 GMT: INFO (info): (ticker.c:399) {ns1} objects: all 216 master 106 prole 110 non-replica 0
May 31 2019 04:47:12 GMT: INFO (info): (ticker.c:457) {ns1} migrations: complete
May 31 2019 04:47:12 GMT: INFO (info): (ticker.c:484) {ns1} memory-usage: total-bytes 13824 index-bytes 13824 sindex-bytes 0 used-pct 0.01
May 31 2019 04:47:12 GMT: INFO (info): (ticker.c:545) {ns1} device-usage: used-bytes 6493824 avail-pct 99 cache-read-pct 0.00
May 31 2019 04:47:12 GMT: INFO (info): (ticker.c:595) {ns1} client: tsvc (0,0) proxy (0,0,0) read (0,0,0,0) write (106,0,0) delete (0,0,0,0) udf (0,0,0) lang (0,0,0,0)
May 31 2019 04:47:12 GMT: INFO (info): (hist.c:240) histogram dump: {ns1}-read-start (0 total) msec
May 31 2019 04:47:12 GMT: INFO (info): (hist.c:240) histogram dump: {ns1}-read-restart (0 total) msec
May 31 2019 04:47:12 GMT: INFO (info): (hist.c:240) histogram dump: {ns1}-read-dup-res (0 total) msec
May 31 2019 04:47:12 GMT: INFO (info): (hist.c:240) histogram dump: {ns1}-read-repl-ping (0 total) msec
May 31 2019 04:47:12 GMT: INFO (info): (hist.c:240) histogram dump: {ns1}-read-local (0 total) msec
May 31 2019 04:47:12 GMT: INFO (info): (hist.c:240) histogram dump: {ns1}-read-response (0 total) msec
May 31 2019 04:47:12 GMT: INFO (info): (hist.c:240) histogram dump: {ns1}-write (106 total) msec
May 31 2019 04:47:12 GMT: INFO (info): (hist.c:257)  (00: 0000000007) (01: 0000000068) (02: 0000000014) (03: 0000000004)
May 31 2019 04:47:12 GMT: INFO (info): (hist.c:266)  (08: 0000000013)
May 31 2019 04:47:12 GMT: INFO (info): (hist.c:240) histogram dump: {ns1}-write-start (106 total) msec
May 31 2019 04:47:12 GMT: INFO (info): (hist.c:257)  (00: 0000000086) (01: 0000000005) (02: 0000000002) (08: 0000000013)
May 31 2019 04:47:12 GMT: INFO (info): (hist.c:240) histogram dump: {ns1}-write-restart (0 total) msec
May 31 2019 04:47:12 GMT: INFO (info): (hist.c:240) histogram dump: {ns1}-write-dup-res (0 total) msec
May 31 2019 04:47:12 GMT: INFO (info): (hist.c:240) histogram dump: {ns1}-write-master (106 total) msec
May 31 2019 04:47:12 GMT: INFO (info): (hist.c:266)  (00: 0000000106)
May 31 2019 04:47:12 GMT: INFO (info): (hist.c:240) histogram dump: {ns1}-write-repl-write (106 total) msec
May 31 2019 04:47:12 GMT: INFO (info): (hist.c:257)  (00: 0000000081) (01: 0000000010) (02: 0000000010) (03: 0000000005)
May 31 2019 04:47:12 GMT: INFO (info): (hist.c:240) histogram dump: {ns1}-write-response (106 total) msec
May 31 2019 04:47:12 GMT: INFO (info): (hist.c:266)  (00: 0000000106)
May 31 2019 04:47:12 GMT: INFO (info): (hist.c:240) histogram dump: {ns1}-proxy (0 total) msec
May 31 2019 04:47:12 GMT: INFO (info): (hist.c:240) histogram dump: {ns1}-device-read-size (0 total) bytes
May 31 2019 04:47:12 GMT: INFO (info): (hist.c:240) histogram dump: {ns1}-device-write-size (216 total) bytes
May 31 2019 04:47:12 GMT: INFO (info): (hist.c:266)  (15: 0000000216)
May 31 2019 04:47:12 GMT: INFO (info): (hist.c:240) histogram dump: {ns1}-/opt/aerospike/data/ns1.dat-read (0 total) msec
May 31 2019 04:47:12 GMT: INFO (info): (hist.c:240) histogram dump: {ns1}-/opt/aerospike/data/ns1.dat-large-block-read (0 total) msec
May 31 2019 04:47:12 GMT: INFO (info): (hist.c:240) histogram dump: {ns1}-/opt/aerospike/data/ns1.dat-write (107 total) msec
May 31 2019 04:47:12 GMT: INFO (info): (hist.c:266)  (01: 0000000003) (02: 0000000102) (03: 0000000002)
May 31 2019 04:47:22 GMT: INFO (info): (ticker.c:162) NODE-ID bb95e259ff03202 CLUSTER-SIZE 2
May 31 2019 04:47:22 GMT: INFO (info): (ticker.c:243)    cluster-clock: skew-ms 0
May 31 2019 04:47:22 GMT: INFO (info): (ticker.c:270)    system-memory: free-kbytes 1908996 free-pct 93 heap-kbytes (101783,104436,192512) heap-efficiency-pct 52.9
May 31 2019 04:47:22 GMT: INFO (info): (ticker.c:282)    in-progress: tsvc-q 0 info-q 0 rw-hash 0 proxy-hash 0 tree-gc-q 0
May 31 2019 04:47:22 GMT: INFO (info): (ticker.c:303)    fds: proto (9,14,5) heartbeat (1,3,2) fabric (24,246,222)
May 31 2019 04:47:22 GMT: INFO (info): (ticker.c:311)    heartbeat-received: self 0 foreign 189
May 31 2019 04:47:22 GMT: INFO (info): (ticker.c:341)    fabric-bytes-per-second: bulk (0,0) ctrl (0,0) meta (0,0) rw (633286,597241)
May 31 2019 04:47:22 GMT: INFO (info): (hist.c:240) histogram dump: svc-demarshal (316 total) msec
May 31 2019 04:47:22 GMT: INFO (info): (hist.c:257)  (00: 0000000273) (01: 0000000011) (02: 0000000003) (08: 0000000029)
May 31 2019 04:47:22 GMT: INFO (info): (hist.c:240) histogram dump: svc-queue (316 total) msec
May 31 2019 04:47:22 GMT: INFO (info): (hist.c:266)  (00: 0000000316)
May 31 2019 04:47:22 GMT: INFO (info): (ticker.c:399) {ns1} objects: all 624 master 316 prole 308 non-replica 0
May 31 2019 04:47:22 GMT: INFO (info): (ticker.c:457) {ns1} migrations: complete
May 31 2019 04:47:22 GMT: INFO (info): (ticker.c:484) {ns1} memory-usage: total-bytes 39936 index-bytes 39936 sindex-bytes 0 used-pct 0.04
May 31 2019 04:47:22 GMT: INFO (info): (ticker.c:545) {ns1} device-usage: used-bytes 18759936 avail-pct 98 cache-read-pct 0.00
May 31 2019 04:47:22 GMT: INFO (info): (ticker.c:595) {ns1} client: tsvc (0,0) proxy (0,0,0) read (0,0,0,0) write (316,0,0) delete (0,0,0,0) udf (0,0,0) lang (0,0,0,0)
May 31 2019 04:47:22 GMT: INFO (info): (hist.c:240) histogram dump: {ns1}-read-start (0 total) msec
May 31 2019 04:47:22 GMT: INFO (info): (hist.c:240) histogram dump: {ns1}-read-restart (0 total) msec
May 31 2019 04:47:22 GMT: INFO (info): (hist.c:240) histogram dump: {ns1}-read-dup-res (0 total) msec
May 31 2019 04:47:22 GMT: INFO (info): (hist.c:240) histogram dump: {ns1}-read-repl-ping (0 total) msec
May 31 2019 04:47:22 GMT: INFO (info): (hist.c:240) histogram dump: {ns1}-read-local (0 total) msec
May 31 2019 04:47:22 GMT: INFO (info): (hist.c:240) histogram dump: {ns1}-read-response (0 total) msec
May 31 2019 04:47:22 GMT: INFO (info): (hist.c:240) histogram dump: {ns1}-write (316 total) msec
May 31 2019 04:47:22 GMT: INFO (info): (hist.c:257)  (00: 0000000034) (01: 0000000227) (02: 0000000021) (03: 0000000005)
May 31 2019 04:47:22 GMT: INFO (info): (hist.c:266)  (08: 0000000029)
May 31 2019 04:47:22 GMT: INFO (info): (hist.c:240) histogram dump: {ns1}-write-start (316 total) msec
May 31 2019 04:47:22 GMT: INFO (info): (hist.c:257)  (00: 0000000272) (01: 0000000012) (02: 0000000003) (08: 0000000029)
May 31 2019 04:47:22 GMT: INFO (info): (hist.c:240) histogram dump: {ns1}-write-restart (0 total) msec
May 31 2019 04:47:22 GMT: INFO (info): (hist.c:240) histogram dump: {ns1}-write-dup-res (0 total) msec
May 31 2019 04:47:22 GMT: INFO (info): (hist.c:240) histogram dump: {ns1}-write-master (316 total) msec
May 31 2019 04:47:22 GMT: INFO (info): (hist.c:266)  (00: 0000000316)
May 31 2019 04:47:22 GMT: INFO (info): (hist.c:240) histogram dump: {ns1}-write-repl-write (316 total) msec
May 31 2019 04:47:22 GMT: INFO (info): (hist.c:257)  (00: 0000000275) (01: 0000000021) (02: 0000000015) (03: 0000000005)
May 31 2019 04:47:22 GMT: INFO (info): (hist.c:240) histogram dump: {ns1}-write-response (316 total) msec
May 31 2019 04:47:22 GMT: INFO (info): (hist.c:266)  (00: 0000000316)
May 31 2019 04:47:22 GMT: INFO (info): (hist.c:240) histogram dump: {ns1}-proxy (0 total) msec
May 31 2019 04:47:22 GMT: INFO (info): (hist.c:240) histogram dump: {ns1}-device-read-size (0 total) bytes
May 31 2019 04:47:22 GMT: INFO (info): (hist.c:240) histogram dump: {ns1}-device-write-size (624 total) bytes
May 31 2019 04:47:22 GMT: INFO (info): (hist.c:266)  (15: 0000000624)
May 31 2019 04:47:22 GMT: INFO (info): (hist.c:240) histogram dump: {ns1}-/opt/aerospike/data/ns1.dat-read (0 total) msec
May 31 2019 04:47:22 GMT: INFO (info): (hist.c:240) histogram dump: {ns1}-/opt/aerospike/data/ns1.dat-large-block-read (0 total) msec
May 31 2019 04:47:22 GMT: INFO (info): (hist.c:240) histogram dump: {ns1}-/opt/aerospike/data/ns1.dat-write (311 total) msec
May 31 2019 04:47:22 GMT: INFO (info): (hist.c:266)  (01: 0000000011) (02: 0000000294) (03: 0000000006)
May 31 2019 04:47:32 GMT: INFO (drv_ssd): (drv_ssd.c:1911) {ns1} /opt/aerospike/data/ns1.dat: used-bytes 30064000 free-wblocks 23372 write-q 0 write (499,19.6) defrag-q 0 defrag-read (0,0.0) defrag-write (0,0.0)
May 31 2019 04:47:32 GMT: INFO (info): (ticker.c:162) NODE-ID bb95e259ff03202 CLUSTER-SIZE 2
May 31 2019 04:47:32 GMT: INFO (info): (ticker.c:243)    cluster-clock: skew-ms 0
May 31 2019 04:47:32 GMT: INFO (info): (ticker.c:270)    system-memory: free-kbytes 1909424 free-pct 93 heap-kbytes (101804,104436,192512) heap-efficiency-pct 52.9
May 31 2019 04:47:32 GMT: INFO (info): (ticker.c:282)    in-progress: tsvc-q 0 info-q 0 rw-hash 0 proxy-hash 0 tree-gc-q 0
May 31 2019 04:47:32 GMT: INFO (info): (ticker.c:303)    fds: proto (9,14,5) heartbeat (1,3,2) fabric (24,246,222)
May 31 2019 04:47:32 GMT: INFO (info): (ticker.c:311)    heartbeat-received: self 0 foreign 256
May 31 2019 04:47:32 GMT: INFO (info): (ticker.c:341)    fabric-bytes-per-second: bulk (0,0) ctrl (0,0) meta (0,0) rw (515943,618072)
May 31 2019 04:47:32 GMT: INFO (info): (hist.c:240) histogram dump: svc-demarshal (487 total) msec
May 31 2019 04:47:32 GMT: INFO (info): (hist.c:257)  (00: 0000000414) (01: 0000000026) (02: 0000000004) (08: 0000000043)
May 31 2019 04:47:32 GMT: INFO (info): (hist.c:240) histogram dump: svc-queue (487 total) msec
May 31 2019 04:47:32 GMT: INFO (info): (hist.c:266)  (00: 0000000487)
May 31 2019 04:47:32 GMT: INFO (info): (ticker.c:399) {ns1} objects: all 1000 master 487 prole 513 non-replica 0
May 31 2019 04:47:32 GMT: INFO (info): (ticker.c:457) {ns1} migrations: complete
May 31 2019 04:47:32 GMT: INFO (info): (ticker.c:484) {ns1} memory-usage: total-bytes 64000 index-bytes 64000 sindex-bytes 0 used-pct 0.06
May 31 2019 04:47:32 GMT: INFO (info): (ticker.c:545) {ns1} device-usage: used-bytes 30064000 avail-pct 97 cache-read-pct 0.00
May 31 2019 04:47:32 GMT: INFO (info): (ticker.c:595) {ns1} client: tsvc (0,0) proxy (0,0,0) read (0,0,0,0) write (487,0,0) delete (0,0,0,0) udf (0,0,0) lang (0,0,0,0)
May 31 2019 04:47:32 GMT: INFO (info): (hist.c:240) histogram dump: {ns1}-read-start (0 total) msec
May 31 2019 04:47:32 GMT: INFO (info): (hist.c:240) histogram dump: {ns1}-read-restart (0 total) msec
May 31 2019 04:47:32 GMT: INFO (info): (hist.c:240) histogram dump: {ns1}-read-dup-res (0 total) msec
May 31 2019 04:47:32 GMT: INFO (info): (hist.c:240) histogram dump: {ns1}-read-repl-ping (0 total) msec
May 31 2019 04:47:32 GMT: INFO (info): (hist.c:240) histogram dump: {ns1}-read-local (0 total) msec
May 31 2019 04:47:32 GMT: INFO (info): (hist.c:240) histogram dump: {ns1}-read-response (0 total) msec
May 31 2019 04:47:32 GMT: INFO (info): (hist.c:240) histogram dump: {ns1}-write (487 total) msec
May 31 2019 04:47:32 GMT: INFO (info): (hist.c:257)  (00: 0000000072) (01: 0000000330) (02: 0000000037) (03: 0000000005)
May 31 2019 04:47:32 GMT: INFO (info): (hist.c:266)  (08: 0000000043)
May 31 2019 04:47:32 GMT: INFO (info): (hist.c:240) histogram dump: {ns1}-write-start (487 total) msec
May 31 2019 04:47:32 GMT: INFO (info): (hist.c:257)  (00: 0000000412) (01: 0000000028) (02: 0000000004) (08: 0000000043)
May 31 2019 04:47:32 GMT: INFO (info): (hist.c:240) histogram dump: {ns1}-write-restart (0 total) msec
May 31 2019 04:47:32 GMT: INFO (info): (hist.c:240) histogram dump: {ns1}-write-dup-res (0 total) msec
May 31 2019 04:47:32 GMT: INFO (info): (hist.c:240) histogram dump: {ns1}-write-master (487 total) msec
May 31 2019 04:47:32 GMT: INFO (info): (hist.c:266)  (00: 0000000487)
May 31 2019 04:47:32 GMT: INFO (info): (hist.c:240) histogram dump: {ns1}-write-repl-write (487 total) msec
May 31 2019 04:47:32 GMT: INFO (info): (hist.c:257)  (00: 0000000435) (01: 0000000029) (02: 0000000018) (03: 0000000005)
May 31 2019 04:47:32 GMT: INFO (info): (hist.c:240) histogram dump: {ns1}-write-response (487 total) msec
May 31 2019 04:47:32 GMT: INFO (info): (hist.c:266)  (00: 0000000487)
May 31 2019 04:47:32 GMT: INFO (info): (hist.c:240) histogram dump: {ns1}-proxy (0 total) msec
May 31 2019 04:47:32 GMT: INFO (info): (hist.c:240) histogram dump: {ns1}-device-read-size (0 total) bytes
May 31 2019 04:47:32 GMT: INFO (info): (hist.c:240) histogram dump: {ns1}-device-write-size (1000 total) bytes
May 31 2019 04:47:32 GMT: INFO (info): (hist.c:266)  (15: 0000001000)
May 31 2019 04:47:32 GMT: INFO (info): (hist.c:240) histogram dump: {ns1}-/opt/aerospike/data/ns1.dat-read (0 total) msec
May 31 2019 04:47:32 GMT: INFO (info): (hist.c:240) histogram dump: {ns1}-/opt/aerospike/data/ns1.dat-large-block-read (0 total) msec
May 31 2019 04:47:32 GMT: INFO (info): (hist.c:240) histogram dump: {ns1}-/opt/aerospike/data/ns1.dat-write (499 total) msec
May 31 2019 04:47:32 GMT: INFO (info): (hist.c:266)  (01: 0000000020) (02: 0000000472) (03: 0000000007)
May 31 2019 04:47:42 GMT: INFO (info): (ticker.c:162) NODE-ID bb95e259ff03202 CLUSTER-SIZE 2
May 31 2019 04:47:42 GMT: INFO (info): (ticker.c:243)    cluster-clock: skew-ms 0
May 31 2019 04:47:42 GMT: INFO (info): (ticker.c:270)    system-memory: free-kbytes 1907964 free-pct 93 heap-kbytes (101803,104436,192512) heap-efficiency-pct 52.9
May 31 2019 04:47:42 GMT: INFO (info): (ticker.c:282)    in-progress: tsvc-q 0 info-q 0 rw-hash 0 proxy-hash 0 tree-gc-q 0
May 31 2019 04:47:42 GMT: INFO (info): (ticker.c:303)    fds: proto (0,14,14) heartbeat (1,3,2) fabric (24,246,222)
May 31 2019 04:47:42 GMT: INFO (info): (ticker.c:311)    heartbeat-received: self 0 foreign 322
May 31 2019 04:47:42 GMT: INFO (info): (ticker.c:341)    fabric-bytes-per-second: bulk (0,0) ctrl (0,0) meta (0,0) rw (0,0)
May 31 2019 04:47:42 GMT: INFO (info): (hist.c:240) histogram dump: svc-demarshal (487 total) msec
May 31 2019 04:47:42 GMT: INFO (info): (hist.c:257)  (00: 0000000414) (01: 0000000026) (02: 0000000004) (08: 0000000043)
May 31 2019 04:47:42 GMT: INFO (info): (hist.c:240) histogram dump: svc-queue (487 total) msec
May 31 2019 04:47:42 GMT: INFO (info): (hist.c:266)  (00: 0000000487)
May 31 2019 04:47:42 GMT: INFO (info): (ticker.c:399) {ns1} objects: all 1000 master 487 prole 513 non-replica 0
May 31 2019 04:47:42 GMT: INFO (info): (ticker.c:457) {ns1} migrations: complete
May 31 2019 04:47:42 GMT: INFO (info): (ticker.c:484) {ns1} memory-usage: total-bytes 64000 index-bytes 64000 sindex-bytes 0 used-pct 0.06
May 31 2019 04:47:42 GMT: INFO (info): (ticker.c:545) {ns1} device-usage: used-bytes 30064000 avail-pct 97 cache-read-pct 0.00
May 31 2019 04:47:42 GMT: INFO (info): (ticker.c:595) {ns1} client: tsvc (0,0) proxy (0,0,0) read (0,0,0,0) write (487,0,0) delete (0,0,0,0) udf (0,0,0) lang (0,0,0,0)
May 31 2019 04:47:42 GMT: INFO (info): (hist.c:240) histogram dump: {ns1}-read-start (0 total) msec
May 31 2019 04:47:42 GMT: INFO (info): (hist.c:240) histogram dump: {ns1}-read-restart (0 total) msec
May 31 2019 04:47:42 GMT: INFO (info): (hist.c:240) histogram dump: {ns1}-read-dup-res (0 total) msec
May 31 2019 04:47:42 GMT: INFO (info): (hist.c:240) histogram dump: {ns1}-read-repl-ping (0 total) msec
May 31 2019 04:47:42 GMT: INFO (info): (hist.c:240) histogram dump: {ns1}-read-local (0 total) msec
May 31 2019 04:47:42 GMT: INFO (info): (hist.c:240) histogram dump: {ns1}-read-response (0 total) msec
May 31 2019 04:47:42 GMT: INFO (info): (hist.c:240) histogram dump: {ns1}-write (487 total) msec
May 31 2019 04:47:42 GMT: INFO (info): (hist.c:257)  (00: 0000000072) (01: 0000000330) (02: 0000000037) (03: 0000000005)
May 31 2019 04:47:42 GMT: INFO (info): (hist.c:266)  (08: 0000000043)
May 31 2019 04:47:42 GMT: INFO (info): (hist.c:240) histogram dump: {ns1}-write-start (487 total) msec
May 31 2019 04:47:42 GMT: INFO (info): (hist.c:257)  (00: 0000000412) (01: 0000000028) (02: 0000000004) (08: 0000000043)
May 31 2019 04:47:42 GMT: INFO (info): (hist.c:240) histogram dump: {ns1}-write-restart (0 total) msec
May 31 2019 04:47:42 GMT: INFO (info): (hist.c:240) histogram dump: {ns1}-write-dup-res (0 total) msec
May 31 2019 04:47:42 GMT: INFO (info): (hist.c:240) histogram dump: {ns1}-write-master (487 total) msec
May 31 2019 04:47:42 GMT: INFO (info): (hist.c:266)  (00: 0000000487)
May 31 2019 04:47:42 GMT: INFO (info): (hist.c:240) histogram dump: {ns1}-write-repl-write (487 total) msec
May 31 2019 04:47:42 GMT: INFO (info): (hist.c:257)  (00: 0000000435) (01: 0000000029) (02: 0000000018) (03: 0000000005)
May 31 2019 04:47:42 GMT: INFO (info): (hist.c:240) histogram dump: {ns1}-write-response (487 total) msec
May 31 2019 04:47:42 GMT: INFO (info): (hist.c:266)  (00: 0000000487)
May 31 2019 04:47:42 GMT: INFO (info): (hist.c:240) histogram dump: {ns1}-proxy (0 total) msec
May 31 2019 04:47:42 GMT: INFO (info): (hist.c:240) histogram dump: {ns1}-device-read-size (0 total) bytes
May 31 2019 04:47:42 GMT: INFO (info): (hist.c:240) histogram dump: {ns1}-device-write-size (1000 total) bytes
May 31 2019 04:47:42 GMT: INFO (info): (hist.c:266)  (15: 0000001000)
May 31 2019 04:47:42 GMT: INFO (info): (hist.c:240) histogram dump: {ns1}-/opt/aerospike/data/ns1.dat-read (0 total) msec
May 31 2019 04:47:42 GMT: INFO (info): (hist.c:240) histogram dump: {ns1}-/opt/aerospike/data/ns1.dat-large-block-read (0 total) msec
May 31 2019 04:47:42 GMT: INFO (info): (hist.c:240) histogram dump: {ns1}-/opt/aerospike/data/ns1.dat-write (500 total) msec
May 31 2019 04:47:42 GMT: INFO (info): (hist.c:266)  (01: 0000000020) (02: 0000000473) (03: 0000000007)
